number,value,datetime_start,datetime_complete,duration,params_hmm_components,params_hmm_favourable,params_hmm_gate,params_hmm_threshold,params_hmm_train_years,state
0,1.073042746576597,2026-04-03 17:13:57.038824,2026-04-03 17:13:59.590146,0 days 00:00:02.551322,4,3,threshold,0.9524791518535967,5.0,COMPLETE
1,0.45873154591757337,2026-04-03 17:13:59.590337,2026-04-03 17:14:00.116807,0 days 00:00:00.526470,6,1,threshold,0.8718392328470683,5.0,COMPLETE
2,2.2959268874963015,2026-04-03 17:14:00.116940,2026-04-03 17:14:00.346205,0 days 00:00:00.229265,2,1,threshold,0.9712646604084909,5.0,COMPLETE
3,0.8818650079297949,2026-04-03 17:14:00.346334,2026-04-03 17:14:00.875288,0 days 00:00:00.528954,6,4,threshold,0.8528818292014123,5.0,COMPLETE
4,0.39165899620714484,2026-04-03 17:14:00.875421,2026-04-03 17:14:01.603563,0 days 00:00:00.728142,8,6,threshold,0.8797274754949587,5.0,COMPLETE
5,3.2425325777508403,2026-04-03 17:14:01.603684,2026-04-03 17:14:01.871613,0 days 00:00:00.267929,3,1,threshold,0.8925939140143353,5.0,COMPLETE
6,0.1153669583859155,2026-04-03 17:14:01.871739,2026-04-03 17:14:02.274545,0 days 00:00:00.402806,5,2,threshold,0.8907720796277259,5.0,COMPLETE
7,0.45873154591757337,2026-04-03 17:14:02.274665,2026-04-03 17:14:02.791552,0 days 00:00:00.516887,6,1,threshold,0.8909002507949305,5.0,COMPLETE
8,0.9136269046684466,2026-04-03 17:14:02.791672,2026-04-03 17:14:03.170816,0 days 00:00:00.379144,4,2,threshold,0.9599246345950219,5.0,COMPLETE
9,0.9491435104707343,2026-04-03 17:14:03.170939,2026-04-03 17:14:03.438585,0 days 00:00:00.267646,3,2,threshold,0.9329380396406859,5.0,COMPLETE
10,1.5602502364370594,2026-04-03 17:14:03.438704,2026-04-03 17:14:03.695810,0 days 00:00:00.257106,2,1,threshold,0.9162658250036536,5.0,COMPLETE
11,2.4007351979982197,2026-04-03 17:14:03.695929,2026-04-03 17:14:03.924611,0 days 00:00:00.228682,2,1,threshold,0.9835770549835151,5.0,COMPLETE
12,2.6587161445698437,2026-04-03 17:14:03.924747,2026-04-03 17:14:04.194323,0 days 00:00:00.269576,3,1,threshold,0.9868808973971828,5.0,COMPLETE
13,2.118535095707499,2026-04-03 17:14:04.194441,2026-04-03 17:14:04.577849,0 days 00:00:00.383408,4,1,threshold,0.9211097109140426,5.0,COMPLETE
14,3.2425325777508403,2026-04-03 17:14:04.577968,2026-04-03 17:14:04.851144,0 days 00:00:00.273176,3,1,threshold,0.9077798260319446,5.0,COMPLETE
15,3.2425325777508403,2026-04-03 17:14:04.851279,2026-04-03 17:14:05.120375,0 days 00:00:00.269096,3,1,threshold,0.9077634109697621,5.0,COMPLETE
16,1.8754585524363647,2026-04-03 17:14:05.120494,2026-04-03 17:14:05.536755,0 days 00:00:00.416261,5,3,threshold,0.931939384862941,5.0,COMPLETE
17,0.39165899620714484,2026-04-03 17:14:05.536889,2026-04-03 17:14:06.263202,0 days 00:00:00.726313,8,7,threshold,0.9005154243685519,5.0,COMPLETE
18,2.736424002266911,2026-04-03 17:14:06.263326,2026-04-03 17:14:06.780069,0 days 00:00:00.516743,3,1,threshold,0.8613734763077577,5.0,COMPLETE
19,1.0728808007541084,2026-04-03 17:14:06.780214,2026-04-03 17:14:07.166711,0 days 00:00:00.386497,4,2,threshold,0.9402712350409815,5.0,COMPLETE
20,0.25541458003742445,2026-04-03 17:14:07.166836,2026-04-03 17:14:07.799580,0 days 00:00:00.632744,7,4,threshold,0.8893095603814022,5.0,COMPLETE
21,3.2425325777508403,2026-04-03 17:14:07.799703,2026-04-03 17:14:08.067235,0 days 00:00:00.267532,3,1,threshold,0.910676218595372,5.0,COMPLETE
22,3.2425325777508403,2026-04-03 17:14:08.067353,2026-04-03 17:14:08.331772,0 days 00:00:00.264419,3,1,threshold,0.9052693512113678,5.0,COMPLETE
23,1.3772751443260494,2026-04-03 17:14:08.331910,2026-04-03 17:14:08.561981,0 days 00:00:00.230071,2,1,threshold,0.8759363635137718,5.0,COMPLETE
24,2.118535095707499,2026-04-03 17:14:08.562100,2026-04-03 17:14:08.943791,0 days 00:00:00.381691,4,2,threshold,0.9243573642492044,5.0,COMPLETE
25,3.2425325777508403,2026-04-03 17:14:08.943913,2026-04-03 17:14:09.207396,0 days 00:00:00.263483,3,1,threshold,0.8984691065641408,5.0,COMPLETE
26,1.5602502364370594,2026-04-03 17:14:09.207518,2026-04-03 17:14:09.471244,0 days 00:00:00.263726,2,1,threshold,0.90986681007917,5.0,COMPLETE
27,0.45873154591757337,2026-04-03 17:14:09.471371,2026-04-03 17:14:09.878445,0 days 00:00:00.407074,5,2,threshold,0.8827401802477296,5.0,COMPLETE
28,2.78906709331031,2026-04-03 17:14:09.878568,2026-04-03 17:14:10.258498,0 days 00:00:00.379930,4,1,threshold,0.8698217938313292,5.0,COMPLETE
29,3.497013291398544,2026-04-03 17:14:10.258620,2026-04-03 17:14:10.521626,0 days 00:00:00.263006,3,1,threshold,0.9395255852779228,5.0,COMPLETE
30,1.1939779666604444,2026-04-03 17:14:10.521745,2026-04-03 17:14:10.902794,0 days 00:00:00.381049,4,2,threshold,0.9510057987911626,5.0,COMPLETE
31,3.497013291398544,2026-04-03 17:14:10.902920,2026-04-03 17:14:11.166391,0 days 00:00:00.263471,3,1,threshold,0.9426653703696833,5.0,COMPLETE
32,3.497013291398544,2026-04-03 17:14:11.166507,2026-04-03 17:14:11.434195,0 days 00:00:00.267688,3,1,threshold,0.9471939318820415,5.0,COMPLETE
33,2.2959268874963015,2026-04-03 17:14:11.434314,2026-04-03 17:14:11.659767,0 days 00:00:00.225453,2,1,threshold,0.9492411983635514,5.0,COMPLETE
34,3.9097306747892144,2026-04-03 17:14:11.659890,2026-04-03 17:14:11.927820,0 days 00:00:00.267930,3,1,threshold,0.9639591187808965,5.0,COMPLETE
35,2.2959268874963015,2026-04-03 17:14:11.927940,2026-04-03 17:14:12.155964,0 days 00:00:00.228024,2,1,threshold,0.9676973473202096,5.0,COMPLETE
36,1.2256849544288853,2026-04-03 17:14:12.156086,2026-04-03 17:14:12.534916,0 days 00:00:00.378830,4,1,threshold,0.9417369443432143,5.0,COMPLETE
37,3.9097306747892144,2026-04-03 17:14:12.535036,2026-04-03 17:14:12.805378,0 days 00:00:00.270342,3,1,threshold,0.9616238493441518,5.0,COMPLETE
38,1.1547423862425639,2026-04-03 17:14:12.805509,2026-04-03 17:14:13.213749,0 days 00:00:00.408240,5,3,threshold,0.9604158233565215,5.0,COMPLETE
39,2.242206063206293,2026-04-03 17:14:13.213871,2026-04-03 17:14:13.438744,0 days 00:00:00.224873,2,1,threshold,0.9761374361634616,5.0,COMPLETE
40,1.154335757057037,2026-04-03 17:14:13.438864,2026-04-03 17:14:13.971776,0 days 00:00:00.532912,6,4,threshold,0.9583532282774659,5.0,COMPLETE
41,3.497013291398544,2026-04-03 17:14:13.971897,2026-04-03 17:14:14.268975,0 days 00:00:00.297078,3,1,threshold,0.9439150827740893,5.0,COMPLETE
42,3.9097306747892144,2026-04-03 17:14:14.269101,2026-04-03 17:14:14.535977,0 days 00:00:00.266876,3,1,threshold,0.9661630864640921,5.0,COMPLETE
43,0.1909787972484628,2026-04-03 17:14:14.536098,2026-04-03 17:14:14.923355,0 days 00:00:00.387257,4,1,threshold,0.970757459857785,5.0,COMPLETE
44,3.9097306747892144,2026-04-03 17:14:14.923488,2026-04-03 17:14:15.189712,0 days 00:00:00.266224,3,1,threshold,0.9641451779008253,5.0,COMPLETE
45,2.4007351979982197,2026-04-03 17:14:15.189833,2026-04-03 17:14:15.418300,0 days 00:00:00.228467,2,1,threshold,0.9802751419545875,5.0,COMPLETE
46,3.9097306747892144,2026-04-03 17:14:15.418418,2026-04-03 17:14:15.681863,0 days 00:00:00.263445,3,1,threshold,0.9646650994459621,5.0,COMPLETE
47,0.1909787972484628,2026-04-03 17:14:15.681982,2026-04-03 17:14:16.064073,0 days 00:00:00.382091,4,2,threshold,0.965577605221829,5.0,COMPLETE
48,3.9097306747892144,2026-04-03 17:14:16.064194,2026-04-03 17:14:16.334630,0 days 00:00:00.270436,3,1,threshold,0.9595437791639199,5.0,COMPLETE
49,2.6016723926033154,2026-04-03 17:14:16.334753,2026-04-03 17:14:16.560858,0 days 00:00:00.226105,2,1,threshold,0.9898729013680425,5.0,COMPLETE
50,0.24785364816787475,2026-04-03 17:14:16.560977,2026-04-03 17:14:16.946094,0 days 00:00:00.385117,4,2,threshold,0.9746036548593776,5.0,COMPLETE
51,3.9097306747892144,2026-04-03 17:14:16.946226,2026-04-03 17:14:17.211264,0 days 00:00:00.265038,3,1,threshold,0.9605091507813449,5.0,COMPLETE
52,3.9097306747892144,2026-04-03 17:14:17.211381,2026-04-03 17:14:17.478314,0 days 00:00:00.266933,3,1,threshold,0.9548502410298937,5.0,COMPLETE
53,3.9097306747892144,2026-04-03 17:14:17.478433,2026-04-03 17:14:17.745402,0 days 00:00:00.266969,3,1,threshold,0.965151668594817,5.0,COMPLETE
54,3.777936207955718,2026-04-03 17:14:17.745528,2026-04-03 17:14:18.012475,0 days 00:00:00.266947,3,1,threshold,0.9796839820982846,5.0,COMPLETE
55,3.9097306747892144,2026-04-03 17:14:18.012599,2026-04-03 17:14:18.278060,0 days 00:00:00.265461,3,1,threshold,0.9546317893067076,5.0,COMPLETE
56,2.2959268874963015,2026-04-03 17:14:18.278181,2026-04-03 17:14:18.504751,0 days 00:00:00.226570,2,1,threshold,0.9696218372669977,5.0,COMPLETE
57,0.4902071358061948,2026-04-03 17:14:18.504871,2026-04-03 17:14:19.140602,0 days 00:00:00.635731,7,2,threshold,0.9343731296396101,5.0,COMPLETE
58,0.9136269046684466,2026-04-03 17:14:19.140721,2026-04-03 17:14:19.579173,0 days 00:00:00.438452,4,1,threshold,0.9629733909954545,5.0,COMPLETE
59,0.24785364816787475,2026-04-03 17:14:19.579321,2026-04-03 17:14:20.048765,0 days 00:00:00.469444,4,1,threshold,0.9748469115356379,5.0,COMPLETE
60,2.794655615298383,2026-04-03 17:14:20.048907,2026-04-03 17:14:20.335462,0 days 00:00:00.286555,3,1,threshold,0.9848231508532431,5.0,COMPLETE
61,3.9097306747892144,2026-04-03 17:14:20.335605,2026-04-03 17:14:20.646758,0 days 00:00:00.311153,3,1,threshold,0.9577254273585158,5.0,COMPLETE
62,3.9097306747892144,2026-04-03 17:14:20.646892,2026-04-03 17:14:21.028232,0 days 00:00:00.381340,3,1,threshold,0.9610708315870716,5.0,COMPLETE
63,2.2959268874963015,2026-04-03 17:14:21.028371,2026-04-03 17:14:21.295021,0 days 00:00:00.266650,2,1,threshold,0.9690936263118547,5.0,COMPLETE
64,3.9097306747892144,2026-04-03 17:14:21.295163,2026-04-03 17:14:21.597651,0 days 00:00:00.302488,3,1,threshold,0.954727438484191,5.0,COMPLETE
65,3.741028943521305,2026-04-03 17:14:21.597788,2026-04-03 17:14:21.915654,0 days 00:00:00.317866,3,1,threshold,0.9745172174081527,5.0,COMPLETE
66,3.777936207955718,2026-04-03 17:14:21.915785,2026-04-03 17:14:22.204703,0 days 00:00:00.288918,3,1,threshold,0.9808508213766491,5.0,COMPLETE
67,2.2959268874963015,2026-04-03 17:14:22.204827,2026-04-03 17:14:22.442313,0 days 00:00:00.237486,2,1,threshold,0.9648359992252827,5.0,COMPLETE
68,1.1939779666604444,2026-04-03 17:14:22.442454,2026-04-03 17:14:22.827745,0 days 00:00:00.385291,4,1,threshold,0.9478729433963655,5.0,COMPLETE
69,3.497013291398544,2026-04-03 17:14:22.827876,2026-04-03 17:14:23.132050,0 days 00:00:00.304174,3,1,threshold,0.9367301193260426,5.0,COMPLETE
70,3.4882903870770385,2026-04-03 17:14:23.132192,2026-04-03 17:14:23.448384,0 days 00:00:00.316192,3,1,threshold,0.9526196524130763,5.0,COMPLETE
71,3.9097306747892144,2026-04-03 17:14:23.448510,2026-04-03 17:14:23.719160,0 days 00:00:00.270650,3,1,threshold,0.9588126241408396,5.0,COMPLETE
72,3.9097306747892144,2026-04-03 17:14:23.719277,2026-04-03 17:14:23.993563,0 days 00:00:00.274286,3,1,threshold,0.9561094253584592,5.0,COMPLETE
73,3.497013291398544,2026-04-03 17:14:23.993683,2026-04-03 17:14:24.434161,0 days 00:00:00.440478,3,1,threshold,0.9296258663927015,5.0,COMPLETE
74,0.9136269046684466,2026-04-03 17:14:24.434301,2026-04-03 17:14:24.847997,0 days 00:00:00.413696,4,1,threshold,0.9631840504519791,5.0,COMPLETE
75,2.2959268874963015,2026-04-03 17:14:24.848143,2026-04-03 17:14:25.094586,0 days 00:00:00.246443,2,1,threshold,0.971578946034957,5.0,COMPLETE
76,3.497013291398544,2026-04-03 17:14:25.094718,2026-04-03 17:14:25.374383,0 days 00:00:00.279665,3,1,threshold,0.9462363878840574,5.0,COMPLETE
77,3.4882903870770385,2026-04-03 17:14:25.374516,2026-04-03 17:14:25.643649,0 days 00:00:00.269133,3,1,threshold,0.9517028780734987,5.0,COMPLETE
78,0.1909787972484628,2026-04-03 17:14:25.643776,2026-04-03 17:14:26.040957,0 days 00:00:00.397181,4,1,threshold,0.9670240397592181,5.0,COMPLETE
79,0.8360001010351843,2026-04-03 17:14:26.041082,2026-04-03 17:14:26.704497,0 days 00:00:00.663415,7,2,threshold,0.9598905525218182,5.0,COMPLETE
80,2.242206063206293,2026-04-03 17:14:26.704637,2026-04-03 17:14:26.951759,0 days 00:00:00.247122,2,1,threshold,0.9791772100470673,5.0,COMPLETE
81,3.9097306747892144,2026-04-03 17:14:26.951895,2026-04-03 17:14:27.229914,0 days 00:00:00.278019,3,1,threshold,0.9641390230757073,5.0,COMPLETE
82,3.741028943521305,2026-04-03 17:14:27.230044,2026-04-03 17:14:27.506746,0 days 00:00:00.276702,3,1,threshold,0.9713441240869436,5.0,COMPLETE
83,3.9097306747892144,2026-04-03 17:14:27.506879,2026-04-03 17:14:27.785573,0 days 00:00:00.278694,3,1,threshold,0.967052768804147,5.0,COMPLETE
84,3.4882903870770385,2026-04-03 17:14:27.785700,2026-04-03 17:14:28.059302,0 days 00:00:00.273602,3,1,threshold,0.9522630936988065,5.0,COMPLETE
85,3.9097306747892144,2026-04-03 17:14:28.059431,2026-04-03 17:14:28.331322,0 days 00:00:00.271891,3,1,threshold,0.9614612960429147,5.0,COMPLETE
86,2.2959268874963015,2026-04-03 17:14:28.331450,2026-04-03 17:14:28.568161,0 days 00:00:00.236711,2,1,threshold,0.9563894793065252,5.0,COMPLETE
87,3.741028943521305,2026-04-03 17:14:28.568290,2026-04-03 17:14:28.840959,0 days 00:00:00.272669,3,1,threshold,0.9721562057657773,5.0,COMPLETE
88,-0.003911665509993327,2026-04-03 17:14:28.841085,2026-04-03 17:14:29.227822,0 days 00:00:00.386737,4,1,threshold,0.9777472168614644,5.0,COMPLETE
89,3.497013291398544,2026-04-03 17:14:29.227948,2026-04-03 17:14:29.505032,0 days 00:00:00.277084,3,1,threshold,0.9451841721401788,5.0,COMPLETE
90,1.8754585524363647,2026-04-03 17:14:29.505162,2026-04-03 17:14:30.079472,0 days 00:00:00.574310,6,2,threshold,0.9494103820861608,5.0,COMPLETE
91,3.9097306747892144,2026-04-03 17:14:30.079600,2026-04-03 17:14:30.346698,0 days 00:00:00.267098,3,1,threshold,0.9557770453738937,5.0,COMPLETE
92,3.9097306747892144,2026-04-03 17:14:30.346845,2026-04-03 17:14:30.624624,0 days 00:00:00.277779,3,1,threshold,0.9536397620380368,5.0,COMPLETE
93,3.9097306747892144,2026-04-03 17:14:30.624755,2026-04-03 17:14:30.901356,0 days 00:00:00.276601,3,1,threshold,0.966613100797167,5.0,COMPLETE
94,3.9097306747892144,2026-04-03 17:14:30.901504,2026-04-03 17:14:31.189900,0 days 00:00:00.288396,3,1,threshold,0.9616930736533881,5.0,COMPLETE
95,3.9097306747892144,2026-04-03 17:14:31.190030,2026-04-03 17:14:31.462747,0 days 00:00:00.272717,3,1,threshold,0.9583562715698216,5.0,COMPLETE
96,-0.003911665509993327,2026-04-03 17:14:31.462874,2026-04-03 17:14:31.845790,0 days 00:00:00.382916,4,1,threshold,0.982893711887376,5.0,COMPLETE
97,2.2959268874963015,2026-04-03 17:14:31.845919,2026-04-03 17:14:32.077957,0 days 00:00:00.232038,2,1,threshold,0.9689640037917869,5.0,COMPLETE
98,3.741028943521305,2026-04-03 17:14:32.078073,2026-04-03 17:14:32.346351,0 days 00:00:00.268278,3,1,threshold,0.9734451807426879,5.0,COMPLETE
99,3.9097306747892144,2026-04-03 17:14:32.346483,2026-04-03 17:14:32.613598,0 days 00:00:00.267115,3,1,threshold,0.9642462182643939,5.0,COMPLETE
100,-0.03730252997415664,2026-04-03 17:14:32.613721,2026-04-03 17:14:33.001763,0 days 00:00:00.388042,4,1,threshold,0.9769013773458765,5.0,COMPLETE
101,3.9097306747892144,2026-04-03 17:14:33.001883,2026-04-03 17:14:33.271303,0 days 00:00:00.269420,3,1,threshold,0.9575410485618924,5.0,COMPLETE
102,3.4882903870770385,2026-04-03 17:14:33.271424,2026-04-03 17:14:33.542126,0 days 00:00:00.270702,3,1,threshold,0.9496015112815488,5.0,COMPLETE
103,3.9097306747892144,2026-04-03 17:14:33.542246,2026-04-03 17:14:33.807519,0 days 00:00:00.265273,3,1,threshold,0.9546459923434731,5.0,COMPLETE
104,3.9097306747892144,2026-04-03 17:14:33.807642,2026-04-03 17:14:34.076710,0 days 00:00:00.269068,3,1,threshold,0.961609111792507,5.0,COMPLETE
105,3.9097306747892144,2026-04-03 17:14:34.076833,2026-04-03 17:14:34.382225,0 days 00:00:00.305392,3,1,threshold,0.9650083672715827,5.0,COMPLETE
106,3.9097306747892144,2026-04-03 17:14:34.382355,2026-04-03 17:14:34.649501,0 days 00:00:00.267146,3,1,threshold,0.957926936226093,5.0,COMPLETE
107,3.497013291398544,2026-04-03 17:14:34.649620,2026-04-03 17:14:34.921118,0 days 00:00:00.271498,3,1,threshold,0.9411990578059634,5.0,COMPLETE
108,2.2959268874963015,2026-04-03 17:14:34.921254,2026-04-03 17:14:35.162084,0 days 00:00:00.240830,2,1,threshold,0.9691350773258289,5.0,COMPLETE
109,0.9136269046684466,2026-04-03 17:14:35.162206,2026-04-03 17:14:35.545870,0 days 00:00:00.383664,4,1,threshold,0.960460950124517,5.0,COMPLETE
110,3.2375172857931034,2026-04-03 17:14:35.545988,2026-04-03 17:14:35.815938,0 days 00:00:00.269950,3,1,threshold,0.9152337914893515,5.0,COMPLETE
111,3.9097306747892144,2026-04-03 17:14:35.816063,2026-04-03 17:14:36.086095,0 days 00:00:00.270032,3,1,threshold,0.9627634267149522,5.0,COMPLETE
112,3.9097306747892144,2026-04-03 17:14:36.086214,2026-04-03 17:14:36.361237,0 days 00:00:00.275023,3,1,threshold,0.9665110169169444,5.0,COMPLETE
113,3.9097306747892144,2026-04-03 17:14:36.361360,2026-04-03 17:14:36.625262,0 days 00:00:00.263902,3,1,threshold,0.9543408909068265,5.0,COMPLETE
114,3.9097306747892144,2026-04-03 17:14:36.625379,2026-04-03 17:14:36.894062,0 days 00:00:00.268683,3,1,threshold,0.9592003373536679,5.0,COMPLETE
115,3.4882903870770385,2026-04-03 17:14:36.894185,2026-04-03 17:14:37.161870,0 days 00:00:00.267685,3,1,threshold,0.950419331848415,5.0,COMPLETE
116,3.741028943521305,2026-04-03 17:14:37.161992,2026-04-03 17:14:37.427264,0 days 00:00:00.265272,3,1,threshold,0.9704998676650238,5.0,COMPLETE
117,2.2959268874963015,2026-04-03 17:14:37.427392,2026-04-03 17:14:37.654961,0 days 00:00:00.227569,2,1,threshold,0.9629686590331151,5.0,COMPLETE
118,3.497013291398544,2026-04-03 17:14:37.655084,2026-04-03 17:14:37.922823,0 days 00:00:00.267739,3,1,threshold,0.9465447789625108,5.0,COMPLETE
119,3.741028943521305,2026-04-03 17:14:37.922950,2026-04-03 17:14:38.186081,0 days 00:00:00.263131,3,1,threshold,0.9735339568769634,5.0,COMPLETE
120,0.4217306989996287,2026-04-03 17:14:38.186204,2026-04-03 17:14:38.911391,0 days 00:00:00.725187,8,6,threshold,0.9678469072065415,5.0,COMPLETE
121,3.9097306747892144,2026-04-03 17:14:38.911517,2026-04-03 17:14:39.175676,0 days 00:00:00.264159,3,1,threshold,0.9530982558371542,5.0,COMPLETE
122,3.9097306747892144,2026-04-03 17:14:39.175801,2026-04-03 17:14:39.478572,0 days 00:00:00.302771,3,1,threshold,0.9557519515708242,5.0,COMPLETE
123,3.9097306747892144,2026-04-03 17:14:39.478695,2026-04-03 17:14:39.743334,0 days 00:00:00.264639,3,1,threshold,0.9608523611364151,5.0,COMPLETE
124,2.736424002266911,2026-04-03 17:14:39.743462,2026-04-03 17:14:40.010289,0 days 00:00:00.266827,3,1,threshold,0.8514391125464321,5.0,COMPLETE
125,3.9097306747892144,2026-04-03 17:14:40.010415,2026-04-03 17:14:40.277699,0 days 00:00:00.267284,3,1,threshold,0.9576163269834755,5.0,COMPLETE
126,0.1909787972484628,2026-04-03 17:14:40.277820,2026-04-03 17:14:40.659150,0 days 00:00:00.381330,4,1,threshold,0.9645383747208215,5.0,COMPLETE
127,3.4882903870770385,2026-04-03 17:14:40.659269,2026-04-03 17:14:40.923169,0 days 00:00:00.263900,3,1,threshold,0.9517271800937488,5.0,COMPLETE
128,2.736424002266911,2026-04-03 17:14:40.923292,2026-04-03 17:14:41.194098,0 days 00:00:00.270806,3,1,threshold,0.856909217756135,5.0,COMPLETE
129,1.5605959498300654,2026-04-03 17:14:41.194237,2026-04-03 17:14:41.433466,0 days 00:00:00.239229,2,1,threshold,0.9377183918291679,5.0,COMPLETE
130,0.13087256030870775,2026-04-03 17:14:41.433605,2026-04-03 17:14:41.857398,0 days 00:00:00.423793,5,2,threshold,0.9552402826034581,5.0,COMPLETE
131,3.9097306747892144,2026-04-03 17:14:41.857537,2026-04-03 17:14:42.123425,0 days 00:00:00.265888,3,1,threshold,0.9598078777217379,5.0,COMPLETE
132,3.9097306747892144,2026-04-03 17:14:42.123546,2026-04-03 17:14:42.388470,0 days 00:00:00.264924,3,1,threshold,0.9580261136750648,5.0,COMPLETE
133,3.9097306747892144,2026-04-03 17:14:42.388590,2026-04-03 17:14:42.652546,0 days 00:00:00.263956,3,1,threshold,0.9658442515660183,5.0,COMPLETE
134,3.9097306747892144,2026-04-03 17:14:42.652671,2026-04-03 17:14:42.920429,0 days 00:00:00.267758,3,1,threshold,0.9626104070411015,5.0,COMPLETE
135,3.4976545919093915,2026-04-03 17:14:42.920554,2026-04-03 17:14:43.185827,0 days 00:00:00.265273,3,1,threshold,0.9481312811224952,5.0,COMPLETE
136,3.741028943521305,2026-04-03 17:14:43.185944,2026-04-03 17:14:43.454747,0 days 00:00:00.268803,3,1,threshold,0.9716382422406965,5.0,COMPLETE
137,3.9097306747892144,2026-04-03 17:14:43.454875,2026-04-03 17:14:43.755101,0 days 00:00:00.300226,3,1,threshold,0.95980417512497,5.0,COMPLETE
138,3.9097306747892144,2026-04-03 17:14:43.755234,2026-04-03 17:14:44.024422,0 days 00:00:00.269188,3,1,threshold,0.9673351973632816,5.0,COMPLETE
139,3.497013291398544,2026-04-03 17:14:44.024542,2026-04-03 17:14:44.292153,0 days 00:00:00.267611,3,1,threshold,0.9255714016385614,5.0,COMPLETE
140,3.9097306747892144,2026-04-03 17:14:44.292274,2026-04-03 17:14:44.558998,0 days 00:00:00.266724,3,1,threshold,0.9534435922275136,5.0,COMPLETE
141,3.9097306747892144,2026-04-03 17:14:44.559119,2026-04-03 17:14:44.825752,0 days 00:00:00.266633,3,1,threshold,0.9564640932182948,5.0,COMPLETE
142,3.9097306747892144,2026-04-03 17:14:44.825875,2026-04-03 17:14:45.094996,0 days 00:00:00.269121,3,1,threshold,0.9634784465904752,5.0,COMPLETE
143,3.9097306747892144,2026-04-03 17:14:45.095119,2026-04-03 17:14:45.362495,0 days 00:00:00.267376,3,1,threshold,0.9575342586832895,5.0,COMPLETE
144,3.9097306747892144,2026-04-03 17:14:45.362622,2026-04-03 17:14:45.631244,0 days 00:00:00.268622,3,1,threshold,0.9549538225138596,5.0,COMPLETE
145,3.4882903870770385,2026-04-03 17:14:45.631372,2026-04-03 17:14:45.897599,0 days 00:00:00.266227,3,1,threshold,0.9505437148178152,5.0,COMPLETE
146,1.2256849544288853,2026-04-03 17:14:45.897729,2026-04-03 17:14:46.283289,0 days 00:00:00.385560,4,1,threshold,0.9434515078765535,5.0,COMPLETE
147,3.9097306747892144,2026-04-03 17:14:46.283417,2026-04-03 17:14:46.570826,0 days 00:00:00.287409,3,1,threshold,0.9618128511179284,5.0,COMPLETE
148,3.9097306747892144,2026-04-03 17:14:46.570961,2026-04-03 17:14:46.846662,0 days 00:00:00.275701,3,1,threshold,0.9695113211520001,5.0,COMPLETE
