number,value,datetime_start,datetime_complete,duration,params_hmm_components,params_hmm_favourable,params_hmm_gate,params_hmm_threshold,params_hmm_train_years,state
0,3.0639201543806265,2026-04-03 17:17:23.147529,2026-04-03 17:17:24.753761,0 days 00:00:01.606232,4,3,threshold,0.9524791518535967,5.0,COMPLETE
1,0.5460502887034235,2026-04-03 17:17:24.753943,2026-04-03 17:17:25.243272,0 days 00:00:00.489329,6,1,threshold,0.8718392328470683,5.0,COMPLETE
2,2.585224073285397,2026-04-03 17:17:25.243397,2026-04-03 17:17:25.457743,0 days 00:00:00.214346,2,1,threshold,0.9712646604084909,5.0,COMPLETE
3,0.2525185190572665,2026-04-03 17:17:25.457868,2026-04-03 17:17:25.943279,0 days 00:00:00.485411,6,4,threshold,0.8528818292014123,5.0,COMPLETE
4,2.8686555151859503,2026-04-03 17:17:25.943412,2026-04-03 17:17:26.501453,0 days 00:00:00.558041,8,6,threshold,0.8797274754949587,5.0,COMPLETE
5,0.39857050721666015,2026-04-03 17:17:26.501666,2026-04-03 17:17:26.787013,0 days 00:00:00.285347,3,1,threshold,0.8925939140143353,5.0,COMPLETE
6,-0.3660709376236191,2026-04-03 17:17:26.787136,2026-04-03 17:17:27.189021,0 days 00:00:00.401885,5,2,threshold,0.8907720796277259,5.0,COMPLETE
7,0.5460502887034235,2026-04-03 17:17:27.189142,2026-04-03 17:17:27.672510,0 days 00:00:00.483368,6,1,threshold,0.8909002507949305,5.0,COMPLETE
8,0.6751855873767489,2026-04-03 17:17:27.672632,2026-04-03 17:17:28.012271,0 days 00:00:00.339639,4,2,threshold,0.9599246345950219,5.0,COMPLETE
9,-1.443652626886993,2026-04-03 17:17:28.012391,2026-04-03 17:17:28.291873,0 days 00:00:00.279482,3,2,threshold,0.9329380396406859,5.0,COMPLETE
10,1.2265534038400656,2026-04-03 17:17:28.291993,2026-04-03 17:17:28.841883,0 days 00:00:00.549890,8,5,threshold,0.9329310120503098,5.0,COMPLETE
11,3.2875862318818254,2026-04-03 17:17:28.842007,2026-04-03 17:17:29.422786,0 days 00:00:00.580779,8,7,threshold,0.9526477682166329,5.0,COMPLETE
12,-0.11227530905748426,2026-04-03 17:17:29.422909,2026-04-03 17:17:29.961088,0 days 00:00:00.538179,7,4,threshold,0.9839051204322998,5.0,COMPLETE
13,3.0639201543806265,2026-04-03 17:17:29.961208,2026-04-03 17:17:30.301494,0 days 00:00:00.340286,4,3,threshold,0.9502299746989347,5.0,COMPLETE
14,1.9796408829632128,2026-04-03 17:17:30.301623,2026-04-03 17:17:30.778385,0 days 00:00:00.476762,5,3,threshold,0.9161799609321128,5.0,COMPLETE
15,2.3345680364275907,2026-04-03 17:17:30.778520,2026-04-03 17:17:31.321588,0 days 00:00:00.543068,7,6,threshold,0.9465858253251526,5.0,COMPLETE
16,0.6751855873767489,2026-04-03 17:17:31.321711,2026-04-03 17:17:31.674556,0 days 00:00:00.352845,4,2,threshold,0.9178473294578868,5.0,COMPLETE
17,4.044219331120301,2026-04-03 17:17:31.674679,2026-04-03 17:17:31.886160,0 days 00:00:00.211481,2,1,threshold,0.9888489432608387,5.0,COMPLETE
18,4.044219331120301,2026-04-03 17:17:31.886290,2026-04-03 17:17:32.129080,0 days 00:00:00.242790,2,1,threshold,0.9887666024227926,5.0,COMPLETE
19,4.044219331120301,2026-04-03 17:17:32.129226,2026-04-03 17:17:32.357635,0 days 00:00:00.228409,2,1,threshold,0.9893994498415523,5.0,COMPLETE
20,2.585224073285397,2026-04-03 17:17:32.357762,2026-04-03 17:17:32.606205,0 days 00:00:00.248443,2,1,threshold,0.9708475154392443,5.0,COMPLETE
21,4.044219331120301,2026-04-03 17:17:32.606551,2026-04-03 17:17:33.198206,0 days 00:00:00.591655,2,1,threshold,0.9899107414098172,5.0,COMPLETE
22,0.7714894370678521,2026-04-03 17:17:33.198846,2026-04-03 17:17:33.752897,0 days 00:00:00.554051,3,1,threshold,0.9774351717794574,5.0,COMPLETE
23,4.044219331120301,2026-04-03 17:17:33.753043,2026-04-03 17:17:34.093862,0 days 00:00:00.340819,2,1,threshold,0.9898820777437951,5.0,COMPLETE
24,0.7714894370678521,2026-04-03 17:17:34.094495,2026-04-03 17:17:34.473888,0 days 00:00:00.379393,3,1,threshold,0.9668154949522758,5.0,COMPLETE
25,3.3884182628294366,2026-04-03 17:17:34.474021,2026-04-03 17:17:34.709366,0 days 00:00:00.235345,2,1,threshold,0.9802876317904675,5.0,COMPLETE
26,0.7714894370678521,2026-04-03 17:17:34.709495,2026-04-03 17:17:35.010506,0 days 00:00:00.301011,3,1,threshold,0.9614125176530384,5.0,COMPLETE
27,3.3884182628294366,2026-04-03 17:17:35.010636,2026-04-03 17:17:35.238069,0 days 00:00:00.227433,2,1,threshold,0.9772494325804817,5.0,COMPLETE
28,0.39857050721666015,2026-04-03 17:17:35.238193,2026-04-03 17:17:35.612472,0 days 00:00:00.374279,3,1,threshold,0.9368487174888885,5.0,COMPLETE
29,2.4061043892142626,2026-04-03 17:17:35.612617,2026-04-03 17:17:35.877121,0 days 00:00:00.264504,2,1,threshold,0.9066669581865759,5.0,COMPLETE
30,0.6751855873767489,2026-04-03 17:17:35.877263,2026-04-03 17:17:36.280046,0 days 00:00:00.402783,4,2,threshold,0.9637239560770166,5.0,COMPLETE
31,3.3884182628294366,2026-04-03 17:17:36.280176,2026-04-03 17:17:36.530614,0 days 00:00:00.250438,2,1,threshold,0.9819553254360784,5.0,COMPLETE
32,4.044219331120301,2026-04-03 17:17:36.530753,2026-04-03 17:17:36.776350,0 days 00:00:00.245597,2,1,threshold,0.9894482851723635,5.0,COMPLETE
33,0.7714894370678521,2026-04-03 17:17:36.776478,2026-04-03 17:17:37.053795,0 days 00:00:00.277317,3,1,threshold,0.989548041605489,5.0,COMPLETE
34,3.3884182628294366,2026-04-03 17:17:37.053919,2026-04-03 17:17:37.289349,0 days 00:00:00.235430,2,1,threshold,0.9756099802067811,5.0,COMPLETE
35,2.585224073285397,2026-04-03 17:17:37.289482,2026-04-03 17:17:37.544376,0 days 00:00:00.254894,2,1,threshold,0.9718879201612716,5.0,COMPLETE
36,0.7714894370678521,2026-04-03 17:17:37.544518,2026-04-03 17:17:37.948290,0 days 00:00:00.403772,3,1,threshold,0.9574528801922858,5.0,COMPLETE
37,3.3884182628294366,2026-04-03 17:17:37.948514,2026-04-03 17:17:38.214001,0 days 00:00:00.265487,2,1,threshold,0.9825915863029386,5.0,COMPLETE
38,0.6751855873767489,2026-04-03 17:17:38.214129,2026-04-03 17:17:38.567617,0 days 00:00:00.353488,4,2,threshold,0.9683741085986809,5.0,COMPLETE
39,0.39857050721666015,2026-04-03 17:17:38.567749,2026-04-03 17:17:39.023766,0 days 00:00:00.456017,3,1,threshold,0.9420335565855651,5.0,COMPLETE
40,2.4061043892142626,2026-04-03 17:17:39.023962,2026-04-03 17:17:39.531366,0 days 00:00:00.507404,2,1,threshold,0.863743844050862,5.0,COMPLETE
41,3.3884182628294366,2026-04-03 17:17:39.531646,2026-04-03 17:17:39.822609,0 days 00:00:00.290963,2,1,threshold,0.9855220116754324,5.0,COMPLETE
42,4.044219331120301,2026-04-03 17:17:39.822740,2026-04-03 17:17:40.102560,0 days 00:00:00.279820,2,1,threshold,0.989751789718104,5.0,COMPLETE
43,0.7714894370678521,2026-04-03 17:17:40.102898,2026-04-03 17:17:40.397702,0 days 00:00:00.294804,3,1,threshold,0.9741352089203732,5.0,COMPLETE
44,4.044219331120301,2026-04-03 17:17:40.397859,2026-04-03 17:17:40.671247,0 days 00:00:00.273388,2,1,threshold,0.989883657441256,5.0,COMPLETE
45,0.7714894370678521,2026-04-03 17:17:40.672197,2026-04-03 17:17:41.247023,0 days 00:00:00.574826,3,1,threshold,0.9828653808306593,5.0,COMPLETE
46,3.3884182628294366,2026-04-03 17:17:41.247174,2026-04-03 17:17:41.501387,0 days 00:00:00.254213,2,1,threshold,0.9761486726326953,5.0,COMPLETE
47,0.500184455710245,2026-04-03 17:17:41.501530,2026-04-03 17:17:41.955697,0 days 00:00:00.454167,5,3,threshold,0.9554800110413804,5.0,COMPLETE
48,0.7714894370678521,2026-04-03 17:17:41.955863,2026-04-03 17:17:42.795906,0 days 00:00:00.840043,3,1,threshold,0.9663893175261736,5.0,COMPLETE
49,2.4061043892142626,2026-04-03 17:17:42.796046,2026-04-03 17:17:43.407682,0 days 00:00:00.611636,2,1,threshold,0.9012373985952947,5.0,COMPLETE
50,0.6573280432262837,2026-04-03 17:17:43.407826,2026-04-03 17:17:44.697691,0 days 00:00:01.289865,6,2,threshold,0.927816089761899,5.0,COMPLETE
51,4.044219331120301,2026-04-03 17:17:44.697866,2026-04-03 17:17:44.958420,0 days 00:00:00.260554,2,1,threshold,0.9893343879484432,5.0,COMPLETE
52,3.3884182628294366,2026-04-03 17:17:44.958549,2026-04-03 17:17:45.181622,0 days 00:00:00.223073,2,1,threshold,0.984522796370606,5.0,COMPLETE
53,3.3884182628294366,2026-04-03 17:17:45.181743,2026-04-03 17:17:45.393883,0 days 00:00:00.212140,2,1,threshold,0.9803621257980256,5.0,COMPLETE
54,0.7714894370678521,2026-04-03 17:17:45.394007,2026-04-03 17:17:45.678491,0 days 00:00:00.284484,3,1,threshold,0.9713429082995263,5.0,COMPLETE
55,-0.0957112359455932,2026-04-03 17:17:45.678613,2026-04-03 17:17:46.219707,0 days 00:00:00.541094,7,2,threshold,0.9857313963341008,5.0,COMPLETE
56,3.3884182628294366,2026-04-03 17:17:46.219829,2026-04-03 17:17:46.440208,0 days 00:00:00.220379,2,1,threshold,0.9771258718683681,5.0,COMPLETE
57,0.7714894370678521,2026-04-03 17:17:46.440339,2026-04-03 17:17:46.719960,0 days 00:00:00.279621,3,1,threshold,0.9861191856748945,5.0,COMPLETE
58,3.3884182628294366,2026-04-03 17:17:46.720080,2026-04-03 17:17:46.935241,0 days 00:00:00.215161,2,1,threshold,0.9805661113228394,5.0,COMPLETE
59,2.585224073285397,2026-04-03 17:17:46.935369,2026-04-03 17:17:47.151410,0 days 00:00:00.216041,2,1,threshold,0.9626334525336407,5.0,COMPLETE
60,0.39857050721666015,2026-04-03 17:17:47.151554,2026-04-03 17:17:47.424445,0 days 00:00:00.272891,3,1,threshold,0.8798101394411091,5.0,COMPLETE
61,4.044219331120301,2026-04-03 17:17:47.424560,2026-04-03 17:17:47.635626,0 days 00:00:00.211066,2,1,threshold,0.9894099438601018,5.0,COMPLETE
62,4.044219331120301,2026-04-03 17:17:47.635752,2026-04-03 17:17:47.853665,0 days 00:00:00.217913,2,1,threshold,0.9896355898927317,5.0,COMPLETE
63,3.3884182628294366,2026-04-03 17:17:47.853814,2026-04-03 17:17:48.069996,0 days 00:00:00.216182,2,1,threshold,0.9785191568432018,5.0,COMPLETE
64,2.585224073285397,2026-04-03 17:17:48.070110,2026-04-03 17:17:48.292117,0 days 00:00:00.222007,2,1,threshold,0.9726094074688846,5.0,COMPLETE
65,0.7714894370678521,2026-04-03 17:17:48.292280,2026-04-03 17:17:48.710830,0 days 00:00:00.418550,3,1,threshold,0.9850922675458833,5.0,COMPLETE
66,3.3884182628294366,2026-04-03 17:17:48.710976,2026-04-03 17:17:48.960903,0 days 00:00:00.249927,2,1,threshold,0.9803761952775026,5.0,COMPLETE
67,2.585224073285397,2026-04-03 17:17:48.961043,2026-04-03 17:17:49.206769,0 days 00:00:00.245726,2,1,threshold,0.9661437349716574,5.0,COMPLETE
68,0.7714894370678521,2026-04-03 17:17:49.206903,2026-04-03 17:17:49.531671,0 days 00:00:00.324768,3,1,threshold,0.9862847694892747,5.0,COMPLETE
69,-0.3660709376236191,2026-04-03 17:17:49.531803,2026-04-03 17:17:50.065867,0 days 00:00:00.534064,5,2,threshold,0.9698235915924442,5.0,COMPLETE
70,3.3884182628294366,2026-04-03 17:17:50.066071,2026-04-03 17:17:50.418897,0 days 00:00:00.352826,2,1,threshold,0.9760954481417935,5.0,COMPLETE
71,4.044219331120301,2026-04-03 17:17:50.419060,2026-04-03 17:17:50.710237,0 days 00:00:00.291177,2,1,threshold,0.9890886185190417,5.0,COMPLETE
72,4.044219331120301,2026-04-03 17:17:50.710400,2026-04-03 17:17:50.963372,0 days 00:00:00.252972,2,1,threshold,0.9895737867056021,5.0,COMPLETE
73,3.3884182628294366,2026-04-03 17:17:50.963508,2026-04-03 17:17:51.227810,0 days 00:00:00.264302,2,1,threshold,0.9829150761111932,5.0,COMPLETE
74,2.4061043892142626,2026-04-03 17:17:51.227961,2026-04-03 17:17:51.996265,0 days 00:00:00.768304,2,1,threshold,0.8512693187209045,5.0,COMPLETE
75,0.7714894370678521,2026-04-03 17:17:51.997149,2026-04-03 17:17:52.577950,0 days 00:00:00.580801,3,1,threshold,0.9793134153610179,5.0,COMPLETE
76,3.3884182628294366,2026-04-03 17:17:52.578123,2026-04-03 17:17:52.944869,0 days 00:00:00.366746,2,1,threshold,0.9739674302092387,5.0,COMPLETE
77,3.3884182628294366,2026-04-03 17:17:52.945009,2026-04-03 17:17:53.186988,0 days 00:00:00.241979,2,1,threshold,0.9863041041992755,5.0,COMPLETE
78,0.7714894370678521,2026-04-03 17:17:53.187135,2026-04-03 17:17:53.493151,0 days 00:00:00.306016,3,1,threshold,0.9831126723810925,5.0,COMPLETE
79,2.351290896613544,2026-04-03 17:17:53.493278,2026-04-03 17:17:53.739183,0 days 00:00:00.245905,2,1,threshold,0.9229377659928948,5.0,COMPLETE
80,3.3884182628294366,2026-04-03 17:17:53.739317,2026-04-03 17:17:53.967539,0 days 00:00:00.228222,2,1,threshold,0.9784028170721816,5.0,COMPLETE
81,4.044219331120301,2026-04-03 17:17:53.967667,2026-04-03 17:17:54.194310,0 days 00:00:00.226643,2,1,threshold,0.9889889056668868,5.0,COMPLETE
82,4.044219331120301,2026-04-03 17:17:54.194450,2026-04-03 17:17:54.493791,0 days 00:00:00.299341,2,1,threshold,0.9897664848914169,5.0,COMPLETE
83,3.0807399519439063,2026-04-03 17:17:54.493921,2026-04-03 17:17:55.002389,0 days 00:00:00.508468,6,4,threshold,0.986021184021178,5.0,COMPLETE
84,3.3884182628294366,2026-04-03 17:17:55.002517,2026-04-03 17:17:55.272926,0 days 00:00:00.270409,2,1,threshold,0.982240752488613,5.0,COMPLETE
85,3.3884182628294366,2026-04-03 17:17:55.273075,2026-04-03 17:17:55.489072,0 days 00:00:00.215997,2,1,threshold,0.9866216672381329,5.0,COMPLETE
86,3.3884182628294366,2026-04-03 17:17:55.489195,2026-04-03 17:17:55.709093,0 days 00:00:00.219898,2,1,threshold,0.9741313619870183,5.0,COMPLETE
87,0.7714894370678521,2026-04-03 17:17:55.709221,2026-04-03 17:17:55.987344,0 days 00:00:00.278123,3,1,threshold,0.981875153492674,5.0,COMPLETE
88,3.3884182628294366,2026-04-03 17:17:55.987463,2026-04-03 17:17:56.211506,0 days 00:00:00.224043,2,1,threshold,0.9774405931381257,5.0,COMPLETE
89,-0.0957112359455932,2026-04-03 17:17:56.211631,2026-04-03 17:17:56.765233,0 days 00:00:00.553602,7,2,threshold,0.9838550265559294,5.0,COMPLETE
90,2.585224073285397,2026-04-03 17:17:56.765357,2026-04-03 17:17:56.975432,0 days 00:00:00.210075,2,1,threshold,0.968850716980053,5.0,COMPLETE
91,4.044219331120301,2026-04-03 17:17:56.975556,2026-04-03 17:17:57.193215,0 days 00:00:00.217659,2,1,threshold,0.9895623928280557,5.0,COMPLETE
92,3.3884182628294366,2026-04-03 17:17:57.193362,2026-04-03 17:17:57.423096,0 days 00:00:00.229734,2,1,threshold,0.9866346582951014,5.0,COMPLETE
93,2.4061043892142626,2026-04-03 17:17:57.423232,2026-04-03 17:17:57.633407,0 days 00:00:00.210175,2,1,threshold,0.9116335910934305,5.0,COMPLETE
94,3.3884182628294366,2026-04-03 17:17:57.633541,2026-04-03 17:17:58.098782,0 days 00:00:00.465241,2,1,threshold,0.9811571735294511,5.0,COMPLETE
95,4.044219331120301,2026-04-03 17:17:58.098951,2026-04-03 17:17:58.319684,0 days 00:00:00.220733,2,1,threshold,0.9899319016990076,5.0,COMPLETE
96,-0.051476411879819356,2026-04-03 17:17:58.319850,2026-04-03 17:17:58.919176,0 days 00:00:00.599326,8,5,threshold,0.9862578625769317,5.0,COMPLETE
97,0.39857050721666015,2026-04-03 17:17:58.919311,2026-04-03 17:17:59.204456,0 days 00:00:00.285145,3,1,threshold,0.8609071194118338,5.0,COMPLETE
98,3.3884182628294366,2026-04-03 17:17:59.204589,2026-04-03 17:17:59.415761,0 days 00:00:00.211172,2,1,threshold,0.9783830023221316,5.0,COMPLETE
99,0.7714894370678521,2026-04-03 17:17:59.415886,2026-04-03 17:17:59.710151,0 days 00:00:00.294265,3,1,threshold,0.983476867503245,5.0,COMPLETE
100,3.3884182628294366,2026-04-03 17:17:59.710274,2026-04-03 17:17:59.978459,0 days 00:00:00.268185,2,1,threshold,0.9743693912955955,5.0,COMPLETE
101,4.044219331120301,2026-04-03 17:17:59.978605,2026-04-03 17:18:00.556689,0 days 00:00:00.578084,2,1,threshold,0.9879211868198717,5.0,COMPLETE
102,3.3884182628294366,2026-04-03 17:18:00.556928,2026-04-03 17:18:01.311697,0 days 00:00:00.754769,2,1,threshold,0.9837860788782015,5.0,COMPLETE
103,4.044219331120301,2026-04-03 17:18:01.312007,2026-04-03 17:18:01.751528,0 days 00:00:00.439521,2,1,threshold,0.9879624795094274,5.0,COMPLETE
104,3.3884182628294366,2026-04-03 17:18:01.751743,2026-04-03 17:18:02.204710,0 days 00:00:00.452967,2,1,threshold,0.9799412002928598,5.0,COMPLETE
105,3.3884182628294366,2026-04-03 17:18:02.205775,2026-04-03 17:18:02.650052,0 days 00:00:00.444277,2,1,threshold,0.9840804641336326,5.0,COMPLETE
106,2.351290896613544,2026-04-03 17:18:02.650481,2026-04-03 17:18:03.093614,0 days 00:00:00.443133,2,1,threshold,0.9474241527612869,5.0,COMPLETE
107,3.3884182628294366,2026-04-03 17:18:03.093852,2026-04-03 17:18:03.353642,0 days 00:00:00.259790,2,1,threshold,0.9876754249836505,5.0,COMPLETE
108,2.4061043892142626,2026-04-03 17:18:03.353779,2026-04-03 17:18:03.572468,0 days 00:00:00.218689,2,1,threshold,0.89677896645577,5.0,COMPLETE
109,-0.4707939190204052,2026-04-03 17:18:03.572588,2026-04-03 17:18:03.919112,0 days 00:00:00.346524,4,1,threshold,0.9897417896233501,5.0,COMPLETE
110,3.3884182628294366,2026-04-03 17:18:03.919243,2026-04-03 17:18:04.146304,0 days 00:00:00.227061,2,1,threshold,0.9806856024503949,5.0,COMPLETE
111,3.3884182628294366,2026-04-03 17:18:04.146436,2026-04-03 17:18:04.370935,0 days 00:00:00.224499,2,1,threshold,0.9875124652820966,5.0,COMPLETE
112,4.044219331120301,2026-04-03 17:18:04.371070,2026-04-03 17:18:04.588339,0 days 00:00:00.217269,2,1,threshold,0.9899831277412958,5.0,COMPLETE
113,3.3884182628294366,2026-04-03 17:18:04.588460,2026-04-03 17:18:04.804192,0 days 00:00:00.215732,2,1,threshold,0.9848871127071387,5.0,COMPLETE
114,3.3884182628294366,2026-04-03 17:18:04.804325,2026-04-03 17:18:05.032638,0 days 00:00:00.228313,2,1,threshold,0.9762224401830972,5.0,COMPLETE
115,3.3884182628294366,2026-04-03 17:18:05.032768,2026-04-03 17:18:05.250032,0 days 00:00:00.217264,2,1,threshold,0.9814723724185658,5.0,COMPLETE
116,3.3884182628294366,2026-04-03 17:18:05.250167,2026-04-03 17:18:05.473969,0 days 00:00:00.223802,2,1,threshold,0.9847331149248585,5.0,COMPLETE
117,4.044219331120301,2026-04-03 17:18:05.474102,2026-04-03 17:18:05.704869,0 days 00:00:00.230767,2,1,threshold,0.9898590261900737,5.0,COMPLETE
118,0.39857050721666015,2026-04-03 17:18:05.704999,2026-04-03 17:18:06.001824,0 days 00:00:00.296825,3,1,threshold,0.8815592087423492,5.0,COMPLETE
119,2.585224073285397,2026-04-03 17:18:06.001961,2026-04-03 17:18:06.411942,0 days 00:00:00.409981,2,1,threshold,0.971415239432911,5.0,COMPLETE
120,0.7714894370678521,2026-04-03 17:18:06.412101,2026-04-03 17:18:06.855757,0 days 00:00:00.443656,3,1,threshold,0.9798171630430825,5.0,COMPLETE
121,3.3884182628294366,2026-04-03 17:18:06.855883,2026-04-03 17:18:07.180357,0 days 00:00:00.324474,2,1,threshold,0.9867114405633798,5.0,COMPLETE
122,3.3884182628294366,2026-04-03 17:18:07.180497,2026-04-03 17:18:07.504340,0 days 00:00:00.323843,2,1,threshold,0.987493159826185,5.0,COMPLETE
123,3.3884182628294366,2026-04-03 17:18:07.504544,2026-04-03 17:18:07.846769,0 days 00:00:00.342225,2,1,threshold,0.9833827155294421,5.0,COMPLETE
124,4.044219331120301,2026-04-03 17:18:07.846903,2026-04-03 17:18:08.244470,0 days 00:00:00.397567,2,1,threshold,0.9897349643463278,5.0,COMPLETE
125,3.3884182628294366,2026-04-03 17:18:08.244601,2026-04-03 17:18:08.511995,0 days 00:00:00.267394,2,1,threshold,0.986075357594565,5.0,COMPLETE
126,3.3884182628294366,2026-04-03 17:18:08.512134,2026-04-03 17:18:08.856654,0 days 00:00:00.344520,2,1,threshold,0.9776597106669743,5.0,COMPLETE
127,3.3884182628294366,2026-04-03 17:18:08.856799,2026-04-03 17:18:09.121517,0 days 00:00:00.264718,2,1,threshold,0.982410819223132,5.0,COMPLETE
128,3.3884182628294366,2026-04-03 17:18:09.121654,2026-04-03 17:18:09.351000,0 days 00:00:00.229346,2,1,threshold,0.9850258921566141,5.0,COMPLETE
129,4.044219331120301,2026-04-03 17:18:09.351137,2026-04-03 17:18:09.612509,0 days 00:00:00.261372,2,1,threshold,0.989630095236566,5.0,COMPLETE
130,2.351290896613544,2026-04-03 17:18:09.612640,2026-04-03 17:18:09.833906,0 days 00:00:00.221266,2,1,threshold,0.9357166431558045,5.0,COMPLETE
131,3.3884182628294366,2026-04-03 17:18:09.834034,2026-04-03 17:18:10.076388,0 days 00:00:00.242354,2,1,threshold,0.9874339503567612,5.0,COMPLETE
132,4.044219331120301,2026-04-03 17:18:10.076520,2026-04-03 17:18:10.385204,0 days 00:00:00.308684,2,1,threshold,0.9896888688461295,5.0,COMPLETE
133,3.3884182628294366,2026-04-03 17:18:10.385525,2026-04-03 17:18:10.654540,0 days 00:00:00.269015,2,1,threshold,0.9833599592284569,5.0,COMPLETE
134,3.3884182628294366,2026-04-03 17:18:10.654669,2026-04-03 17:18:10.871321,0 days 00:00:00.216652,2,1,threshold,0.97977147050202,5.0,COMPLETE
135,3.3884182628294366,2026-04-03 17:18:10.871450,2026-04-03 17:18:11.084509,0 days 00:00:00.213059,2,1,threshold,0.9873106529945948,5.0,COMPLETE
136,0.8137242602755286,2026-04-03 17:18:11.084635,2026-04-03 17:18:11.500925,0 days 00:00:00.416290,5,3,threshold,0.9847460472626912,5.0,COMPLETE
137,3.3884182628294366,2026-04-03 17:18:11.501052,2026-04-03 17:18:11.777180,0 days 00:00:00.276128,2,1,threshold,0.9808016497624038,5.0,COMPLETE
138,3.3884182628294366,2026-04-03 17:18:11.777351,2026-04-03 17:18:11.991609,0 days 00:00:00.214258,2,1,threshold,0.9874601215011499,5.0,COMPLETE
139,3.3884182628294366,2026-04-03 17:18:11.991735,2026-04-03 17:18:12.200732,0 days 00:00:00.208997,2,1,threshold,0.9771283534664827,5.0,COMPLETE
140,3.3884182628294366,2026-04-03 17:18:12.200862,2026-04-03 17:18:12.413608,0 days 00:00:00.212746,2,1,threshold,0.982421231485888,5.0,COMPLETE
141,4.044219331120301,2026-04-03 17:18:12.413738,2026-04-03 17:18:12.647731,0 days 00:00:00.233993,2,1,threshold,0.9899446083307923,5.0,COMPLETE
142,3.3884182628294366,2026-04-03 17:18:12.647869,2026-04-03 17:18:12.888843,0 days 00:00:00.240974,2,1,threshold,0.9873577156288222,5.0,COMPLETE
143,4.044219331120301,2026-04-03 17:18:12.888974,2026-04-03 17:18:13.104608,0 days 00:00:00.215634,2,1,threshold,0.9898048630102008,5.0,COMPLETE
144,3.3884182628294366,2026-04-03 17:18:13.104741,2026-04-03 17:18:13.342453,0 days 00:00:00.237712,2,1,threshold,0.985234016849461,5.0,COMPLETE
145,4.044219331120301,2026-04-03 17:18:13.342628,2026-04-03 17:18:13.583954,0 days 00:00:00.241326,2,1,threshold,0.9899977433578184,5.0,COMPLETE
146,0.7714894370678521,2026-04-03 17:18:13.584084,2026-04-03 17:18:13.877621,0 days 00:00:00.293537,3,1,threshold,0.9847795409098841,5.0,COMPLETE
147,3.3884182628294366,2026-04-03 17:18:13.877753,2026-04-03 17:18:14.094232,0 days 00:00:00.216479,2,1,threshold,0.9828229769067026,5.0,COMPLETE
148,3.3884182628294366,2026-04-03 17:18:14.094361,2026-04-03 17:18:14.565868,0 days 00:00:00.471507,2,1,threshold,0.9869202725265025,5.0,COMPLETE
