number,value,datetime_start,datetime_complete,duration,params_hmm_components,params_hmm_favourable,params_hmm_gate,params_hmm_threshold,params_hmm_train_years,state
299,16.254222884993244,2026-04-03 16:04:54.179778,2026-04-03 16:04:55.528726,0 days 00:00:01.348948,8,7,threshold,0.983918090315508,5.0,COMPLETE
