number,value,datetime_start,datetime_complete,duration,params_hmm_components,params_hmm_favourable,params_hmm_gate,params_hmm_threshold,params_hmm_train_years,state
299,4.45476863172205,2026-04-03 17:19:07.830015,2026-04-03 17:19:08.392198,0 days 00:00:00.562183,8,6,threshold,0.9777217330512735,5.0,COMPLETE
