number,value,datetime_start,datetime_complete,duration,params_hmm_components,params_hmm_favourable,params_hmm_gate,params_hmm_threshold,params_hmm_train_years,state
0,9.18067457988228,2026-04-03 16:06:47.509423,2026-04-03 16:06:50.198649,0 days 00:00:02.689226,4,3,threshold,0.9524791518535967,5.0,COMPLETE
1,3.028711611415245,2026-04-03 16:06:50.198847,2026-04-03 16:06:52.381509,0 days 00:00:02.182662,6,1,threshold,0.8718392328470683,5.0,COMPLETE
2,6.327439635337462,2026-04-03 16:06:52.381641,2026-04-03 16:06:53.309605,0 days 00:00:00.927964,2,1,threshold,0.9712646604084909,5.0,COMPLETE
3,6.930554192846074,2026-04-03 16:06:53.309725,2026-04-03 16:06:55.535422,0 days 00:00:02.225697,6,4,threshold,0.8528818292014123,5.0,COMPLETE
4,9.59838985109194,2026-04-03 16:06:55.535545,2026-04-03 16:06:58.381565,0 days 00:00:02.846020,8,6,threshold,0.8797274754949587,5.0,COMPLETE
5,8.262971674995104,2026-04-03 16:06:58.381685,2026-04-03 16:06:59.503625,0 days 00:00:01.121940,3,1,threshold,0.8925939140143353,5.0,COMPLETE
6,4.462281666295356,2026-04-03 16:06:59.503751,2026-04-03 16:07:01.372373,0 days 00:00:01.868622,5,2,threshold,0.8907720796277259,5.0,COMPLETE
7,3.028711611415245,2026-04-03 16:07:01.378077,2026-04-03 16:07:03.628944,0 days 00:00:02.250867,6,1,threshold,0.8909002507949305,5.0,COMPLETE
8,2.443841476997317,2026-04-03 16:07:03.629090,2026-04-03 16:07:05.112121,0 days 00:00:01.483031,4,2,threshold,0.9599246345950219,5.0,COMPLETE
9,3.8370209377101423,2026-04-03 16:07:05.112245,2026-04-03 16:07:06.249738,0 days 00:00:01.137493,3,2,threshold,0.9329380396406859,5.0,COMPLETE
10,9.826404675542086,2026-04-03 16:07:06.249860,2026-04-03 16:07:09.104146,0 days 00:00:02.854286,8,7,threshold,0.9196302563747946,5.0,COMPLETE
11,9.826404675542086,2026-04-03 16:07:09.104273,2026-04-03 16:07:11.954228,0 days 00:00:02.849955,8,7,threshold,0.919849247643511,5.0,COMPLETE
12,9.826404675542086,2026-04-03 16:07:11.954351,2026-04-03 16:07:14.832914,0 days 00:00:02.878563,8,7,threshold,0.9192502021990876,5.0,COMPLETE
13,0.014539135908402386,2026-04-03 16:07:14.833040,2026-04-03 16:07:17.399315,0 days 00:00:02.566275,7,5,threshold,0.9208520138864589,5.0,COMPLETE
14,9.85647637833457,2026-04-03 16:07:17.399438,2026-04-03 16:07:20.246091,0 days 00:00:02.846653,8,7,threshold,0.9355829117210986,5.0,COMPLETE
15,2.6481469946480796,2026-04-03 16:07:20.246210,2026-04-03 16:07:22.896572,0 days 00:00:02.650362,7,5,threshold,0.9891591784353182,5.0,COMPLETE
16,0.2344285970961355,2026-04-03 16:07:22.896716,2026-04-03 16:07:25.456649,0 days 00:00:02.559933,7,5,threshold,0.9398608593194829,5.0,COMPLETE
17,9.337350434743524,2026-04-03 16:07:25.456777,2026-04-03 16:07:28.345011,0 days 00:00:02.888234,8,6,threshold,0.9028491999539725,5.0,COMPLETE
18,3.748846041199955,2026-04-03 16:07:28.345135,2026-04-03 16:07:30.884604,0 days 00:00:02.539469,7,4,threshold,0.9388000580758816,5.0,COMPLETE
19,7.432139397963823,2026-04-03 16:07:30.884724,2026-04-03 16:07:32.709884,0 days 00:00:01.825160,5,3,threshold,0.9055621726312494,5.0,COMPLETE
20,8.02401379167875,2026-04-03 16:07:32.710037,2026-04-03 16:07:35.001690,0 days 00:00:02.291653,6,4,threshold,0.9640697206606856,5.0,COMPLETE
21,9.826404675542086,2026-04-03 16:07:35.001836,2026-04-03 16:07:37.853342,0 days 00:00:02.851506,8,7,threshold,0.9205090163809362,5.0,COMPLETE
22,9.85647637833457,2026-04-03 16:07:37.853465,2026-04-03 16:07:40.736146,0 days 00:00:02.882681,8,7,threshold,0.9309652718765542,5.0,COMPLETE
23,5.3591252829883596,2026-04-03 16:07:40.736268,2026-04-03 16:07:43.300474,0 days 00:00:02.564206,7,6,threshold,0.9312614549398373,5.0,COMPLETE
24,9.851029562975338,2026-04-03 16:07:43.300596,2026-04-03 16:07:46.164272,0 days 00:00:02.863676,8,7,threshold,0.9486897915642115,5.0,COMPLETE
25,0.2344285970961355,2026-04-03 16:07:46.164397,2026-04-03 16:07:48.738017,0 days 00:00:02.573620,7,5,threshold,0.9473196053781398,5.0,COMPLETE
26,10.259896679552767,2026-04-03 16:07:48.738138,2026-04-03 16:07:51.611826,0 days 00:00:02.873688,8,6,threshold,0.9749876346444764,5.0,COMPLETE
27,4.979970452757087,2026-04-03 16:07:51.611954,2026-04-03 16:07:54.172910,0 days 00:00:02.560956,7,6,threshold,0.9868173051833109,5.0,COMPLETE
28,10.599542646294795,2026-04-03 16:07:54.173036,2026-04-03 16:07:57.013697,0 days 00:00:02.840661,8,6,threshold,0.9759035522585188,5.0,COMPLETE
29,6.020466605978669,2026-04-03 16:07:57.013821,2026-04-03 16:07:58.757996,0 days 00:00:01.744175,5,3,threshold,0.9742884259170599,5.0,COMPLETE
30,8.142671079855573,2026-04-03 16:07:58.758138,2026-04-03 16:08:00.994467,0 days 00:00:02.236329,6,4,threshold,0.9764315615127012,5.0,COMPLETE
31,10.29917530102766,2026-04-03 16:08:00.994606,2026-04-03 16:08:03.908145,0 days 00:00:02.913539,8,6,threshold,0.9572966678007319,5.0,COMPLETE
32,10.29917530102766,2026-04-03 16:08:03.908312,2026-04-03 16:08:06.860963,0 days 00:00:02.952651,8,6,threshold,0.9571877895914518,5.0,COMPLETE
33,0.3963414291549416,2026-04-03 16:08:06.861116,2026-04-03 16:08:09.411316,0 days 00:00:02.550200,7,5,threshold,0.9597603056515076,5.0,COMPLETE
34,10.845222548694334,2026-04-03 16:08:09.411439,2026-04-03 16:08:12.251835,0 days 00:00:02.840396,8,6,threshold,0.9778504604518368,5.0,COMPLETE
35,1.3796158671359735,2026-04-03 16:08:12.251958,2026-04-03 16:08:14.856975,0 days 00:00:02.605017,7,5,threshold,0.981474710792049,5.0,COMPLETE
36,10.29917530102766,2026-04-03 16:08:14.857098,2026-04-03 16:08:17.717102,0 days 00:00:02.860004,8,6,threshold,0.9660245289802631,5.0,COMPLETE
37,8.88764776042789,2026-04-03 16:08:17.717227,2026-04-03 16:08:19.915126,0 days 00:00:02.197899,6,4,threshold,0.9500575581950892,5.0,COMPLETE
38,6.680606175670385,2026-04-03 16:08:19.915251,2026-04-03 16:08:20.837098,0 days 00:00:00.921847,2,1,threshold,0.957353324422318,5.0,COMPLETE
39,10.29917530102766,2026-04-03 16:08:20.837222,2026-04-03 16:08:23.695734,0 days 00:00:02.858512,8,6,threshold,0.968028819979575,5.0,COMPLETE
40,5.602042344143935,2026-04-03 16:08:23.695863,2026-04-03 16:08:25.182378,0 days 00:00:01.486515,4,2,threshold,0.8614633616894896,5.0,COMPLETE
41,10.29917530102766,2026-04-03 16:08:25.182500,2026-04-03 16:08:28.028979,0 days 00:00:02.846479,8,6,threshold,0.966769558237374,5.0,COMPLETE
42,10.830361190335083,2026-04-03 16:08:28.029108,2026-04-03 16:08:30.879720,0 days 00:00:02.850612,8,6,threshold,0.9811108467827501,5.0,COMPLETE
43,10.830361190335083,2026-04-03 16:08:30.879840,2026-04-03 16:08:33.732538,0 days 00:00:02.852698,8,6,threshold,0.9812260328583154,5.0,COMPLETE
44,1.3796158671359735,2026-04-03 16:08:33.732660,2026-04-03 16:08:36.441049,0 days 00:00:02.708389,7,5,threshold,0.9843381194987748,5.0,COMPLETE
45,10.830361190335083,2026-04-03 16:08:36.441174,2026-04-03 16:08:39.388205,0 days 00:00:02.947031,8,6,threshold,0.9797145725963604,5.0,COMPLETE
46,10.830361190335083,2026-04-03 16:08:39.388322,2026-04-03 16:08:42.239797,0 days 00:00:02.851475,8,6,threshold,0.9797927505729369,5.0,COMPLETE
47,1.3796158671359735,2026-04-03 16:08:42.239919,2026-04-03 16:08:44.821370,0 days 00:00:02.581451,7,5,threshold,0.9803629320012702,5.0,COMPLETE
48,7.534212532841251,2026-04-03 16:08:44.821491,2026-04-03 16:08:47.044249,0 days 00:00:02.222758,6,5,threshold,0.9896457759873363,5.0,COMPLETE
49,8.976716987325881,2026-04-03 16:08:47.044373,2026-04-03 16:08:48.197946,0 days 00:00:01.153573,3,1,threshold,0.9699106924168637,5.0,COMPLETE
50,10.892721820560197,2026-04-03 16:08:48.198071,2026-04-03 16:08:51.036300,0 days 00:00:02.838229,8,7,threshold,0.980375328781173,5.0,COMPLETE
51,10.892721820560197,2026-04-03 16:08:51.036427,2026-04-03 16:08:54.308864,0 days 00:00:03.272437,8,7,threshold,0.9800211083292396,5.0,COMPLETE
52,11.256931368157646,2026-04-03 16:08:54.309596,2026-04-03 16:08:57.399994,0 days 00:00:03.090398,8,7,threshold,0.9836520629054781,5.0,COMPLETE
53,11.734218019693843,2026-04-03 16:08:57.400118,2026-04-03 16:09:00.380641,0 days 00:00:02.980523,8,7,threshold,0.9849285676474787,5.0,COMPLETE
54,4.979970452757087,2026-04-03 16:09:00.380779,2026-04-03 16:09:02.982082,0 days 00:00:02.601303,7,6,threshold,0.9895733548069308,5.0,COMPLETE
55,10.361535931252773,2026-04-03 16:09:02.982204,2026-04-03 16:09:05.865756,0 days 00:00:02.883552,8,7,threshold,0.9713386980897396,5.0,COMPLETE
56,11.574634622677376,2026-04-03 16:09:05.865897,2026-04-03 16:09:09.308091,0 days 00:00:03.442194,8,7,threshold,0.9841028234084013,5.0,COMPLETE
57,3.3870767083376996,2026-04-03 16:09:09.308219,2026-04-03 16:09:11.881922,0 days 00:00:02.573703,7,6,threshold,0.9630250427371851,5.0,COMPLETE
58,11.70469044239608,2026-04-03 16:09:11.882046,2026-04-03 16:10:40.698046,0 days 00:01:28.816000,8,7,threshold,0.9852130691323507,5.0,COMPLETE
59,3.7114393252449807,2026-04-03 16:10:40.698249,2026-04-03 16:10:43.395483,0 days 00:00:02.697234,7,6,threshold,0.9861244107721095,5.0,COMPLETE
60,10.361535931252773,2026-04-03 16:10:43.395680,2026-04-03 16:10:46.309433,0 days 00:00:02.913753,8,7,threshold,0.971533817024291,5.0,COMPLETE
61,10.32225730977788,2026-04-03 16:10:46.309559,2026-04-03 16:10:49.826384,0 days 00:00:03.516825,8,7,threshold,0.9737495991485472,5.0,COMPLETE
62,11.574634622677376,2026-04-03 16:10:49.826618,2026-04-03 16:10:52.795712,0 days 00:00:02.969094,8,7,threshold,0.9843432922832328,5.0,COMPLETE
63,11.574634622677376,2026-04-03 16:10:52.795834,2026-04-03 16:10:55.745290,0 days 00:00:02.949456,8,7,threshold,0.9840859604838839,5.0,COMPLETE
64,11.574634622677376,2026-04-03 16:10:55.745408,2026-04-03 16:10:58.600147,0 days 00:00:02.854739,8,7,threshold,0.9848479952035627,5.0,COMPLETE
65,3.7114393252449807,2026-04-03 16:10:58.600277,2026-04-03 16:11:01.171600,0 days 00:00:02.571323,7,6,threshold,0.9859649078373636,5.0,COMPLETE
66,11.574634622677376,2026-04-03 16:11:01.171736,2026-04-03 16:11:04.034081,0 days 00:00:02.862345,8,7,threshold,0.9848752839686423,5.0,COMPLETE
67,9.49822460931845,2026-04-03 16:11:04.034231,2026-04-03 16:11:06.918426,0 days 00:00:02.884195,8,7,threshold,0.8816530852329076,5.0,COMPLETE
68,4.979970452757087,2026-04-03 16:11:06.918544,2026-04-03 16:11:09.532037,0 days 00:00:02.613493,7,6,threshold,0.9889819199660128,5.0,COMPLETE
69,10.32225730977788,2026-04-03 16:11:09.532162,2026-04-03 16:11:12.427105,0 days 00:00:02.894943,8,7,threshold,0.9742634392613745,5.0,COMPLETE
70,11.766355507539163,2026-04-03 16:11:12.427227,2026-04-03 16:11:15.291466,0 days 00:00:02.864239,8,7,threshold,0.9861081771367262,5.0,COMPLETE
71,11.70469044239608,2026-04-03 16:11:15.291585,2026-04-03 16:11:18.151069,0 days 00:00:02.859484,8,7,threshold,0.9857560299883762,5.0,COMPLETE
72,10.661903276519908,2026-04-03 16:11:18.151190,2026-04-03 16:11:21.046914,0 days 00:00:02.895724,8,7,threshold,0.976901654048645,5.0,COMPLETE
73,11.70469044239608,2026-04-03 16:11:21.047034,2026-04-03 16:11:23.885144,0 days 00:00:02.838110,8,7,threshold,0.9856547912810601,5.0,COMPLETE
74,10.533051335447425,2026-04-03 16:11:23.885264,2026-04-03 16:11:26.736540,0 days 00:00:02.851276,8,7,threshold,0.9631129404560806,5.0,COMPLETE
75,4.979970452757087,2026-04-03 16:11:26.736662,2026-04-03 16:11:29.313003,0 days 00:00:02.576341,7,6,threshold,0.9893497873233692,5.0,COMPLETE
76,5.995832861868199,2026-04-03 16:11:29.313130,2026-04-03 16:11:31.063785,0 days 00:00:01.750655,5,3,threshold,0.9703726109776785,5.0,COMPLETE
77,9.85647637833457,2026-04-03 16:11:31.063903,2026-04-03 16:11:33.915609,0 days 00:00:02.851706,8,7,threshold,0.9253948438270444,5.0,COMPLETE
78,9.40747395884618,2026-04-03 16:11:33.915736,2026-04-03 16:11:36.792542,0 days 00:00:02.876806,8,7,threshold,0.910994176775148,5.0,COMPLETE
79,3.7114393252449807,2026-04-03 16:11:36.792677,2026-04-03 16:11:39.588248,0 days 00:00:02.795571,7,6,threshold,0.9837655486682584,5.0,COMPLETE
80,10.661903276519908,2026-04-03 16:11:39.588425,2026-04-03 16:11:42.632769,0 days 00:00:03.044344,8,7,threshold,0.976392237700038,5.0,COMPLETE
81,11.766355507539163,2026-04-03 16:11:42.632904,2026-04-03 16:11:45.480233,0 days 00:00:02.847329,8,7,threshold,0.9862915559206015,5.0,COMPLETE
82,11.766355507539163,2026-04-03 16:11:45.480363,2026-04-03 16:11:48.330722,0 days 00:00:02.850359,8,7,threshold,0.986233594995277,5.0,COMPLETE
83,11.766355507539163,2026-04-03 16:11:48.330846,2026-04-03 16:11:51.183346,0 days 00:00:02.852500,8,7,threshold,0.9870846694736397,5.0,COMPLETE
84,11.219716449256389,2026-04-03 16:11:51.183469,2026-04-03 16:11:54.027126,0 days 00:00:02.843657,8,7,threshold,0.987482958230711,5.0,COMPLETE
85,1.69928077080776,2026-04-03 16:11:54.027253,2026-04-03 16:11:55.536780,0 days 00:00:01.509527,4,2,threshold,0.9776278545158803,5.0,COMPLETE
86,10.469506869444377,2026-04-03 16:11:55.536907,2026-04-03 16:11:58.375948,0 days 00:00:02.839041,8,7,threshold,0.9727966738563042,5.0,COMPLETE
87,11.213734857656279,2026-04-03 16:11:58.376079,2026-04-03 16:12:01.220553,0 days 00:00:02.844474,8,7,threshold,0.9895132171317809,5.0,COMPLETE
88,10.533051335447425,2026-04-03 16:12:01.220690,2026-04-03 16:12:04.070740,0 days 00:00:02.850050,8,7,threshold,0.9681102343005589,5.0,COMPLETE
89,3.7114393252449807,2026-04-03 16:12:04.070868,2026-04-03 16:12:06.650565,0 days 00:00:02.579697,7,6,threshold,0.9824777708028766,5.0,COMPLETE
90,10.661903276519908,2026-04-03 16:12:06.650689,2026-04-03 16:12:09.555509,0 days 00:00:02.904820,8,7,threshold,0.9771818403145388,5.0,COMPLETE
91,11.70469044239608,2026-04-03 16:12:09.555635,2026-04-03 16:12:12.574833,0 days 00:00:03.019198,8,7,threshold,0.9859831902355294,5.0,COMPLETE
92,9.851029562975338,2026-04-03 16:12:12.574955,2026-04-03 16:12:15.483598,0 days 00:00:02.908643,8,7,threshold,0.9435277011760137,5.0,COMPLETE
93,11.766355507539163,2026-04-03 16:12:15.483723,2026-04-03 16:12:18.330685,0 days 00:00:02.846962,8,7,threshold,0.9871601655711225,5.0,COMPLETE
94,10.647041918160657,2026-04-03 16:12:18.330807,2026-04-03 16:12:21.221333,0 days 00:00:02.890526,8,7,threshold,0.9791476883539313,5.0,COMPLETE
95,11.219716449256389,2026-04-03 16:12:21.221470,2026-04-03 16:12:24.072658,0 days 00:00:02.851188,8,7,threshold,0.9876187976171149,5.0,COMPLETE
96,10.892721820560197,2026-04-03 16:12:24.072780,2026-04-03 16:12:26.940445,0 days 00:00:02.867665,8,7,threshold,0.9811382328371495,5.0,COMPLETE
97,11.766355507539163,2026-04-03 16:12:26.940576,2026-04-03 16:12:29.791279,0 days 00:00:02.850703,8,7,threshold,0.9865938951902624,5.0,COMPLETE
98,6.8651325495378845,2026-04-03 16:12:29.791409,2026-04-03 16:12:30.903745,0 days 00:00:01.112336,3,1,threshold,0.9868497819283538,5.0,COMPLETE
99,7.068747263638608,2026-04-03 16:12:30.903866,2026-04-03 16:12:31.824978,0 days 00:00:00.921112,2,1,threshold,0.9742464242204137,5.0,COMPLETE
100,3.7114393252449807,2026-04-03 16:12:31.825097,2026-04-03 16:12:34.432042,0 days 00:00:02.606945,7,6,threshold,0.9823347284098272,5.0,COMPLETE
101,11.213734857656279,2026-04-03 16:12:34.432164,2026-04-03 16:12:37.296450,0 days 00:00:02.864286,8,7,threshold,0.9899097340189558,5.0,COMPLETE
102,11.70469044239608,2026-04-03 16:12:37.296568,2026-04-03 16:12:40.154535,0 days 00:00:02.857967,8,7,threshold,0.9857050521327329,5.0,COMPLETE
103,10.647041918160657,2026-04-03 16:12:40.154669,2026-04-03 16:12:43.079987,0 days 00:00:02.925318,8,7,threshold,0.9783788436511813,5.0,COMPLETE
104,10.892721820560197,2026-04-03 16:12:43.080160,2026-04-03 16:12:47.264811,0 days 00:00:04.184651,8,7,threshold,0.9819898876913961,5.0,COMPLETE
105,11.766355507539163,2026-04-03 16:12:47.264949,2026-04-03 16:12:50.482691,0 days 00:00:03.217742,8,7,threshold,0.9866325544173729,5.0,COMPLETE
106,9.49822460931845,2026-04-03 16:12:50.482973,2026-04-03 16:12:53.343166,0 days 00:00:02.860193,8,7,threshold,0.8942811221664694,5.0,COMPLETE
107,11.219716449256389,2026-04-03 16:12:53.343288,2026-04-03 16:12:56.199567,0 days 00:00:02.856279,8,7,threshold,0.9875331524972528,5.0,COMPLETE
108,10.661903276519908,2026-04-03 16:12:56.199688,2026-04-03 16:12:59.046255,0 days 00:00:02.846567,8,7,threshold,0.9761909830245291,5.0,COMPLETE
109,9.544988278540476,2026-04-03 16:12:59.046381,2026-04-03 16:13:01.711636,0 days 00:00:02.665255,7,6,threshold,0.8580313928964917,5.0,COMPLETE
110,10.647041918160657,2026-04-03 16:13:01.711759,2026-04-03 16:13:04.554926,0 days 00:00:02.843167,8,7,threshold,0.9791313117060546,5.0,COMPLETE
111,11.766355507539163,2026-04-03 16:13:04.555043,2026-04-03 16:13:07.556165,0 days 00:00:03.001122,8,7,threshold,0.9862215384685773,5.0,COMPLETE
112,10.892721820560197,2026-04-03 16:13:07.556285,2026-04-03 16:13:10.462360,0 days 00:00:02.906075,8,7,threshold,0.982430129294563,5.0,COMPLETE
113,11.766355507539163,2026-04-03 16:13:10.462520,2026-04-03 16:14:33.907452,0 days 00:01:23.444932,8,7,threshold,0.9863614151721904,5.0,COMPLETE
114,11.213734857656279,2026-04-03 16:14:33.907684,2026-04-03 16:14:36.890177,0 days 00:00:02.982493,8,7,threshold,0.989738392149244,5.0,COMPLETE
115,10.892721820560197,2026-04-03 16:14:36.890311,2026-04-03 16:14:39.843129,0 days 00:00:02.952818,8,7,threshold,0.9819452776254243,5.0,COMPLETE
116,11.766355507539163,2026-04-03 16:14:39.843257,2026-04-03 16:14:43.321158,0 days 00:00:03.477901,8,7,threshold,0.986674242867187,5.0,COMPLETE
117,10.647041918160657,2026-04-03 16:14:43.321367,2026-04-03 16:14:46.235343,0 days 00:00:02.913976,8,7,threshold,0.9791162188753774,5.0,COMPLETE
118,10.469506869444377,2026-04-03 16:14:46.235473,2026-04-03 16:14:49.217030,0 days 00:00:02.981557,8,7,threshold,0.9727328045401125,5.0,COMPLETE
119,11.766355507539163,2026-04-03 16:14:49.217163,2026-04-03 16:14:52.138164,0 days 00:00:02.921001,8,7,threshold,0.9862551037351727,5.0,COMPLETE
120,4.979970452757087,2026-04-03 16:14:52.138316,2026-04-03 16:14:54.713730,0 days 00:00:02.575414,7,6,threshold,0.9868759955637805,5.0,COMPLETE
121,10.892721820560197,2026-04-03 16:14:54.713850,2026-04-03 16:14:57.565863,0 days 00:00:02.852013,8,7,threshold,0.9832143241028422,5.0,COMPLETE
122,11.766355507539163,2026-04-03 16:14:57.565990,2026-04-03 16:15:00.439352,0 days 00:00:02.873362,8,7,threshold,0.987327651858659,5.0,COMPLETE
123,11.219716449256389,2026-04-03 16:15:00.439474,2026-04-03 16:15:03.343804,0 days 00:00:02.904330,8,7,threshold,0.9885134568371897,5.0,COMPLETE
124,11.213734857656279,2026-04-03 16:15:03.343934,2026-04-03 16:15:06.296858,0 days 00:00:02.952924,8,7,threshold,0.9898177704144268,5.0,COMPLETE
125,10.892721820560197,2026-04-03 16:15:06.296985,2026-04-03 16:15:09.140762,0 days 00:00:02.843777,8,7,threshold,0.9831257070496072,5.0,COMPLETE
126,10.32225730977788,2026-04-03 16:15:09.140888,2026-04-03 16:15:11.997621,0 days 00:00:02.856733,8,7,threshold,0.9752889426207706,5.0,COMPLETE
127,10.892721820560197,2026-04-03 16:15:11.997754,2026-04-03 16:15:14.854425,0 days 00:00:02.856671,8,7,threshold,0.9812530926549731,5.0,COMPLETE
128,7.7985702974013265,2026-04-03 16:15:14.854546,2026-04-03 16:15:16.607844,0 days 00:00:01.753298,5,4,threshold,0.9866693228988545,5.0,COMPLETE
129,10.647041918160657,2026-04-03 16:15:16.607986,2026-04-03 16:15:19.453587,0 days 00:00:02.845601,8,7,threshold,0.9785457945503809,5.0,COMPLETE
130,11.574634622677376,2026-04-03 16:15:19.453715,2026-04-03 16:15:22.303395,0 days 00:00:02.849680,8,7,threshold,0.9842998082677895,5.0,COMPLETE
131,11.766355507539163,2026-04-03 16:15:22.303513,2026-04-03 16:15:25.149709,0 days 00:00:02.846196,8,7,threshold,0.9866132987712696,5.0,COMPLETE
132,11.766355507539163,2026-04-03 16:15:25.149833,2026-04-03 16:15:28.040009,0 days 00:00:02.890176,8,7,threshold,0.9868126243973341,5.0,COMPLETE
133,11.213734857656279,2026-04-03 16:15:28.040148,2026-04-03 16:15:31.086156,0 days 00:00:03.046008,8,7,threshold,0.9897889739147782,5.0,COMPLETE
134,11.766355507539163,2026-04-03 16:15:31.086279,2026-04-03 16:15:33.996433,0 days 00:00:02.910154,8,7,threshold,0.9869786345682933,5.0,COMPLETE
135,10.892721820560197,2026-04-03 16:15:33.996556,2026-04-03 16:15:36.841073,0 days 00:00:02.844517,8,7,threshold,0.9816882234924095,5.0,COMPLETE
136,10.892721820560197,2026-04-03 16:15:36.841198,2026-04-03 16:15:39.689233,0 days 00:00:02.848035,8,7,threshold,0.9797090589622974,5.0,COMPLETE
137,11.574634622677376,2026-04-03 16:15:39.689357,2026-04-03 16:15:42.589509,0 days 00:00:02.900152,8,7,threshold,0.9839854891716397,5.0,COMPLETE
138,11.766355507539163,2026-04-03 16:15:42.589633,2026-04-03 16:15:45.439886,0 days 00:00:02.850253,8,7,threshold,0.9871165890459851,5.0,COMPLETE
139,10.661903276519908,2026-04-03 16:15:45.440006,2026-04-03 16:15:48.285783,0 days 00:00:02.845777,8,7,threshold,0.9767343963432163,5.0,COMPLETE
140,9.041372910272447,2026-04-03 16:15:48.285908,2026-04-03 16:15:51.132688,0 days 00:00:02.846780,8,7,threshold,0.8742003906948492,5.0,COMPLETE
141,11.766355507539163,2026-04-03 16:15:51.132808,2026-04-03 16:15:53.998418,0 days 00:00:02.865610,8,7,threshold,0.9869070113751591,5.0,COMPLETE
142,11.213734857656279,2026-04-03 16:15:53.998576,2026-04-03 16:15:56.889100,0 days 00:00:02.890524,8,7,threshold,0.9899246190398888,5.0,COMPLETE
143,11.70469044239608,2026-04-03 16:15:56.889231,2026-04-03 16:15:59.734240,0 days 00:00:02.845009,8,7,threshold,0.985506491412703,5.0,COMPLETE
144,10.892721820560197,2026-04-03 16:15:59.734364,2026-04-03 16:16:02.730615,0 days 00:00:02.996251,8,7,threshold,0.9833585858592122,5.0,COMPLETE
145,10.892721820560197,2026-04-03 16:16:02.730810,2026-04-03 16:16:05.706150,0 days 00:00:02.975340,8,7,threshold,0.9801716630503725,5.0,COMPLETE
146,11.766355507539163,2026-04-03 16:16:05.706276,2026-04-03 16:16:08.562373,0 days 00:00:02.856097,8,7,threshold,0.9871381591833576,5.0,COMPLETE
147,11.574634622677376,2026-04-03 16:16:08.562495,2026-04-03 16:16:11.478499,0 days 00:00:02.916004,8,7,threshold,0.9839787032124581,5.0,COMPLETE
148,11.766355507539163,2026-04-03 16:16:11.478621,2026-04-03 16:16:14.333778,0 days 00:00:02.855157,8,7,threshold,0.9869055854711785,5.0,COMPLETE
