number,value,datetime_start,datetime_complete,duration,params_hmm_components,params_hmm_favourable,params_hmm_gate,params_hmm_threshold,params_hmm_train_years,state
298,11.70469044239608,2026-04-03 16:24:36.450506,2026-04-03 16:24:39.341580,0 days 00:00:02.891074,8,7,threshold,0.9852779074671891,5.0,COMPLETE
299,10.892721820560197,2026-04-03 16:24:39.341703,2026-04-03 16:24:42.195722,0 days 00:00:02.854019,8,7,threshold,0.9817412705579814,5.0,COMPLETE
