number,value,datetime_start,datetime_complete,duration,params_hmm_components,params_hmm_favourable,params_hmm_gate,params_hmm_threshold,params_hmm_train_years,state
149,10.647041918160657,2026-04-03 16:16:14.333900,2026-04-03 16:16:17.196275,0 days 00:00:02.862375,8,7,threshold,0.9779173285300179,5.0,COMPLETE
150,4.908148069492134,2026-04-03 16:16:17.196402,2026-04-03 16:16:19.751391,0 days 00:00:02.554989,7,3,threshold,0.9827874134387816,5.0,COMPLETE
151,11.766355507539163,2026-04-03 16:16:19.751514,2026-04-03 16:16:22.602866,0 days 00:00:02.851352,8,7,threshold,0.9873030913787375,5.0,COMPLETE
152,11.219716449256389,2026-04-03 16:16:22.602990,2026-04-03 16:16:25.507589,0 days 00:00:02.904599,8,7,threshold,0.9877192751570822,5.0,COMPLETE
153,10.892721820560197,2026-04-03 16:16:25.507713,2026-04-03 16:16:28.367546,0 days 00:00:02.859833,8,7,threshold,0.980774127842241,5.0,COMPLETE
154,11.213734857656279,2026-04-03 16:16:28.367674,2026-04-03 16:16:31.254733,0 days 00:00:02.887059,8,7,threshold,0.9899002531081897,5.0,COMPLETE
155,11.70469044239608,2026-04-03 16:16:31.254855,2026-04-03 16:16:34.334202,0 days 00:00:03.079347,8,7,threshold,0.9851540598063973,5.0,COMPLETE
156,11.574634622677376,2026-04-03 16:16:34.334323,2026-04-03 16:16:37.228916,0 days 00:00:02.894593,8,7,threshold,0.9848193004249748,5.0,COMPLETE
157,9.951194804748825,2026-04-03 16:16:37.229036,2026-04-03 16:16:40.123840,0 days 00:00:02.894804,8,7,threshold,0.9539416032447896,5.0,COMPLETE
158,3.343530167391975,2026-04-03 16:16:40.123974,2026-04-03 16:16:42.324730,0 days 00:00:02.200756,6,2,threshold,0.9798924484540351,5.0,COMPLETE
159,10.32225730977788,2026-04-03 16:16:42.324865,2026-04-03 16:16:45.175920,0 days 00:00:02.851055,8,7,threshold,0.974926222973249,5.0,COMPLETE
160,9.40747395884618,2026-04-03 16:16:45.176041,2026-04-03 16:16:48.029097,0 days 00:00:02.853056,8,7,threshold,0.914471522828364,5.0,COMPLETE
161,11.766355507539163,2026-04-03 16:16:48.029217,2026-04-03 16:16:51.675601,0 days 00:00:03.646384,8,7,threshold,0.9861106900676502,5.0,COMPLETE
162,11.219716449256389,2026-04-03 16:16:51.675816,2026-04-03 16:16:54.641957,0 days 00:00:02.966141,8,7,threshold,0.9877344937652236,5.0,COMPLETE
163,10.892721820560197,2026-04-03 16:16:54.642079,2026-04-03 16:16:57.518627,0 days 00:00:02.876548,8,7,threshold,0.9821910533028436,5.0,COMPLETE
164,11.766355507539163,2026-04-03 16:16:57.518749,2026-04-03 16:17:00.442548,0 days 00:00:02.923799,8,7,threshold,0.9868084415982998,5.0,COMPLETE
165,11.574634622677376,2026-04-03 16:17:00.442671,2026-04-03 16:17:03.350983,0 days 00:00:02.908312,8,7,threshold,0.9848081515253447,5.0,COMPLETE
166,11.213734857656279,2026-04-03 16:17:03.351109,2026-04-03 16:17:06.486971,0 days 00:00:03.135862,8,7,threshold,0.9896488498889806,5.0,COMPLETE
167,10.892721820560197,2026-04-03 16:17:06.487601,2026-04-03 16:17:09.464929,0 days 00:00:02.977328,8,7,threshold,0.9821056784711373,5.0,COMPLETE
168,11.766355507539163,2026-04-03 16:17:09.465095,2026-04-03 16:18:30.507092,0 days 00:01:21.041997,8,7,threshold,0.987428903878231,5.0,COMPLETE
169,10.647041918160657,2026-04-03 16:18:30.507327,2026-04-03 16:18:33.430632,0 days 00:00:02.923305,8,7,threshold,0.9779537510911915,5.0,COMPLETE
170,11.574634622677376,2026-04-03 16:18:33.430756,2026-04-03 16:18:36.314995,0 days 00:00:02.884239,8,7,threshold,0.9841658336707417,5.0,COMPLETE
171,11.766355507539163,2026-04-03 16:18:36.315115,2026-04-03 16:18:39.656743,0 days 00:00:03.341628,8,7,threshold,0.9862775981594889,5.0,COMPLETE
172,11.213734857656279,2026-04-03 16:18:39.656901,2026-04-03 16:18:42.694334,0 days 00:00:03.037433,8,7,threshold,0.989920389624955,5.0,COMPLETE
173,11.766355507539163,2026-04-03 16:18:42.694462,2026-04-03 16:18:45.831233,0 days 00:00:03.136771,8,7,threshold,0.9872678337491022,5.0,COMPLETE
174,10.892721820560197,2026-04-03 16:18:45.831383,2026-04-03 16:18:48.705379,0 days 00:00:02.873996,8,7,threshold,0.9818709971114531,5.0,COMPLETE
175,11.766355507539163,2026-04-03 16:18:48.705510,2026-04-03 16:18:51.563452,0 days 00:00:02.857942,8,7,threshold,0.9871336078834891,5.0,COMPLETE
176,11.574634622677376,2026-04-03 16:18:51.563576,2026-04-03 16:18:54.617294,0 days 00:00:03.053718,8,7,threshold,0.9842590178672784,5.0,COMPLETE
177,7.984352612923729,2026-04-03 16:18:54.617422,2026-04-03 16:18:55.781639,0 days 00:00:01.164217,3,1,threshold,0.9799282743481924,5.0,COMPLETE
178,11.766355507539163,2026-04-03 16:18:55.781757,2026-04-03 16:18:58.635206,0 days 00:00:02.853449,8,7,threshold,0.9871655832570732,5.0,COMPLETE
179,10.892721820560197,2026-04-03 16:18:58.635331,2026-04-03 16:19:01.497887,0 days 00:00:02.862556,8,7,threshold,0.9823922722099963,5.0,COMPLETE
180,11.213734857656279,2026-04-03 16:19:01.498011,2026-04-03 16:19:04.362563,0 days 00:00:02.864552,8,7,threshold,0.9894612222396175,5.0,COMPLETE
181,11.70469044239608,2026-04-03 16:19:04.362689,2026-04-03 16:19:07.241526,0 days 00:00:02.878837,8,7,threshold,0.9857022298581631,5.0,COMPLETE
182,11.213734857656279,2026-04-03 16:19:07.241664,2026-04-03 16:19:10.137920,0 days 00:00:02.896256,8,7,threshold,0.9898858709342179,5.0,COMPLETE
183,11.574634622677376,2026-04-03 16:19:10.138039,2026-04-03 16:19:12.985208,0 days 00:00:02.847169,8,7,threshold,0.9845839875749522,5.0,COMPLETE
184,11.766355507539163,2026-04-03 16:19:12.985336,2026-04-03 16:19:15.830443,0 days 00:00:02.845107,8,7,threshold,0.9869408621484463,5.0,COMPLETE
185,10.892721820560197,2026-04-03 16:19:15.830565,2026-04-03 16:19:18.715867,0 days 00:00:02.885302,8,7,threshold,0.9805547040730919,5.0,COMPLETE
186,10.892721820560197,2026-04-03 16:19:18.715995,2026-04-03 16:19:21.643330,0 days 00:00:02.927335,8,7,threshold,0.9831867721919284,5.0,COMPLETE
187,11.219716449256389,2026-04-03 16:19:21.643490,2026-04-03 16:19:24.544697,0 days 00:00:02.901207,8,7,threshold,0.98745315425221,5.0,COMPLETE
188,11.213734857656279,2026-04-03 16:19:24.544825,2026-04-03 16:19:27.618547,0 days 00:00:03.073722,8,7,threshold,0.9899244663862872,5.0,COMPLETE
189,10.647041918160657,2026-04-03 16:19:27.618691,2026-04-03 16:19:30.550170,0 days 00:00:02.931479,8,7,threshold,0.9783074596803831,5.0,COMPLETE
190,9.49822460931845,2026-04-03 16:19:30.550295,2026-04-03 16:19:33.399532,0 days 00:00:02.849237,8,7,threshold,0.898481042016062,5.0,COMPLETE
191,11.766355507539163,2026-04-03 16:19:33.399656,2026-04-03 16:19:36.253239,0 days 00:00:02.853583,8,7,threshold,0.9864659907853981,5.0,COMPLETE
192,11.70469044239608,2026-04-03 16:19:36.253363,2026-04-03 16:19:39.146110,0 days 00:00:02.892747,8,7,threshold,0.9852847605267465,5.0,COMPLETE
193,11.766355507539163,2026-04-03 16:19:39.146230,2026-04-03 16:19:41.991011,0 days 00:00:02.844781,8,7,threshold,0.9871110124109268,5.0,COMPLETE
194,10.892721820560197,2026-04-03 16:19:41.991132,2026-04-03 16:19:44.846946,0 days 00:00:02.855814,8,7,threshold,0.9827544791748717,5.0,COMPLETE
195,11.219716449256389,2026-04-03 16:19:44.847066,2026-04-03 16:19:47.696587,0 days 00:00:02.849521,8,7,threshold,0.9875180690304388,5.0,COMPLETE
196,11.574634622677376,2026-04-03 16:19:47.696719,2026-04-03 16:19:50.594637,0 days 00:00:02.897918,8,7,threshold,0.9841149492088799,5.0,COMPLETE
197,10.892721820560197,2026-04-03 16:19:50.594775,2026-04-03 16:19:53.445370,0 days 00:00:02.850595,8,7,threshold,0.9807292218668493,5.0,COMPLETE
198,11.213734857656279,2026-04-03 16:19:53.445506,2026-04-03 16:19:56.294970,0 days 00:00:02.849464,8,7,threshold,0.9899398124925792,5.0,COMPLETE
199,9.49822460931845,2026-04-03 16:19:56.295093,2026-04-03 16:19:59.261450,0 days 00:00:02.966357,8,7,threshold,0.8842077101446579,5.0,COMPLETE
200,9.85647637833457,2026-04-03 16:19:59.261603,2026-04-03 16:20:02.155514,0 days 00:00:02.893911,8,7,threshold,0.9270105416617268,5.0,COMPLETE
201,11.70469044239608,2026-04-03 16:20:02.155639,2026-04-03 16:20:05.001255,0 days 00:00:02.845616,8,7,threshold,0.985347014320249,5.0,COMPLETE
202,11.766355507539163,2026-04-03 16:20:05.001380,2026-04-03 16:20:07.919180,0 days 00:00:02.917800,8,7,threshold,0.9867119405352706,5.0,COMPLETE
203,11.574634622677376,2026-04-03 16:20:07.919302,2026-04-03 16:20:10.785643,0 days 00:00:02.866341,8,7,threshold,0.9838915208400946,5.0,COMPLETE
204,11.219716449256389,2026-04-03 16:20:10.785771,2026-04-03 16:20:13.638694,0 days 00:00:02.852923,8,7,threshold,0.9875237072662069,5.0,COMPLETE
205,10.892721820560197,2026-04-03 16:20:13.638822,2026-04-03 16:20:16.494958,0 days 00:00:02.856136,8,7,threshold,0.9814781399068939,5.0,COMPLETE
206,11.574634622677376,2026-04-03 16:20:16.495077,2026-04-03 16:20:19.356673,0 days 00:00:02.861596,8,7,threshold,0.9847560404990231,5.0,COMPLETE
207,11.213734857656279,2026-04-03 16:20:19.356797,2026-04-03 16:20:22.365265,0 days 00:00:03.008468,8,7,threshold,0.9899045137171006,5.0,COMPLETE
208,9.544710330799527,2026-04-03 16:20:22.365391,2026-04-03 16:20:23.868116,0 days 00:00:01.502725,4,3,threshold,0.9873077973476586,5.0,COMPLETE
209,10.892721820560197,2026-04-03 16:20:23.868248,2026-04-03 16:20:26.724639,0 days 00:00:02.856391,8,7,threshold,0.982854931317473,5.0,COMPLETE
210,11.70469044239608,2026-04-03 16:20:26.724764,2026-04-03 16:20:29.866821,0 days 00:00:03.142057,8,7,threshold,0.9853489207420312,5.0,COMPLETE
211,11.766355507539163,2026-04-03 16:20:29.867038,2026-04-03 16:20:32.858155,0 days 00:00:02.991117,8,7,threshold,0.9871976725605588,5.0,COMPLETE
212,11.766355507539163,2026-04-03 16:20:32.858283,2026-04-03 16:20:35.785440,0 days 00:00:02.927157,8,7,threshold,0.9871437001397709,5.0,COMPLETE
213,9.85647637833457,2026-04-03 16:20:35.785566,2026-04-03 16:20:38.646861,0 days 00:00:02.861295,8,7,threshold,0.9357116765152198,5.0,COMPLETE
214,11.176212649957103,2026-04-03 16:20:38.646985,2026-04-03 16:20:41.497419,0 days 00:00:02.850434,8,4,threshold,0.9848213425794866,5.0,COMPLETE
215,10.892721820560197,2026-04-03 16:20:41.497541,2026-04-03 16:20:44.360163,0 days 00:00:02.862622,8,7,threshold,0.9811442057294262,5.0,COMPLETE
216,11.213734857656279,2026-04-03 16:20:44.360287,2026-04-03 16:20:47.242962,0 days 00:00:02.882675,8,7,threshold,0.9899729392658377,5.0,COMPLETE
217,11.766355507539163,2026-04-03 16:20:47.243087,2026-04-03 16:20:50.149928,0 days 00:00:02.906841,8,7,threshold,0.9866876128518145,5.0,COMPLETE
218,10.892721820560197,2026-04-03 16:20:50.150051,2026-04-03 16:20:53.018775,0 days 00:00:02.868724,8,7,threshold,0.9832043289414517,5.0,COMPLETE
219,10.892721820560197,2026-04-03 16:20:53.018899,2026-04-03 16:20:55.885475,0 days 00:00:02.866576,8,7,threshold,0.9800694781865671,5.0,COMPLETE
220,11.70469044239608,2026-04-03 16:20:55.885599,2026-04-03 16:20:58.768998,0 days 00:00:02.883399,8,7,threshold,0.9854969661529095,5.0,COMPLETE
221,11.219716449256389,2026-04-03 16:20:58.769123,2026-04-03 16:21:01.634889,0 days 00:00:02.865766,8,7,threshold,0.9876064260840557,5.0,COMPLETE
222,11.219716449256389,2026-04-03 16:21:01.635013,2026-04-03 16:21:04.532274,0 days 00:00:02.897261,8,7,threshold,0.9875921027775542,5.0,COMPLETE
223,11.256931368157646,2026-04-03 16:21:04.532397,2026-04-03 16:21:07.379389,0 days 00:00:02.846992,8,7,threshold,0.9834503965603991,5.0,COMPLETE
224,11.219716449256389,2026-04-03 16:21:07.379514,2026-04-03 16:21:10.235562,0 days 00:00:02.856048,8,7,threshold,0.9877621787950996,5.0,COMPLETE
225,11.734218019693843,2026-04-03 16:21:10.235689,2026-04-03 16:21:13.096784,0 days 00:00:02.861095,8,7,threshold,0.9849330384056034,5.0,COMPLETE
226,11.213734857656279,2026-04-03 16:21:13.096915,2026-04-03 16:21:15.958948,0 days 00:00:02.862033,8,7,threshold,0.9899652668180805,5.0,COMPLETE
227,10.892721820560197,2026-04-03 16:21:15.959069,2026-04-03 16:21:18.863311,0 days 00:00:02.904242,8,7,threshold,0.9824942491891644,5.0,COMPLETE
228,11.766355507539163,2026-04-03 16:21:18.863434,2026-04-03 16:21:21.963009,0 days 00:00:03.099575,8,7,threshold,0.9864521762680524,5.0,COMPLETE
229,10.647041918160657,2026-04-03 16:21:21.963170,2026-04-03 16:21:24.823679,0 days 00:00:02.860509,8,7,threshold,0.9780319575046033,5.0,COMPLETE
230,11.766355507539163,2026-04-03 16:21:24.823803,2026-04-03 16:21:27.676481,0 days 00:00:02.852678,8,7,threshold,0.9874248364659095,5.0,COMPLETE
231,11.70469044239608,2026-04-03 16:21:27.676608,2026-04-03 16:21:30.531366,0 days 00:00:02.854758,8,7,threshold,0.9853794249676732,5.0,COMPLETE
232,11.70469044239608,2026-04-03 16:21:30.531489,2026-04-03 16:21:33.450918,0 days 00:00:02.919429,8,7,threshold,0.9851873026969091,5.0,COMPLETE
233,11.213734857656279,2026-04-03 16:21:33.451038,2026-04-03 16:21:36.308605,0 days 00:00:02.857567,8,7,threshold,0.9899029878637547,5.0,COMPLETE
234,10.892721820560197,2026-04-03 16:21:36.308730,2026-04-03 16:21:39.169256,0 days 00:00:02.860526,8,7,threshold,0.9824050373872341,5.0,COMPLETE
235,11.766355507539163,2026-04-03 16:21:39.169378,2026-04-03 16:21:42.013351,0 days 00:00:02.843973,8,7,threshold,0.9865046438614,5.0,COMPLETE
236,11.219716449256389,2026-04-03 16:21:42.013473,2026-04-03 16:21:44.899549,0 days 00:00:02.886076,8,7,threshold,0.9877027068914039,5.0,COMPLETE
237,11.256931368157646,2026-04-03 16:21:44.899703,2026-04-03 16:21:47.807720,0 days 00:00:02.908017,8,7,threshold,0.983611175234512,5.0,COMPLETE
238,10.892721820560197,2026-04-03 16:21:47.807840,2026-04-03 16:21:50.675493,0 days 00:00:02.867653,8,7,threshold,0.9807238073917794,5.0,COMPLETE
239,11.574634622677376,2026-04-03 16:21:50.675626,2026-04-03 16:21:53.703133,0 days 00:00:03.027507,8,7,threshold,0.984898178374767,5.0,COMPLETE
240,2.0307908755590467,2026-04-03 16:21:53.703274,2026-04-03 16:21:55.883021,0 days 00:00:02.179747,6,2,threshold,0.9878575333969436,5.0,COMPLETE
241,11.213734857656279,2026-04-03 16:21:55.883149,2026-04-03 16:21:58.741601,0 days 00:00:02.858452,8,7,threshold,0.989937429663121,5.0,COMPLETE
242,11.766355507539163,2026-04-03 16:21:58.741729,2026-04-03 16:22:01.635439,0 days 00:00:02.893710,8,7,threshold,0.9870486229592333,5.0,COMPLETE
243,11.70469044239608,2026-04-03 16:22:01.635562,2026-04-03 16:22:04.490616,0 days 00:00:02.855054,8,7,threshold,0.9853208481215902,5.0,COMPLETE
244,11.766355507539163,2026-04-03 16:22:04.490735,2026-04-03 16:22:07.340738,0 days 00:00:02.850003,8,7,threshold,0.9871195505330348,5.0,COMPLETE
245,10.892721820560197,2026-04-03 16:22:07.340859,2026-04-03 16:22:10.188106,0 days 00:00:02.847247,8,7,threshold,0.9828318831587998,5.0,COMPLETE
246,11.766355507539163,2026-04-03 16:22:10.188225,2026-04-03 16:22:13.029783,0 days 00:00:02.841558,8,7,threshold,0.9873652445666292,5.0,COMPLETE
247,11.574634622677376,2026-04-03 16:22:13.029903,2026-04-03 16:22:15.921848,0 days 00:00:02.891945,8,7,threshold,0.9839344687465429,5.0,COMPLETE
248,10.892721820560197,2026-04-03 16:22:15.921974,2026-04-03 16:22:18.793870,0 days 00:00:02.871896,8,7,threshold,0.9803994614970906,5.0,COMPLETE
249,11.219716449256389,2026-04-03 16:22:18.793993,2026-04-03 16:22:21.756686,0 days 00:00:02.962693,8,7,threshold,0.9881579849543003,5.0,COMPLETE
250,11.734218019693843,2026-04-03 16:22:21.756824,2026-04-03 16:22:24.781961,0 days 00:00:03.025137,8,7,threshold,0.9850509911086972,5.0,COMPLETE
251,7.768399358965093,2026-04-03 16:22:24.782116,2026-04-03 16:22:26.508656,0 days 00:00:01.726540,5,4,threshold,0.9831084873785451,5.0,COMPLETE
252,11.213734857656279,2026-04-03 16:22:26.508775,2026-04-03 16:22:29.401131,0 days 00:00:02.892356,8,7,threshold,0.9898499792060947,5.0,COMPLETE
253,11.70469044239608,2026-04-03 16:22:29.401248,2026-04-03 16:22:32.259344,0 days 00:00:02.858096,8,7,threshold,0.9856099425372585,5.0,COMPLETE
254,8.300160886983111,2026-04-03 16:22:32.259467,2026-04-03 16:22:35.114778,0 days 00:00:02.855311,8,5,threshold,0.9814896916610526,5.0,COMPLETE
255,11.213734857656279,2026-04-03 16:22:35.114901,2026-04-03 16:22:37.964049,0 days 00:00:02.849148,8,7,threshold,0.9898914050575881,5.0,COMPLETE
256,11.766355507539163,2026-04-03 16:22:37.964175,2026-04-03 16:22:41.600228,0 days 00:00:03.636053,8,7,threshold,0.9869116496617184,5.0,COMPLETE
257,11.734218019693843,2026-04-03 16:22:41.600660,2026-04-03 16:22:44.715084,0 days 00:00:03.114424,8,7,threshold,0.9850441014190677,5.0,COMPLETE
258,10.892721820560197,2026-04-03 16:22:44.715211,2026-04-03 16:22:47.598820,0 days 00:00:02.883609,8,7,threshold,0.9795132379250852,5.0,COMPLETE
259,11.766355507539163,2026-04-03 16:22:47.598985,2026-04-03 16:22:50.480041,0 days 00:00:02.881056,8,7,threshold,0.9873535834782794,5.0,COMPLETE
260,10.892721820560197,2026-04-03 16:22:50.480163,2026-04-03 16:22:53.335767,0 days 00:00:02.855604,8,7,threshold,0.9826501062747021,5.0,COMPLETE
261,11.70469044239608,2026-04-03 16:22:53.335896,2026-04-03 16:22:56.645256,0 days 00:00:03.309360,8,7,threshold,0.9851583979035283,5.0,COMPLETE
262,11.213734857656279,2026-04-03 16:22:56.645387,2026-04-03 16:22:59.577963,0 days 00:00:02.932576,8,7,threshold,0.9898882564340471,5.0,COMPLETE
263,10.892721820560197,2026-04-03 16:22:59.578091,2026-04-03 16:23:02.428385,0 days 00:00:02.850294,8,7,threshold,0.9827267392286786,5.0,COMPLETE
264,9.851029562975338,2026-04-03 16:23:02.428510,2026-04-03 16:23:05.284384,0 days 00:00:02.855874,8,7,threshold,0.9440469743967156,5.0,COMPLETE
265,11.766355507539163,2026-04-03 16:23:05.284514,2026-04-03 16:23:08.132857,0 days 00:00:02.848343,8,7,threshold,0.9872528842566305,5.0,COMPLETE
266,10.647041918160657,2026-04-03 16:23:08.132980,2026-04-03 16:23:10.995583,0 days 00:00:02.862603,8,7,threshold,0.9789447266574729,5.0,COMPLETE
267,11.70469044239608,2026-04-03 16:23:10.995711,2026-04-03 16:23:13.900617,0 days 00:00:02.904906,8,7,threshold,0.9858652920193587,5.0,COMPLETE
268,10.892721820560197,2026-04-03 16:23:13.900743,2026-04-03 16:23:16.761842,0 days 00:00:02.861099,8,7,threshold,0.9829955755863203,5.0,COMPLETE
269,11.213734857656279,2026-04-03 16:23:16.761972,2026-04-03 16:23:19.616891,0 days 00:00:02.854919,8,7,threshold,0.9899676826250359,5.0,COMPLETE
270,11.766355507539163,2026-04-03 16:23:19.617017,2026-04-03 16:23:22.593747,0 days 00:00:02.976730,8,7,threshold,0.9872708134877548,5.0,COMPLETE
271,10.892721820560197,2026-04-03 16:23:22.593969,2026-04-03 16:23:25.626558,0 days 00:00:03.032589,8,7,threshold,0.9815221049491625,5.0,COMPLETE
272,11.574634622677376,2026-04-03 16:23:25.626683,2026-04-03 16:23:28.574671,0 days 00:00:02.947988,8,7,threshold,0.9846290136406415,5.0,COMPLETE
273,10.661903276519908,2026-04-03 16:23:28.574800,2026-04-03 16:23:31.483112,0 days 00:00:02.908312,8,7,threshold,0.9773131212717849,5.0,COMPLETE
274,11.766355507539163,2026-04-03 16:23:31.483260,2026-04-03 16:23:34.335087,0 days 00:00:02.851827,8,7,threshold,0.9871878647722071,5.0,COMPLETE
275,11.574634622677376,2026-04-03 16:23:34.335207,2026-04-03 16:23:37.199603,0 days 00:00:02.864396,8,7,threshold,0.9844925782112801,5.0,COMPLETE
276,11.213734857656279,2026-04-03 16:23:37.199721,2026-04-03 16:23:40.050626,0 days 00:00:02.850905,8,7,threshold,0.9899773661918904,5.0,COMPLETE
277,10.892721820560197,2026-04-03 16:23:40.050751,2026-04-03 16:23:42.946284,0 days 00:00:02.895533,8,7,threshold,0.981366166481241,5.0,COMPLETE
278,11.766355507539163,2026-04-03 16:23:42.946411,2026-04-03 16:23:45.816462,0 days 00:00:02.870051,8,7,threshold,0.9873202949491989,5.0,COMPLETE
279,11.574634622677376,2026-04-03 16:23:45.816582,2026-04-03 16:23:48.693383,0 days 00:00:02.876801,8,7,threshold,0.9845428353253549,5.0,COMPLETE
280,11.766355507539163,2026-04-03 16:23:48.693519,2026-04-03 16:23:51.541201,0 days 00:00:02.847682,8,7,threshold,0.9873123458538116,5.0,COMPLETE
281,10.892721820560197,2026-04-03 16:23:51.541322,2026-04-03 16:23:54.411976,0 days 00:00:02.870654,8,7,threshold,0.9802218552242751,5.0,COMPLETE
282,11.256931368157646,2026-04-03 16:23:54.412103,2026-04-03 16:23:57.339454,0 days 00:00:02.927351,8,7,threshold,0.9837250557529202,5.0,COMPLETE
283,11.219716449256389,2026-04-03 16:23:57.339576,2026-04-03 16:24:00.236162,0 days 00:00:02.896586,8,7,threshold,0.9879139573496069,5.0,COMPLETE
284,6.912079040238983,2026-04-03 16:24:00.236317,2026-04-03 16:24:01.273066,0 days 00:00:01.036749,2,1,threshold,0.9853756312902842,5.0,COMPLETE
285,9.050257624085353,2026-04-03 16:24:01.273200,2026-04-03 16:24:04.166794,0 days 00:00:02.893594,8,7,threshold,0.8535113596706295,5.0,COMPLETE
286,10.892721820560197,2026-04-03 16:24:04.166915,2026-04-03 16:24:07.015966,0 days 00:00:02.849051,8,7,threshold,0.9818588640506116,5.0,COMPLETE
287,9.40747395884618,2026-04-03 16:24:07.016089,2026-04-03 16:24:09.924496,0 days 00:00:02.908407,8,7,threshold,0.9062235671267774,5.0,COMPLETE
288,11.213734857656279,2026-04-03 16:24:09.924622,2026-04-03 16:24:12.772503,0 days 00:00:02.847881,8,7,threshold,0.9899414929403637,5.0,COMPLETE
289,9.011201971836213,2026-04-03 16:24:12.772628,2026-04-03 16:24:15.624155,0 days 00:00:02.851527,8,7,threshold,0.8643444793094844,5.0,COMPLETE
290,1.8537737096592029,2026-04-03 16:24:15.624277,2026-04-03 16:24:17.097658,0 days 00:00:01.473381,4,2,threshold,0.985600172974378,5.0,COMPLETE
291,10.661903276519908,2026-04-03 16:24:17.097779,2026-04-03 16:24:19.974672,0 days 00:00:02.876893,8,7,threshold,0.9772174036503823,5.0,COMPLETE
292,10.892721820560197,2026-04-03 16:24:19.974794,2026-04-03 16:24:22.959877,0 days 00:00:02.985083,8,7,threshold,0.9831116146368422,5.0,COMPLETE
293,11.766355507539163,2026-04-03 16:24:22.960019,2026-04-03 16:24:25.805606,0 days 00:00:02.845587,8,7,threshold,0.9870084944583651,5.0,COMPLETE
294,8.054593083577755,2026-04-03 16:24:25.805725,2026-04-03 16:24:28.013832,0 days 00:00:02.208107,6,5,threshold,0.9796096622461996,5.0,COMPLETE
295,11.219716449256389,2026-04-03 16:24:28.013962,2026-04-03 16:24:30.875449,0 days 00:00:02.861487,8,7,threshold,0.9875320050422873,5.0,COMPLETE
296,4.979970452757087,2026-04-03 16:24:30.875576,2026-04-03 16:24:33.571140,0 days 00:00:02.695564,7,6,threshold,0.9899696373417397,5.0,COMPLETE
297,11.574634622677376,2026-04-03 16:24:33.571266,2026-04-03 16:24:36.450382,0 days 00:00:02.879116,8,7,threshold,0.983825782711865,5.0,COMPLETE
