number,value,datetime_start,datetime_complete,duration,params_hmm_components,params_hmm_favourable,params_hmm_gate,params_hmm_threshold,params_hmm_train_years,state
0,4.143751331319188,2026-04-03 17:15:44.234502,2026-04-03 17:15:45.772581,0 days 00:00:01.538079,4,3,threshold,0.9524791518535967,5.0,COMPLETE
1,0.0,2026-04-03 17:15:45.772780,2026-04-03 17:15:46.237390,0 days 00:00:00.464610,6,1,threshold,0.8718392328470683,5.0,COMPLETE
2,8.685947025939342,2026-04-03 17:15:46.237530,2026-04-03 17:15:46.452588,0 days 00:00:00.215058,2,1,threshold,0.9712646604084909,5.0,COMPLETE
3,4.604784400419041,2026-04-03 17:15:46.452708,2026-04-03 17:15:46.919598,0 days 00:00:00.466890,6,4,threshold,0.8528818292014123,5.0,COMPLETE
4,1.6191811272428314,2026-04-03 17:15:46.919732,2026-04-03 17:15:47.560397,0 days 00:00:00.640665,8,6,threshold,0.8797274754949587,5.0,COMPLETE
5,3.235084672450175,2026-04-03 17:15:47.560526,2026-04-03 17:15:47.801268,0 days 00:00:00.240742,3,1,threshold,0.8925939140143353,5.0,COMPLETE
6,0.8240719665053039,2026-04-03 17:15:47.801399,2026-04-03 17:15:48.235572,0 days 00:00:00.434173,5,2,threshold,0.8907720796277259,5.0,COMPLETE
7,0.0,2026-04-03 17:15:48.235698,2026-04-03 17:15:48.685392,0 days 00:00:00.449694,6,1,threshold,0.8909002507949305,5.0,COMPLETE
8,0.8814696097717678,2026-04-03 17:15:48.685514,2026-04-03 17:15:49.005665,0 days 00:00:00.320151,4,2,threshold,0.9599246345950219,5.0,COMPLETE
9,5.3622007602219535,2026-04-03 17:15:49.005792,2026-04-03 17:15:49.250669,0 days 00:00:00.244877,3,2,threshold,0.9329380396406859,5.0,COMPLETE
10,8.67427983757657,2026-04-03 17:15:49.250790,2026-04-03 17:15:49.505752,0 days 00:00:00.254962,2,1,threshold,0.9804570243212278,5.0,COMPLETE
11,8.67427983757657,2026-04-03 17:15:49.505879,2026-04-03 17:15:49.722508,0 days 00:00:00.216629,2,1,threshold,0.9835770549835151,5.0,COMPLETE
12,8.67427983757657,2026-04-03 17:15:49.722649,2026-04-03 17:15:49.958737,0 days 00:00:00.236088,2,1,threshold,0.9797250994514798,5.0,COMPLETE
13,8.105032211228492,2026-04-03 17:15:49.958866,2026-04-03 17:15:50.187364,0 days 00:00:00.228498,2,1,threshold,0.959892459140213,5.0,COMPLETE
14,3.235084672450175,2026-04-03 17:15:50.187490,2026-04-03 17:15:50.430666,0 days 00:00:00.243176,3,1,threshold,0.9338416134407657,5.0,COMPLETE
15,2.6048178739764554,2026-04-03 17:15:50.430787,2026-04-03 17:15:51.070297,0 days 00:00:00.639510,8,6,threshold,0.9888310255774024,5.0,COMPLETE
16,1.221599709470436,2026-04-03 17:15:51.070421,2026-04-03 17:15:51.386777,0 days 00:00:00.316356,4,2,threshold,0.9687106151935012,5.0,COMPLETE
17,8.105032211228492,2026-04-03 17:15:51.386899,2026-04-03 17:15:51.606856,0 days 00:00:00.219957,2,1,threshold,0.915624843746603,5.0,COMPLETE
18,3.235084672450175,2026-04-03 17:15:51.606978,2026-04-03 17:15:51.848305,0 days 00:00:00.241327,3,1,threshold,0.9465351241568899,5.0,COMPLETE
19,6.46150816076732,2026-04-03 17:15:51.848426,2026-04-03 17:15:52.280044,0 days 00:00:00.431618,5,3,threshold,0.9135041592835906,5.0,COMPLETE
20,4.372649685801268,2026-04-03 17:15:52.280167,2026-04-03 17:15:52.836325,0 days 00:00:00.556158,7,5,threshold,0.9673734749267251,5.0,COMPLETE
21,8.67427983757657,2026-04-03 17:15:52.836452,2026-04-03 17:15:53.069106,0 days 00:00:00.232654,2,1,threshold,0.9888409445270183,5.0,COMPLETE
22,8.67427983757657,2026-04-03 17:15:53.069234,2026-04-03 17:15:53.287088,0 days 00:00:00.217854,2,1,threshold,0.9781418376718445,5.0,COMPLETE
23,1.7273718062810657,2026-04-03 17:15:53.287210,2026-04-03 17:15:53.531509,0 days 00:00:00.244299,3,1,threshold,0.9779724994048395,5.0,COMPLETE
24,8.105032211228492,2026-04-03 17:15:53.531632,2026-04-03 17:15:53.750667,0 days 00:00:00.219035,2,1,threshold,0.9443984554572729,5.0,COMPLETE
25,1.9512719352612329,2026-04-03 17:15:53.750790,2026-04-03 17:15:54.073873,0 days 00:00:00.323083,4,2,threshold,0.971057498682559,5.0,COMPLETE
26,1.9066565163640772,2026-04-03 17:15:54.073999,2026-04-03 17:15:54.346959,0 days 00:00:00.272960,3,1,threshold,0.9877077028753891,5.0,COMPLETE
27,8.105032211228492,2026-04-03 17:15:54.347093,2026-04-03 17:15:54.584927,0 days 00:00:00.237834,2,1,threshold,0.9594566682011136,5.0,COMPLETE
28,3.235084672450175,2026-04-03 17:15:54.585058,2026-04-03 17:15:54.831932,0 days 00:00:00.246874,3,1,threshold,0.9273412698214826,5.0,COMPLETE
29,0.3392758308658667,2026-04-03 17:15:54.832056,2026-04-03 17:15:55.193259,0 days 00:00:00.361203,4,2,threshold,0.9480110905780016,5.0,COMPLETE
30,8.105032211228492,2026-04-03 17:15:55.193400,2026-04-03 17:15:55.415675,0 days 00:00:00.222275,2,1,threshold,0.9565485286596831,5.0,COMPLETE
31,8.67427983757657,2026-04-03 17:15:55.415799,2026-04-03 17:15:55.630714,0 days 00:00:00.214915,2,1,threshold,0.9783279147786907,5.0,COMPLETE
32,8.67427983757657,2026-04-03 17:15:55.630839,2026-04-03 17:15:55.863531,0 days 00:00:00.232692,2,1,threshold,0.9810696787061126,5.0,COMPLETE
33,1.7273718062810657,2026-04-03 17:15:55.863653,2026-04-03 17:15:56.115067,0 days 00:00:00.251414,3,1,threshold,0.9703509825273772,5.0,COMPLETE
34,8.67427983757657,2026-04-03 17:15:56.115186,2026-04-03 17:15:56.335245,0 days 00:00:00.220059,2,1,threshold,0.981503898932358,5.0,COMPLETE
35,4.228085675027498,2026-04-03 17:15:56.335386,2026-04-03 17:15:56.587210,0 days 00:00:00.251824,3,1,threshold,0.8520853478390205,5.0,COMPLETE
36,0.9947532816419844,2026-04-03 17:15:56.587343,2026-04-03 17:15:56.957110,0 days 00:00:00.369767,4,2,threshold,0.9661932519298256,5.0,COMPLETE
37,8.685947025939342,2026-04-03 17:15:56.957283,2026-04-03 17:15:57.217800,0 days 00:00:00.260517,2,1,threshold,0.9741437228558335,5.0,COMPLETE
38,6.46150816076732,2026-04-03 17:15:57.217942,2026-04-03 17:15:57.703750,0 days 00:00:00.485808,5,3,threshold,0.9521863976798822,5.0,COMPLETE
39,4.52034830402954,2026-04-03 17:15:57.703887,2026-04-03 17:15:58.173086,0 days 00:00:00.469199,6,2,threshold,0.89993855575913,5.0,COMPLETE
40,3.235084672450175,2026-04-03 17:15:58.173209,2026-04-03 17:15:58.417183,0 days 00:00:00.243974,3,1,threshold,0.9386219433299883,5.0,COMPLETE
41,8.685947025939342,2026-04-03 17:15:58.417304,2026-04-03 17:15:58.641365,0 days 00:00:00.224061,2,1,threshold,0.9740270212204029,5.0,COMPLETE
42,8.558946366802862,2026-04-03 17:15:58.641488,2026-04-03 17:15:58.862083,0 days 00:00:00.220595,2,1,threshold,0.9654485115730773,5.0,COMPLETE
43,8.685947025939342,2026-04-03 17:15:58.862218,2026-04-03 17:15:59.093848,0 days 00:00:00.231630,2,1,threshold,0.9748064734220703,5.0,COMPLETE
44,8.685947025939342,2026-04-03 17:15:59.093977,2026-04-03 17:15:59.391418,0 days 00:00:00.297441,2,1,threshold,0.9730022292093166,5.0,COMPLETE
45,1.7273718062810657,2026-04-03 17:15:59.391544,2026-04-03 17:15:59.633761,0 days 00:00:00.242217,3,1,threshold,0.9729192901578078,5.0,COMPLETE
46,8.105032211228492,2026-04-03 17:15:59.633881,2026-04-03 17:15:59.849817,0 days 00:00:00.215936,2,1,threshold,0.8614633616894896,5.0,COMPLETE
47,2.514580210085056,2026-04-03 17:15:59.849942,2026-04-03 17:16:00.095421,0 days 00:00:00.245479,3,1,threshold,0.9549186229470764,5.0,COMPLETE
48,4.205852665528204,2026-04-03 17:16:00.095552,2026-04-03 17:16:00.651603,0 days 00:00:00.556051,7,2,threshold,0.961110916717866,5.0,COMPLETE
49,8.685947025939342,2026-04-03 17:16:00.651733,2026-04-03 17:16:00.867842,0 days 00:00:00.216109,2,1,threshold,0.9734730034982054,5.0,COMPLETE
50,8.558946366802862,2026-04-03 17:16:00.867964,2026-04-03 17:16:01.108229,0 days 00:00:00.240265,2,1,threshold,0.9632328152908269,5.0,COMPLETE
51,8.685947025939342,2026-04-03 17:16:01.108351,2026-04-03 17:16:01.330090,0 days 00:00:00.221739,2,1,threshold,0.9733290525918559,5.0,COMPLETE
52,8.685947025939342,2026-04-03 17:16:01.330211,2026-04-03 17:16:01.545562,0 days 00:00:00.215351,2,1,threshold,0.9742371059278223,5.0,COMPLETE
53,1.7273718062810657,2026-04-03 17:16:01.545683,2026-04-03 17:16:01.793264,0 days 00:00:00.247581,3,1,threshold,0.9842931628994026,5.0,COMPLETE
54,8.105032211228492,2026-04-03 17:16:01.793383,2026-04-03 17:16:02.010103,0 days 00:00:00.216720,2,1,threshold,0.9527507732164265,5.0,COMPLETE
55,8.105032211228492,2026-04-03 17:16:02.010228,2026-04-03 17:16:02.227619,0 days 00:00:00.217391,2,1,threshold,0.8816572338476154,5.0,COMPLETE
56,1.9066565163640772,2026-04-03 17:16:02.227740,2026-04-03 17:16:02.472075,0 days 00:00:00.244335,3,1,threshold,0.9896457759873363,5.0,COMPLETE
57,8.685947025939342,2026-04-03 17:16:02.472194,2026-04-03 17:16:02.689780,0 days 00:00:00.217586,2,1,threshold,0.9743553196489957,5.0,COMPLETE
58,0.7879270116114202,2026-04-03 17:16:02.689900,2026-04-03 17:16:03.118358,0 days 00:00:00.428458,5,2,threshold,0.9646029839129295,5.0,COMPLETE
59,1.7273718062810657,2026-04-03 17:16:03.118489,2026-04-03 17:16:03.359876,0 days 00:00:00.241387,3,1,threshold,0.9845094294655761,5.0,COMPLETE
60,4.372649685801268,2026-04-03 17:16:03.359998,2026-04-03 17:16:03.916781,0 days 00:00:00.556783,7,4,threshold,0.9685864350978168,5.0,COMPLETE
61,8.685947025939342,2026-04-03 17:16:03.916907,2026-04-03 17:16:04.139593,0 days 00:00:00.222686,2,1,threshold,0.9757031147745955,5.0,COMPLETE
62,8.685947025939342,2026-04-03 17:16:04.139717,2026-04-03 17:16:04.388120,0 days 00:00:00.248403,2,1,threshold,0.9727562395448868,5.0,COMPLETE
63,8.67427983757657,2026-04-03 17:16:04.388248,2026-04-03 17:16:04.605753,0 days 00:00:00.217505,2,1,threshold,0.9851479909607689,5.0,COMPLETE
64,8.105032211228492,2026-04-03 17:16:04.605875,2026-04-03 17:16:04.826655,0 days 00:00:00.220780,2,1,threshold,0.9608203409212589,5.0,COMPLETE
65,8.67427983757657,2026-04-03 17:16:04.826780,2026-04-03 17:16:05.046582,0 days 00:00:00.219802,2,1,threshold,0.9773385944279829,5.0,COMPLETE
66,8.558946366802862,2026-04-03 17:16:05.046705,2026-04-03 17:16:05.263386,0 days 00:00:00.216681,2,1,threshold,0.9683004176567044,5.0,COMPLETE
67,3.235084672450175,2026-04-03 17:16:05.263505,2026-04-03 17:16:05.508746,0 days 00:00:00.245241,3,1,threshold,0.9063360090231336,5.0,COMPLETE
68,8.67427983757657,2026-04-03 17:16:05.508871,2026-04-03 17:16:05.726463,0 days 00:00:00.217592,2,1,threshold,0.9809802265879661,5.0,COMPLETE
69,3.235084672450175,2026-04-03 17:16:05.726588,2026-04-03 17:16:05.970731,0 days 00:00:00.244143,3,1,threshold,0.9405158417225272,5.0,COMPLETE
70,8.105032211228492,2026-04-03 17:16:05.970862,2026-04-03 17:16:06.190239,0 days 00:00:00.219377,2,1,threshold,0.9576855130890877,5.0,COMPLETE
71,8.685947025939342,2026-04-03 17:16:06.190374,2026-04-03 17:16:06.411872,0 days 00:00:00.221498,2,1,threshold,0.9732930857036514,5.0,COMPLETE
72,8.67427983757657,2026-04-03 17:16:06.412002,2026-04-03 17:16:06.630475,0 days 00:00:00.218473,2,1,threshold,0.977723823127024,5.0,COMPLETE
73,8.558946366802862,2026-04-03 17:16:06.630598,2026-04-03 17:16:06.849341,0 days 00:00:00.218743,2,1,threshold,0.969120408813926,5.0,COMPLETE
74,8.685947025939342,2026-04-03 17:16:06.849463,2026-04-03 17:16:07.192033,0 days 00:00:00.342570,2,1,threshold,0.9744961519829634,5.0,COMPLETE
75,8.105032211228492,2026-04-03 17:16:07.192197,2026-04-03 17:16:07.417484,0 days 00:00:00.225287,2,1,threshold,0.9630332947090225,5.0,COMPLETE
76,3.235084672450175,2026-04-03 17:16:07.417874,2026-04-03 17:16:07.677835,0 days 00:00:00.259961,3,1,threshold,0.9233597495449444,5.0,COMPLETE
77,8.105032211228492,2026-04-03 17:16:07.677969,2026-04-03 17:16:08.114590,0 days 00:00:00.436621,2,1,threshold,0.9502741152972277,5.0,COMPLETE
78,2.070924579081489,2026-04-03 17:16:08.114726,2026-04-03 17:16:08.579224,0 days 00:00:00.464498,6,2,threshold,0.9858666642902949,5.0,COMPLETE
79,1.7273718062810657,2026-04-03 17:16:08.579349,2026-04-03 17:16:08.878230,0 days 00:00:00.298881,3,1,threshold,0.9812439405366797,5.0,COMPLETE
80,8.558946366802862,2026-04-03 17:16:08.878359,2026-04-03 17:16:09.101127,0 days 00:00:00.222768,2,1,threshold,0.9664747296333959,5.0,COMPLETE
81,8.685947025939342,2026-04-03 17:16:09.101252,2026-04-03 17:16:09.321802,0 days 00:00:00.220550,2,1,threshold,0.9718719549150737,5.0,COMPLETE
82,8.685947025939342,2026-04-03 17:16:09.321921,2026-04-03 17:16:09.542816,0 days 00:00:00.220895,2,1,threshold,0.9748618602661632,5.0,COMPLETE
83,8.685947025939342,2026-04-03 17:16:09.542941,2026-04-03 17:16:09.762280,0 days 00:00:00.219339,2,1,threshold,0.9707234273695765,5.0,COMPLETE
84,8.67427983757657,2026-04-03 17:16:09.762429,2026-04-03 17:16:09.984359,0 days 00:00:00.221930,2,1,threshold,0.9770362976132195,5.0,COMPLETE
85,8.67427983757657,2026-04-03 17:16:09.984484,2026-04-03 17:16:10.206880,0 days 00:00:00.222396,2,1,threshold,0.9825170509784158,5.0,COMPLETE
86,8.105032211228492,2026-04-03 17:16:10.207010,2026-04-03 17:16:10.426154,0 days 00:00:00.219144,2,1,threshold,0.9558178051745108,5.0,COMPLETE
87,2.009957385950154,2026-04-03 17:16:10.426288,2026-04-03 17:16:11.064429,0 days 00:00:00.638141,8,5,threshold,0.9652889447597787,5.0,COMPLETE
88,8.67427983757657,2026-04-03 17:16:11.064555,2026-04-03 17:16:11.281774,0 days 00:00:00.217219,2,1,threshold,0.9873277836648251,5.0,COMPLETE
89,1.7273718062810657,2026-04-03 17:16:11.281908,2026-04-03 17:16:11.528362,0 days 00:00:00.246454,3,1,threshold,0.9748815205382435,5.0,COMPLETE
90,8.67427983757657,2026-04-03 17:16:11.528495,2026-04-03 17:16:11.746278,0 days 00:00:00.217783,2,1,threshold,0.978957457203544,5.0,COMPLETE
91,8.685947025939342,2026-04-03 17:16:11.746402,2026-04-03 17:16:11.963828,0 days 00:00:00.217426,2,1,threshold,0.9756502121137525,5.0,COMPLETE
92,8.685947025939342,2026-04-03 17:16:11.963951,2026-04-03 17:16:12.194231,0 days 00:00:00.230280,2,1,threshold,0.9708027004340889,5.0,COMPLETE
93,8.105032211228492,2026-04-03 17:16:12.194357,2026-04-03 17:16:12.415885,0 days 00:00:00.221528,2,1,threshold,0.9616241253441364,5.0,COMPLETE
94,8.67427983757657,2026-04-03 17:16:12.416054,2026-04-03 17:16:12.638682,0 days 00:00:00.222628,2,1,threshold,0.982990233857067,5.0,COMPLETE
95,8.67427983757657,2026-04-03 17:16:12.638815,2026-04-03 17:16:12.865534,0 days 00:00:00.226719,2,1,threshold,0.9896890174596463,5.0,COMPLETE
96,8.558946366802862,2026-04-03 17:16:12.865669,2026-04-03 17:16:13.120511,0 days 00:00:00.254842,2,1,threshold,0.9679997822789369,5.0,COMPLETE
97,1.35042011671637,2026-04-03 17:16:13.120644,2026-04-03 17:16:13.437202,0 days 00:00:00.316558,4,1,threshold,0.9586463115712428,5.0,COMPLETE
98,1.7273718062810657,2026-04-03 17:16:13.437336,2026-04-03 17:16:13.683149,0 days 00:00:00.245813,3,1,threshold,0.9721584051751091,5.0,COMPLETE
99,8.67427983757657,2026-04-03 17:16:13.683273,2026-04-03 17:16:13.905104,0 days 00:00:00.221831,2,1,threshold,0.9785184756997112,5.0,COMPLETE
100,8.685947025939342,2026-04-03 17:16:13.905229,2026-04-03 17:16:14.125499,0 days 00:00:00.220270,2,1,threshold,0.9766141610421687,5.0,COMPLETE
101,8.685947025939342,2026-04-03 17:16:14.125623,2026-04-03 17:16:14.340741,0 days 00:00:00.215118,2,1,threshold,0.9731484627309583,5.0,COMPLETE
102,8.558946366802862,2026-04-03 17:16:14.340860,2026-04-03 17:16:14.562035,0 days 00:00:00.221175,2,1,threshold,0.9642892044293503,5.0,COMPLETE
103,8.685947025939342,2026-04-03 17:16:14.562161,2026-04-03 17:16:14.779930,0 days 00:00:00.217769,2,1,threshold,0.9694431928350279,5.0,COMPLETE
104,8.67427983757657,2026-04-03 17:16:14.780078,2026-04-03 17:16:15.002920,0 days 00:00:00.222842,2,1,threshold,0.9804170347428133,5.0,COMPLETE
105,8.685947025939342,2026-04-03 17:16:15.003050,2026-04-03 17:16:15.222087,0 days 00:00:00.219037,2,1,threshold,0.9738013310500168,5.0,COMPLETE
106,8.558946366802862,2026-04-03 17:16:15.222205,2026-04-03 17:16:15.441630,0 days 00:00:00.219425,2,1,threshold,0.9665260308817659,5.0,COMPLETE
107,1.7273718062810657,2026-04-03 17:16:15.441763,2026-04-03 17:16:15.696916,0 days 00:00:00.255153,3,1,threshold,0.9846082310726981,5.0,COMPLETE
108,8.685947025939342,2026-04-03 17:16:15.697046,2026-04-03 17:16:15.924474,0 days 00:00:00.227428,2,1,threshold,0.9700174757302046,5.0,COMPLETE
109,8.105032211228492,2026-04-03 17:16:15.924605,2026-04-03 17:16:16.141565,0 days 00:00:00.216960,2,1,threshold,0.9618646787925381,5.0,COMPLETE
110,8.67427983757657,2026-04-03 17:16:16.141689,2026-04-03 17:16:16.370626,0 days 00:00:00.228937,2,1,threshold,0.9797361138405764,5.0,COMPLETE
111,8.685947025939342,2026-04-03 17:16:16.370746,2026-04-03 17:16:16.598362,0 days 00:00:00.227616,2,1,threshold,0.9757597673521669,5.0,COMPLETE
112,8.685947025939342,2026-04-03 17:16:16.598491,2026-04-03 17:16:16.853667,0 days 00:00:00.255176,2,1,threshold,0.9726216468589246,5.0,COMPLETE
113,8.558946366802862,2026-04-03 17:16:16.853799,2026-04-03 17:16:17.073335,0 days 00:00:00.219536,2,1,threshold,0.9673358617334123,5.0,COMPLETE
114,8.685947025939342,2026-04-03 17:16:17.073458,2026-04-03 17:16:17.291697,0 days 00:00:00.218239,2,1,threshold,0.9732868115083938,5.0,COMPLETE
115,8.105032211228492,2026-04-03 17:16:17.291817,2026-04-03 17:16:17.515168,0 days 00:00:00.223351,2,1,threshold,0.8648643758113879,5.0,COMPLETE
116,8.67427983757657,2026-04-03 17:16:17.515295,2026-04-03 17:16:17.733057,0 days 00:00:00.217762,2,1,threshold,0.9822973856772294,5.0,COMPLETE
117,8.67427983757657,2026-04-03 17:16:17.733176,2026-04-03 17:16:17.951184,0 days 00:00:00.218008,2,1,threshold,0.9784514533511954,5.0,COMPLETE
118,1.7273718062810657,2026-04-03 17:16:17.951311,2026-04-03 17:16:18.209618,0 days 00:00:00.258307,3,1,threshold,0.9761163002513037,5.0,COMPLETE
119,8.67427983757657,2026-04-03 17:16:18.209757,2026-04-03 17:16:18.434606,0 days 00:00:00.224849,2,1,threshold,0.9857153077958656,5.0,COMPLETE
120,3.235084672450175,2026-04-03 17:16:18.434738,2026-04-03 17:16:18.682177,0 days 00:00:00.247439,3,1,threshold,0.8810663720835951,5.0,COMPLETE
121,8.685947025939342,2026-04-03 17:16:18.682299,2026-04-03 17:16:18.902897,0 days 00:00:00.220598,2,1,threshold,0.9732317273872366,5.0,COMPLETE
122,8.685947025939342,2026-04-03 17:16:18.903029,2026-04-03 17:16:19.129870,0 days 00:00:00.226841,2,1,threshold,0.9710730125915441,5.0,COMPLETE
123,8.558946366802862,2026-04-03 17:16:19.129991,2026-04-03 17:16:19.351483,0 days 00:00:00.221492,2,1,threshold,0.9644272950604613,5.0,COMPLETE
124,8.685947025939342,2026-04-03 17:16:19.351605,2026-04-03 17:16:19.575877,0 days 00:00:00.224272,2,1,threshold,0.9750522505485584,5.0,COMPLETE
125,8.67427983757657,2026-04-03 17:16:19.576001,2026-04-03 17:16:19.799512,0 days 00:00:00.223511,2,1,threshold,0.9804738059912504,5.0,COMPLETE
126,8.558946366802862,2026-04-03 17:16:19.799650,2026-04-03 17:16:20.031681,0 days 00:00:00.232031,2,1,threshold,0.9693295819518339,5.0,COMPLETE
127,4.26294826266366,2026-04-03 17:16:20.031811,2026-04-03 17:16:20.490013,0 days 00:00:00.458202,6,2,threshold,0.9673384844296944,5.0,COMPLETE
128,8.67427983757657,2026-04-03 17:16:20.490138,2026-04-03 17:16:20.708731,0 days 00:00:00.218593,2,1,threshold,0.977711926499244,5.0,COMPLETE
129,8.67427983757657,2026-04-03 17:16:20.708854,2026-04-03 17:16:20.930530,0 days 00:00:00.221676,2,1,threshold,0.9829113491642466,5.0,COMPLETE
130,6.650757870366972,2026-04-03 17:16:20.930665,2026-04-03 17:16:21.398511,0 days 00:00:00.467846,5,3,threshold,0.9745963256482663,5.0,COMPLETE
131,8.685947025939342,2026-04-03 17:16:21.398646,2026-04-03 17:16:21.617044,0 days 00:00:00.218398,2,1,threshold,0.9717967822615182,5.0,COMPLETE
132,8.685947025939342,2026-04-03 17:16:21.617166,2026-04-03 17:16:21.835654,0 days 00:00:00.218488,2,1,threshold,0.9706365857867749,5.0,COMPLETE
133,8.558946366802862,2026-04-03 17:16:21.835783,2026-04-03 17:16:22.052804,0 days 00:00:00.217021,2,1,threshold,0.9635345675789212,5.0,COMPLETE
134,8.105032211228492,2026-04-03 17:16:22.052928,2026-04-03 17:16:22.273303,0 days 00:00:00.220375,2,1,threshold,0.8942811221664694,5.0,COMPLETE
135,8.685947025939342,2026-04-03 17:16:22.273426,2026-04-03 17:16:22.490058,0 days 00:00:00.216632,2,1,threshold,0.9763034356428294,5.0,COMPLETE
136,8.558946366802862,2026-04-03 17:16:22.490182,2026-04-03 17:16:22.706848,0 days 00:00:00.216666,2,1,threshold,0.9665680065956597,5.0,COMPLETE
137,8.685947025939342,2026-04-03 17:16:22.706970,2026-04-03 17:16:22.929482,0 days 00:00:00.222512,2,1,threshold,0.9732261234972281,5.0,COMPLETE
138,8.67427983757657,2026-04-03 17:16:22.929609,2026-04-03 17:16:23.146739,0 days 00:00:00.217130,2,1,threshold,0.9795005834307535,5.0,COMPLETE
139,8.105032211228492,2026-04-03 17:16:23.146860,2026-04-03 17:16:23.363948,0 days 00:00:00.217088,2,1,threshold,0.912263449184897,5.0,COMPLETE
140,8.558946366802862,2026-04-03 17:16:23.364070,2026-04-03 17:16:23.596999,0 days 00:00:00.232929,2,1,threshold,0.9690408139229639,5.0,COMPLETE
141,8.685947025939342,2026-04-03 17:16:23.597127,2026-04-03 17:16:23.820239,0 days 00:00:00.223112,2,1,threshold,0.9749940604547788,5.0,COMPLETE
142,8.685947025939342,2026-04-03 17:16:23.820359,2026-04-03 17:16:24.042252,0 days 00:00:00.221893,2,1,threshold,0.9716266664903546,5.0,COMPLETE
143,8.67427983757657,2026-04-03 17:16:24.042375,2026-04-03 17:16:24.259799,0 days 00:00:00.217424,2,1,threshold,0.9774056052627094,5.0,COMPLETE
144,8.67427983757657,2026-04-03 17:16:24.259921,2026-04-03 17:16:24.481661,0 days 00:00:00.221740,2,1,threshold,0.9874208685145756,5.0,COMPLETE
145,8.67427983757657,2026-04-03 17:16:24.481785,2026-04-03 17:16:24.699438,0 days 00:00:00.217653,2,1,threshold,0.9812387705249647,5.0,COMPLETE
146,8.685947025939342,2026-04-03 17:16:24.699558,2026-04-03 17:16:24.928443,0 days 00:00:00.228885,2,1,threshold,0.974342783727851,5.0,COMPLETE
147,6.77310108996967,2026-04-03 17:16:24.928573,2026-04-03 17:16:25.485032,0 days 00:00:00.556459,7,3,threshold,0.9594463829608689,5.0,COMPLETE
148,8.558946366802862,2026-04-03 17:16:25.485156,2026-04-03 17:16:25.734254,0 days 00:00:00.249098,2,1,threshold,0.9665643947752418,5.0,COMPLETE
149,8.67427983757657,2026-04-03 17:16:25.734382,2026-04-03 17:16:25.952301,0 days 00:00:00.217919,2,1,threshold,0.9787751025919287,5.0,COMPLETE
