number,value,datetime_start,datetime_complete,duration,params_hmm_components,params_hmm_favourable,params_hmm_gate,params_hmm_threshold,params_hmm_train_years,state
298,3.9097306747892144,2026-04-03 17:15:31.325706,2026-04-03 17:15:31.594805,0 days 00:00:00.269099,3,1,threshold,0.9645490637055016,5.0,COMPLETE
299,3.9097306747892144,2026-04-03 17:15:31.594932,2026-04-03 17:15:31.866504,0 days 00:00:00.271572,3,1,threshold,0.9588651265601434,5.0,COMPLETE
