number,value,datetime_start,datetime_complete,duration,params_hmm_components,params_hmm_favourable,params_hmm_gate,params_hmm_threshold,params_hmm_train_years,state
296,0.39899235328739446,2026-04-03 15:03:27.405188,2026-04-03 15:03:27.591582,0 days 00:00:00.186394,2,1,threshold,0.9717265790829251,5.0,COMPLETE
297,0.39899235328739446,2026-04-03 15:03:27.591717,2026-04-03 15:03:27.775313,0 days 00:00:00.183596,2,1,threshold,0.9619045788580292,5.0,COMPLETE
298,0.41967669142897646,2026-04-03 15:03:27.775448,2026-04-03 15:03:28.007414,0 days 00:00:00.231966,2,1,threshold,0.9847992221930036,5.0,COMPLETE
299,0.39899235328739446,2026-04-03 15:03:28.007548,2026-04-03 15:03:28.185058,0 days 00:00:00.177510,2,1,threshold,0.9456406548844292,5.0,COMPLETE
300,0.41967669142897646,2026-04-03 15:03:28.185213,2026-04-03 15:03:28.382105,0 days 00:00:00.196892,2,1,threshold,0.9767149408068184,5.0,COMPLETE
301,0.39899235328739446,2026-04-03 15:03:28.382429,2026-04-03 15:03:28.572254,0 days 00:00:00.189825,2,1,threshold,0.9698932505078911,5.0,COMPLETE
302,0.34486972068947214,2026-04-03 15:03:28.572399,2026-04-03 15:03:28.758324,0 days 00:00:00.185925,2,1,threshold,0.6384072291894453,5.0,COMPLETE
303,0.41967669142897646,2026-04-03 15:03:28.758463,2026-04-03 15:03:28.941556,0 days 00:00:00.183093,2,1,threshold,0.982716188650608,5.0,COMPLETE
304,0.39899235328739446,2026-04-03 15:03:28.941689,2026-04-03 15:03:29.121134,0 days 00:00:00.179445,2,1,threshold,0.9650084229057321,5.0,COMPLETE
305,0.41544396271822914,2026-04-03 15:03:29.121263,2026-04-03 15:03:29.297589,0 days 00:00:00.176326,2,1,threshold,0.9893926359815627,5.0,COMPLETE
306,0.41967669142897646,2026-04-03 15:03:29.297716,2026-04-03 15:03:29.484322,0 days 00:00:00.186606,2,1,threshold,0.9793196249380846,5.0,COMPLETE
307,0.41967669142897646,2026-04-03 15:03:29.484462,2026-04-03 15:03:29.673993,0 days 00:00:00.189531,2,1,threshold,0.9754283810162715,5.0,COMPLETE
308,0.39899235328739446,2026-04-03 15:03:29.674128,2026-04-03 15:03:29.862994,0 days 00:00:00.188866,2,1,threshold,0.9596468983478544,5.0,COMPLETE
309,0.39899235328739446,2026-04-03 15:03:29.863128,2026-04-03 15:03:30.051692,0 days 00:00:00.188564,2,1,threshold,0.9687706316162061,5.0,COMPLETE
310,0.41967669142897646,2026-04-03 15:03:30.051825,2026-04-03 15:03:30.227119,0 days 00:00:00.175294,2,1,threshold,0.9772582303300447,5.0,COMPLETE
311,0.41544396271822914,2026-04-03 15:03:30.227252,2026-04-03 15:03:30.403557,0 days 00:00:00.176305,2,1,threshold,0.9896162111448661,5.0,COMPLETE
312,0.39899235328739446,2026-04-03 15:03:30.403684,2026-04-03 15:03:30.578974,0 days 00:00:00.175290,2,1,threshold,0.9525761997775348,5.0,COMPLETE
313,0.41544396271822914,2026-04-03 15:03:30.579106,2026-04-03 15:03:30.755618,0 days 00:00:00.176512,2,1,threshold,0.9897472422234862,5.0,COMPLETE
314,0.41967669142897646,2026-04-03 15:03:30.755744,2026-04-03 15:03:30.932327,0 days 00:00:00.176583,2,1,threshold,0.972301903362956,5.0,COMPLETE
315,0.41967669142897646,2026-04-03 15:03:30.932459,2026-04-03 15:03:31.113784,0 days 00:00:00.181325,2,1,threshold,0.9823666192578185,5.0,COMPLETE
316,0.41967669142897646,2026-04-03 15:03:31.113918,2026-04-03 15:03:31.292801,0 days 00:00:00.178883,2,1,threshold,0.97736448080978,5.0,COMPLETE
317,0.39899235328739446,2026-04-03 15:03:31.292936,2026-04-03 15:03:31.508424,0 days 00:00:00.215488,2,1,threshold,0.9643467015583785,5.0,COMPLETE
318,0.41967669142897646,2026-04-03 15:03:31.508548,2026-04-03 15:03:31.682975,0 days 00:00:00.174427,2,1,threshold,0.9819822405899596,5.0,COMPLETE
319,0.39899235328739446,2026-04-03 15:03:31.683104,2026-04-03 15:03:31.859447,0 days 00:00:00.176343,2,1,threshold,0.9697151006628021,5.0,COMPLETE
320,0.41967669142897646,2026-04-03 15:03:31.859593,2026-04-03 15:03:32.033948,0 days 00:00:00.174355,2,1,threshold,0.9745276624310166,5.0,COMPLETE
321,-0.39217729943121954,2026-04-03 15:03:32.034076,2026-04-03 15:03:32.218638,0 days 00:00:00.184562,3,2,threshold,0.9590971506299519,5.0,COMPLETE
322,0.41967669142897646,2026-04-03 15:03:32.218769,2026-04-03 15:03:32.393903,0 days 00:00:00.175134,2,1,threshold,0.9832597899120046,5.0,COMPLETE
323,0.39899235328739446,2026-04-03 15:03:32.394027,2026-04-03 15:03:32.571360,0 days 00:00:00.177333,2,1,threshold,0.9666268492714342,5.0,COMPLETE
324,0.41967669142897646,2026-04-03 15:03:32.571488,2026-04-03 15:03:32.749342,0 days 00:00:00.177854,2,1,threshold,0.9772944294725295,5.0,COMPLETE
325,0.41967669142897646,2026-04-03 15:03:32.749469,2026-04-03 15:03:32.926029,0 days 00:00:00.176560,2,1,threshold,0.9853011319918493,5.0,COMPLETE
326,0.41544396271822914,2026-04-03 15:03:32.926158,2026-04-03 15:03:33.100749,0 days 00:00:00.174591,2,1,threshold,0.9895657103247626,5.0,COMPLETE
327,0.41967669142897646,2026-04-03 15:03:33.100882,2026-04-03 15:03:33.279577,0 days 00:00:00.178695,2,1,threshold,0.9720428365518791,5.0,COMPLETE
328,0.39899235328739446,2026-04-03 15:03:33.279710,2026-04-03 15:03:33.459638,0 days 00:00:00.179928,2,1,threshold,0.9498755665175026,5.0,COMPLETE
329,0.39899235328739446,2026-04-03 15:03:33.459783,2026-04-03 15:03:33.640374,0 days 00:00:00.180591,2,1,threshold,0.9626508108562198,5.0,COMPLETE
330,0.374486011217683,2026-04-03 15:03:33.640510,2026-04-03 15:03:33.817228,0 days 00:00:00.176718,2,1,threshold,0.8729586156187644,5.0,COMPLETE
331,0.34486972068947214,2026-04-03 15:03:33.817356,2026-04-03 15:03:33.993231,0 days 00:00:00.175875,2,1,threshold,0.7146563169144905,5.0,COMPLETE
332,0.41967669142897646,2026-04-03 15:03:33.993359,2026-04-03 15:03:34.178437,0 days 00:00:00.185078,2,1,threshold,0.9790759512373264,5.0,COMPLETE
333,0.39899235328739446,2026-04-03 15:03:34.178625,2026-04-03 15:03:34.360496,0 days 00:00:00.181871,2,1,threshold,0.9711699882674957,5.0,COMPLETE
334,-0.12431092227551561,2026-04-03 15:03:34.360633,2026-04-03 15:03:34.548801,0 days 00:00:00.188168,4,1,threshold,0.7771092682261602,5.0,COMPLETE
335,0.41967669142897646,2026-04-03 15:03:34.548937,2026-04-03 15:03:34.730257,0 days 00:00:00.181320,2,1,threshold,0.9805546413577904,5.0,COMPLETE
336,0.41544396271822914,2026-04-03 15:03:34.730399,2026-04-03 15:03:34.954704,0 days 00:00:00.224305,2,1,threshold,0.989819870617187,5.0,COMPLETE
337,0.39899235328739446,2026-04-03 15:03:34.954841,2026-04-03 15:03:35.136558,0 days 00:00:00.181717,2,1,threshold,0.9660356430277034,5.0,COMPLETE
338,0.374486011217683,2026-04-03 15:03:35.136690,2026-04-03 15:03:35.315298,0 days 00:00:00.178608,2,1,threshold,0.8447102347582621,5.0,COMPLETE
339,0.41967669142897646,2026-04-03 15:03:35.315438,2026-04-03 15:03:35.494146,0 days 00:00:00.178708,2,1,threshold,0.9743942900869039,5.0,COMPLETE
340,0.39899235328739446,2026-04-03 15:03:35.494281,2026-04-03 15:03:35.674509,0 days 00:00:00.180228,2,1,threshold,0.9569332203421974,5.0,COMPLETE
341,0.41967669142897646,2026-04-03 15:03:35.674709,2026-04-03 15:03:35.850096,0 days 00:00:00.175387,2,1,threshold,0.9806268383622141,5.0,COMPLETE
342,0.41967669142897646,2026-04-03 15:03:35.850224,2026-04-03 15:03:36.024800,0 days 00:00:00.174576,2,1,threshold,0.972941774009604,5.0,COMPLETE
343,0.17695878944383003,2026-04-03 15:03:36.024923,2026-04-03 15:03:36.240918,0 days 00:00:00.215995,5,4,threshold,0.9654773367881567,5.0,COMPLETE
344,0.41967669142897646,2026-04-03 15:03:36.241048,2026-04-03 15:03:36.415015,0 days 00:00:00.173967,2,1,threshold,0.983795909212849,5.0,COMPLETE
345,0.41967669142897646,2026-04-03 15:03:36.415141,2026-04-03 15:03:36.590492,0 days 00:00:00.175351,2,1,threshold,0.9783887768606814,5.0,COMPLETE
346,0.41967669142897646,2026-04-03 15:03:36.590617,2026-04-03 15:03:36.765620,0 days 00:00:00.175003,2,1,threshold,0.98419401310482,5.0,COMPLETE
347,0.39899235328739446,2026-04-03 15:03:36.765744,2026-04-03 15:03:36.943756,0 days 00:00:00.178012,2,1,threshold,0.9707506388147489,5.0,COMPLETE
348,0.39899235328739446,2026-04-03 15:03:36.943884,2026-04-03 15:03:37.118274,0 days 00:00:00.174390,2,1,threshold,0.9577764707298784,5.0,COMPLETE
349,0.41967669142897646,2026-04-03 15:03:37.118399,2026-04-03 15:03:37.292300,0 days 00:00:00.173901,2,1,threshold,0.976546721691289,5.0,COMPLETE
350,0.41544396271822914,2026-04-03 15:03:37.292428,2026-04-03 15:03:37.466686,0 days 00:00:00.174258,2,1,threshold,0.9894363874117822,5.0,COMPLETE
351,0.39899235328739446,2026-04-03 15:03:37.466810,2026-04-03 15:03:37.640957,0 days 00:00:00.174147,2,1,threshold,0.9640632208478352,5.0,COMPLETE
352,0.39899235328739446,2026-04-03 15:03:37.641080,2026-04-03 15:03:37.822473,0 days 00:00:00.181393,2,1,threshold,0.9716210261744418,5.0,COMPLETE
353,0.39899235328739446,2026-04-03 15:03:37.822597,2026-04-03 15:03:37.999015,0 days 00:00:00.176418,2,1,threshold,0.9391346193660076,5.0,COMPLETE
354,0.41967669142897646,2026-04-03 15:03:37.999139,2026-04-03 15:03:38.210822,0 days 00:00:00.211683,2,1,threshold,0.9831247722711957,5.0,COMPLETE
355,0.34486972068947214,2026-04-03 15:03:38.210950,2026-04-03 15:03:38.388247,0 days 00:00:00.177297,2,1,threshold,0.7475331499918894,5.0,COMPLETE
356,0.41967669142897646,2026-04-03 15:03:38.388375,2026-04-03 15:03:38.564373,0 days 00:00:00.175998,2,1,threshold,0.977953261209455,5.0,COMPLETE
357,-0.15497087974104215,2026-04-03 15:03:38.564507,2026-04-03 15:03:38.752933,0 days 00:00:00.188426,6,5,threshold,0.9897650995584677,5.0,COMPLETE
358,-0.07629386710262043,2026-04-03 15:03:38.753065,2026-04-03 15:03:38.936611,0 days 00:00:00.183546,3,1,threshold,0.9670363570658732,5.0,COMPLETE
359,0.41967669142897646,2026-04-03 15:03:38.936740,2026-04-03 15:03:39.119310,0 days 00:00:00.182570,2,1,threshold,0.9752271862360716,5.0,COMPLETE
360,0.39899235328739446,2026-04-03 15:03:39.119440,2026-04-03 15:03:39.333594,0 days 00:00:00.214154,2,1,threshold,0.953627289279272,5.0,COMPLETE
361,0.41967669142897646,2026-04-03 15:03:39.333733,2026-04-03 15:03:39.519067,0 days 00:00:00.185334,2,1,threshold,0.9817057807652384,5.0,COMPLETE
362,0.39899235328739446,2026-04-03 15:03:39.519208,2026-04-03 15:03:39.701671,0 days 00:00:00.182463,2,1,threshold,0.9610598356563977,5.0,COMPLETE
363,0.39899235328739446,2026-04-03 15:03:39.701807,2026-04-03 15:03:39.880836,0 days 00:00:00.179029,2,1,threshold,0.9713511986160916,5.0,COMPLETE
364,0.41967669142897646,2026-04-03 15:03:39.880970,2026-04-03 15:03:40.071106,0 days 00:00:00.190136,2,1,threshold,0.9833450140402283,5.0,COMPLETE
365,0.41544396271822914,2026-04-03 15:03:40.071242,2026-04-03 15:03:40.250415,0 days 00:00:00.179173,2,1,threshold,0.9897093524971216,5.0,COMPLETE
366,0.39899235328739446,2026-04-03 15:03:40.250548,2026-04-03 15:03:40.430702,0 days 00:00:00.180154,2,1,threshold,0.9663744962360445,5.0,COMPLETE
367,0.41967669142897646,2026-04-03 15:03:40.430831,2026-04-03 15:03:40.612357,0 days 00:00:00.181526,2,1,threshold,0.9749503698841473,5.0,COMPLETE
368,0.41967669142897646,2026-04-03 15:03:40.612485,2026-04-03 15:03:40.862359,0 days 00:00:00.249874,2,1,threshold,0.979012827038924,5.0,COMPLETE
369,0.3460392110844696,2026-04-03 15:03:40.862490,2026-04-03 15:03:41.040943,0 days 00:00:00.178453,2,1,threshold,0.9151072397118083,5.0,COMPLETE
370,0.39899235328739446,2026-04-03 15:03:41.041089,2026-04-03 15:03:41.216263,0 days 00:00:00.175174,2,1,threshold,0.9699637417916481,5.0,COMPLETE
371,0.41967669142897646,2026-04-03 15:03:41.216395,2026-04-03 15:03:41.394133,0 days 00:00:00.177738,2,1,threshold,0.9824416301681077,5.0,COMPLETE
372,0.39899235328739446,2026-04-03 15:03:41.394270,2026-04-03 15:03:41.571007,0 days 00:00:00.176737,2,1,threshold,0.9495286839708366,5.0,COMPLETE
373,0.39899235328739446,2026-04-03 15:03:41.571143,2026-04-03 15:03:41.784753,0 days 00:00:00.213610,2,1,threshold,0.9607954545754711,5.0,COMPLETE
374,0.41967669142897646,2026-04-03 15:03:41.784890,2026-04-03 15:03:41.960978,0 days 00:00:00.176088,2,1,threshold,0.9768714952161266,5.0,COMPLETE
375,0.41544396271822914,2026-04-03 15:03:41.961109,2026-04-03 15:03:42.140559,0 days 00:00:00.179450,2,1,threshold,0.9896517144963172,5.0,COMPLETE
376,0.39899235328739446,2026-04-03 15:03:42.140693,2026-04-03 15:03:42.315866,0 days 00:00:00.175173,2,1,threshold,0.967990171902356,5.0,COMPLETE
377,0.41967669142897646,2026-04-03 15:03:42.315996,2026-04-03 15:03:42.493809,0 days 00:00:00.177813,2,1,threshold,0.9814575851727094,5.0,COMPLETE
378,0.39899235328739446,2026-04-03 15:03:42.493964,2026-04-03 15:03:42.680740,0 days 00:00:00.186776,2,1,threshold,0.9714797157754201,5.0,COMPLETE
379,0.41967669142897646,2026-04-03 15:03:42.680866,2026-04-03 15:03:42.859530,0 days 00:00:00.178664,2,1,threshold,0.982814893339637,5.0,COMPLETE
380,0.39899235328739446,2026-04-03 15:03:42.859660,2026-04-03 15:03:43.034364,0 days 00:00:00.174704,2,1,threshold,0.95924329022471,5.0,COMPLETE
381,0.41967669142897646,2026-04-03 15:03:43.034494,2026-04-03 15:03:43.210735,0 days 00:00:00.176241,2,1,threshold,0.9766062571555165,5.0,COMPLETE
382,0.39899235328739446,2026-04-03 15:03:43.210868,2026-04-03 15:03:43.388131,0 days 00:00:00.177263,2,1,threshold,0.9649362200426058,5.0,COMPLETE
383,0.34486972068947214,2026-04-03 15:03:43.388255,2026-04-03 15:03:43.572213,0 days 00:00:00.183958,2,1,threshold,0.8137323852156451,5.0,COMPLETE
384,0.41967669142897646,2026-04-03 15:03:43.572344,2026-04-03 15:03:43.765418,0 days 00:00:00.193074,2,1,threshold,0.9743375333910299,5.0,COMPLETE
385,0.41967669142897646,2026-04-03 15:03:43.765638,2026-04-03 15:03:43.970492,0 days 00:00:00.204854,2,1,threshold,0.9844315976656334,5.0,COMPLETE
386,0.39899235328739446,2026-04-03 15:03:43.970632,2026-04-03 15:03:44.170027,0 days 00:00:00.199395,2,1,threshold,0.9706847839779812,5.0,COMPLETE
387,0.39899235328739446,2026-04-03 15:03:44.170171,2026-04-03 15:03:44.367222,0 days 00:00:00.197051,2,1,threshold,0.9553362437707863,5.0,COMPLETE
388,0.41544396271822914,2026-04-03 15:03:44.367365,2026-04-03 15:03:44.556150,0 days 00:00:00.188785,2,1,threshold,0.9896630467528263,5.0,COMPLETE
389,0.41967669142897646,2026-04-03 15:03:44.556294,2026-04-03 15:03:44.751617,0 days 00:00:00.195323,2,1,threshold,0.9789270047822077,5.0,COMPLETE
390,0.39899235328739446,2026-04-03 15:03:44.751766,2026-04-03 15:03:44.946724,0 days 00:00:00.194958,2,1,threshold,0.9659680193073145,5.0,COMPLETE
391,0.41967669142897646,2026-04-03 15:03:44.946858,2026-04-03 15:03:45.130105,0 days 00:00:00.183247,2,1,threshold,0.9756017560672369,5.0,COMPLETE
392,0.41967669142897646,2026-04-03 15:03:45.130236,2026-04-03 15:03:45.349262,0 days 00:00:00.219026,2,1,threshold,0.982233399258671,5.0,COMPLETE
393,0.39899235328739446,2026-04-03 15:03:45.349394,2026-04-03 15:03:45.528545,0 days 00:00:00.179151,2,1,threshold,0.9611711467737797,5.0,COMPLETE
394,0.41967669142897646,2026-04-03 15:03:45.528674,2026-04-03 15:03:45.705561,0 days 00:00:00.176887,2,1,threshold,0.9729042835282274,5.0,COMPLETE
395,0.41967669142897646,2026-04-03 15:03:45.705689,2026-04-03 15:03:45.889275,0 days 00:00:00.183586,2,1,threshold,0.9847605138296605,5.0,COMPLETE
396,0.39899235328739446,2026-04-03 15:03:45.889448,2026-04-03 15:03:46.092921,0 days 00:00:00.203473,2,1,threshold,0.9665866575283759,5.0,COMPLETE
397,0.41967669142897646,2026-04-03 15:03:46.093151,2026-04-03 15:03:46.356440,0 days 00:00:00.263289,2,1,threshold,0.9779964846214401,5.0,COMPLETE
398,0.39899235328739446,2026-04-03 15:03:46.356573,2026-04-03 15:03:46.532099,0 days 00:00:00.175526,2,1,threshold,0.9439114026548524,5.0,COMPLETE
399,0.41967669142897646,2026-04-03 15:03:46.532228,2026-04-03 15:03:46.708920,0 days 00:00:00.176692,2,1,threshold,0.9835339029625969,5.0,COMPLETE
400,-0.23093620623787864,2026-04-03 15:03:46.709056,2026-04-03 15:03:46.895003,0 days 00:00:00.185947,3,1,threshold,0.7930192391861417,5.0,COMPLETE
401,0.41544396271822914,2026-04-03 15:03:46.895135,2026-04-03 15:03:47.133304,0 days 00:00:00.238169,2,1,threshold,0.9896488110741263,5.0,COMPLETE
402,0.39899235328739446,2026-04-03 15:03:47.133446,2026-04-03 15:03:47.314399,0 days 00:00:00.180953,2,1,threshold,0.9718171193778326,5.0,COMPLETE
403,0.39899235328739446,2026-04-03 15:03:47.314539,2026-04-03 15:03:47.491696,0 days 00:00:00.177157,2,1,threshold,0.9576950401637554,5.0,COMPLETE
404,0.41967669142897646,2026-04-03 15:03:47.491828,2026-04-03 15:03:47.667850,0 days 00:00:00.176022,2,1,threshold,0.9773501039570317,5.0,COMPLETE
405,0.39899235328739446,2026-04-03 15:03:47.667982,2026-04-03 15:03:47.842959,0 days 00:00:00.174977,2,1,threshold,0.967060077219284,5.0,COMPLETE
406,0.41544396271822914,2026-04-03 15:03:47.843085,2026-04-03 15:03:48.017947,0 days 00:00:00.174862,2,1,threshold,0.9897642264887133,5.0,COMPLETE
407,0.41967669142897646,2026-04-03 15:03:48.018074,2026-04-03 15:03:48.193459,0 days 00:00:00.175385,2,1,threshold,0.9776815417135919,5.0,COMPLETE
408,0.34486972068947214,2026-04-03 15:03:48.193583,2026-04-03 15:03:48.417640,0 days 00:00:00.224057,2,1,threshold,0.7632128566186743,5.0,COMPLETE
409,0.39899235328739446,2026-04-03 15:03:48.425952,2026-04-03 15:03:49.228984,0 days 00:00:00.803032,2,1,threshold,0.9693815119184572,5.0,COMPLETE
410,0.41967669142897646,2026-04-03 15:03:49.229157,2026-04-03 15:03:49.711001,0 days 00:00:00.481844,2,1,threshold,0.9821775854877559,5.0,COMPLETE
411,0.39899235328739446,2026-04-03 15:03:49.711134,2026-04-03 15:03:49.964813,0 days 00:00:00.253679,2,1,threshold,0.9511809308277621,5.0,COMPLETE
412,0.39899235328739446,2026-04-03 15:03:49.964971,2026-04-03 15:03:50.153223,0 days 00:00:00.188252,2,1,threshold,0.9621899316554238,5.0,COMPLETE
413,0.41544396271822914,2026-04-03 15:03:50.153621,2026-04-03 15:03:50.463186,0 days 00:00:00.309565,2,1,threshold,0.9898802703913694,5.0,COMPLETE
414,0.41967669142897646,2026-04-03 15:03:50.463327,2026-04-03 15:03:50.674692,0 days 00:00:00.211365,2,1,threshold,0.9750955161950101,5.0,COMPLETE
415,0.41967669142897646,2026-04-03 15:03:50.674857,2026-04-03 15:03:50.894138,0 days 00:00:00.219281,2,1,threshold,0.9833110892624628,5.0,COMPLETE
416,0.41967669142897646,2026-04-03 15:03:50.894279,2026-04-03 15:03:51.154289,0 days 00:00:00.260010,2,1,threshold,0.9726643158451196,5.0,COMPLETE
417,-0.059883473817099006,2026-04-03 15:03:51.154442,2026-04-03 15:03:51.468536,0 days 00:00:00.314094,4,2,threshold,0.9640604227300883,5.0,COMPLETE
418,0.41967669142897646,2026-04-03 15:03:51.468751,2026-04-03 15:03:51.848541,0 days 00:00:00.379790,2,1,threshold,0.9815212459174262,5.0,COMPLETE
419,0.41967669142897646,2026-04-03 15:03:51.848694,2026-04-03 15:03:52.051021,0 days 00:00:00.202327,2,1,threshold,0.9728831350523048,5.0,COMPLETE
420,0.34486972068947214,2026-04-03 15:03:52.051168,2026-04-03 15:03:52.257699,0 days 00:00:00.206531,2,1,threshold,0.6803555840566478,5.0,COMPLETE
421,0.41967669142897646,2026-04-03 15:03:52.257939,2026-04-03 15:03:52.456544,0 days 00:00:00.198605,2,1,threshold,0.9826075016009072,5.0,COMPLETE
422,0.39899235328739446,2026-04-03 15:03:52.456675,2026-04-03 15:03:52.639368,0 days 00:00:00.182693,2,1,threshold,0.9665102539528014,5.0,COMPLETE
423,0.39899235328739446,2026-04-03 15:03:52.639533,2026-04-03 15:03:52.818392,0 days 00:00:00.178859,2,1,threshold,0.9563214436486672,5.0,COMPLETE
424,0.41967669142897646,2026-04-03 15:03:52.818547,2026-04-03 15:03:52.994957,0 days 00:00:00.176410,2,1,threshold,0.9768905509733082,5.0,COMPLETE
425,0.41967669142897646,2026-04-03 15:03:52.995092,2026-04-03 15:03:53.175184,0 days 00:00:00.180092,2,1,threshold,0.9835110177303032,5.0,COMPLETE
426,0.39899235328739446,2026-04-03 15:03:53.175321,2026-04-03 15:03:53.350447,0 days 00:00:00.175126,2,1,threshold,0.9710243735245627,5.0,COMPLETE
427,0.41544396271822914,2026-04-03 15:03:53.350582,2026-04-03 15:03:53.535153,0 days 00:00:00.184571,2,1,threshold,0.9898011928482296,5.0,COMPLETE
428,0.41967669142897646,2026-04-03 15:03:53.535305,2026-04-03 15:03:53.720894,0 days 00:00:00.185589,2,1,threshold,0.9769748540711433,5.0,COMPLETE
429,0.39899235328739446,2026-04-03 15:03:53.721029,2026-04-03 15:03:53.897762,0 days 00:00:00.176733,2,1,threshold,0.9643043392472711,5.0,COMPLETE
430,0.41967669142897646,2026-04-03 15:03:53.897890,2026-04-03 15:03:54.154944,0 days 00:00:00.257054,2,1,threshold,0.976769353264391,5.0,COMPLETE
431,0.39899235328739446,2026-04-03 15:03:54.155083,2026-04-03 15:03:54.334066,0 days 00:00:00.178983,2,1,threshold,0.9700067938786093,5.0,COMPLETE
432,0.41967669142897646,2026-04-03 15:03:54.334202,2026-04-03 15:03:54.513512,0 days 00:00:00.179310,2,1,threshold,0.9830550973268738,5.0,COMPLETE
433,0.32966884750917963,2026-04-03 15:03:54.513647,2026-04-03 15:03:54.694675,0 days 00:00:00.181028,2,1,threshold,0.905084009201093,5.0,COMPLETE
434,0.39899235328739446,2026-04-03 15:03:54.694806,2026-04-03 15:03:54.871424,0 days 00:00:00.176618,2,1,threshold,0.9561651845609013,5.0,COMPLETE
435,0.41967669142897646,2026-04-03 15:03:54.871556,2026-04-03 15:03:55.049072,0 days 00:00:00.177516,2,1,threshold,0.9765656628160942,5.0,COMPLETE
436,0.39899235328739446,2026-04-03 15:03:55.049201,2026-04-03 15:03:55.225157,0 days 00:00:00.175956,2,1,threshold,0.9658240320814027,5.0,COMPLETE
437,0.41967669142897646,2026-04-03 15:03:55.225285,2026-04-03 15:03:55.406902,0 days 00:00:00.181617,2,1,threshold,0.9818642065285932,5.0,COMPLETE
438,0.15165970906839354,2026-04-03 15:03:55.407028,2026-04-03 15:03:55.595366,0 days 00:00:00.188338,3,1,threshold,0.9727285377841203,5.0,COMPLETE
439,0.39899235328739446,2026-04-03 15:03:55.595492,2026-04-03 15:03:55.774573,0 days 00:00:00.179081,2,1,threshold,0.9604152645518877,5.0,COMPLETE
440,0.39899235328739446,2026-04-03 15:03:55.774709,2026-04-03 15:03:55.960226,0 days 00:00:00.185517,2,1,threshold,0.9486958691520367,5.0,COMPLETE
441,0.41967669142897646,2026-04-03 15:03:55.960360,2026-04-03 15:03:56.150877,0 days 00:00:00.190517,2,1,threshold,0.982377566411424,5.0,COMPLETE
442,0.41544396271822914,2026-04-03 15:03:56.151007,2026-04-03 15:03:56.328604,0 days 00:00:00.177597,2,1,threshold,0.9893185585923511,5.0,COMPLETE
443,0.41544396271822914,2026-04-03 15:03:56.328733,2026-04-03 15:03:56.508751,0 days 00:00:00.180018,2,1,threshold,0.9899993567696194,5.0,COMPLETE
