number,value,datetime_start,datetime_complete,duration,params_hmm_components,params_hmm_favourable,params_hmm_gate,params_hmm_threshold,params_hmm_train_years,state
0,-0.39217729943121954,2026-04-03 15:02:32.259413,2026-04-03 15:02:33.603116,0 days 00:00:01.343703,3,2,threshold,0.885477637306448,5.0,COMPLETE
1,-0.12431092227551561,2026-04-03 15:02:33.603321,2026-04-03 15:02:33.812532,0 days 00:00:00.209211,4,1,threshold,0.660837862931119,5.0,COMPLETE
2,0.378942831524284,2026-04-03 15:02:33.812663,2026-04-03 15:02:33.984947,0 days 00:00:00.172284,2,1,threshold,0.9378086968522247,5.0,COMPLETE
3,0.15058620035681816,2026-04-03 15:02:33.985072,2026-04-03 15:02:34.191764,0 days 00:00:00.206692,5,3,threshold,0.6080279527753629,5.0,COMPLETE
4,-0.23844974006850683,2026-04-03 15:02:34.191884,2026-04-03 15:02:34.374612,0 days 00:00:00.182728,6,5,threshold,0.6828122531645276,5.0,COMPLETE
5,0.34486972068947214,2026-04-03 15:02:34.374740,2026-04-03 15:02:34.547600,0 days 00:00:00.172860,2,1,threshold,0.6715277588428392,5.0,COMPLETE
6,-0.4015575607252103,2026-04-03 15:02:34.547724,2026-04-03 15:02:34.727694,0 days 00:00:00.179970,3,2,threshold,0.7684585572704251,5.0,COMPLETE
7,-0.4015575607252103,2026-04-03 15:02:34.727814,2026-04-03 15:02:34.908475,0 days 00:00:00.180661,3,2,threshold,0.6544026056542963,5.0,COMPLETE
8,-0.23093620623787864,2026-04-03 15:02:34.908607,2026-04-03 15:02:35.090660,0 days 00:00:00.182053,3,1,threshold,0.777867293844644,5.0,COMPLETE
9,0.0,2026-04-03 15:02:35.090784,2026-04-03 15:02:35.294878,0 days 00:00:00.204094,5,1,threshold,0.8005514309813085,5.0,COMPLETE
10,0.39899235328739446,2026-04-03 15:02:35.294996,2026-04-03 15:02:35.467792,0 days 00:00:00.172796,2,1,threshold,0.9634159963234203,5.0,COMPLETE
11,0.41967669142897646,2026-04-03 15:02:35.467920,2026-04-03 15:02:35.640866,0 days 00:00:00.172946,2,1,threshold,0.9721075103112208,5.0,COMPLETE
12,0.39899235328739446,2026-04-03 15:02:35.640988,2026-04-03 15:02:35.813480,0 days 00:00:00.172492,2,1,threshold,0.9632032046352473,5.0,COMPLETE
13,0.33225274938352234,2026-04-03 15:02:35.813609,2026-04-03 15:02:35.988652,0 days 00:00:00.175043,2,1,threshold,0.8818367270678785,5.0,COMPLETE
14,-0.38704286956579015,2026-04-03 15:02:35.988778,2026-04-03 15:02:36.174393,0 days 00:00:00.185615,4,3,threshold,0.9881917203491498,5.0,COMPLETE
15,0.32966884750917963,2026-04-03 15:02:36.174517,2026-04-03 15:02:36.348111,0 days 00:00:00.173594,2,1,threshold,0.9026328365899485,5.0,COMPLETE
16,-0.23093620623787864,2026-04-03 15:02:36.348233,2026-04-03 15:02:36.531436,0 days 00:00:00.183203,3,1,threshold,0.836501271360385,5.0,COMPLETE
17,-0.059883473817099006,2026-04-03 15:02:36.531557,2026-04-03 15:02:36.714774,0 days 00:00:00.183217,4,2,threshold,0.9313995449762845,5.0,COMPLETE
18,0.17695878944383003,2026-04-03 15:02:36.714899,2026-04-03 15:02:36.924624,0 days 00:00:00.209725,5,4,threshold,0.9895168610138235,5.0,COMPLETE
19,0.374486011217683,2026-04-03 15:02:36.924745,2026-04-03 15:02:37.133183,0 days 00:00:00.208438,2,1,threshold,0.8545456680877426,5.0,COMPLETE
20,-0.059883473817099006,2026-04-03 15:02:37.133310,2026-04-03 15:02:37.317026,0 days 00:00:00.183716,4,2,threshold,0.7251957916078673,5.0,COMPLETE
21,0.39899235328739446,2026-04-03 15:02:37.317151,2026-04-03 15:02:37.490118,0 days 00:00:00.172967,2,1,threshold,0.9600305231117826,5.0,COMPLETE
22,0.39899235328739446,2026-04-03 15:02:37.490242,2026-04-03 15:02:37.663059,0 days 00:00:00.172817,2,1,threshold,0.9399642093414489,5.0,COMPLETE
23,-0.07629386710262043,2026-04-03 15:02:37.663186,2026-04-03 15:02:37.841748,0 days 00:00:00.178562,3,1,threshold,0.9621857177766228,5.0,COMPLETE
24,0.32966884750917963,2026-04-03 15:02:37.841869,2026-04-03 15:02:38.015498,0 days 00:00:00.173629,2,1,threshold,0.9058254580546874,5.0,COMPLETE
25,-0.23093620623787864,2026-04-03 15:02:38.015623,2026-04-03 15:02:38.197299,0 days 00:00:00.181676,3,1,threshold,0.8589695342589514,5.0,COMPLETE
26,0.3460392110844696,2026-04-03 15:02:38.197425,2026-04-03 15:02:38.371230,0 days 00:00:00.173805,2,1,threshold,0.9167674153142278,5.0,COMPLETE
27,-0.06841900632705074,2026-04-03 15:02:38.371351,2026-04-03 15:02:38.550580,0 days 00:00:00.179229,6,2,threshold,0.9638924212842644,5.0,COMPLETE
28,-0.23093620623787864,2026-04-03 15:02:38.550708,2026-04-03 15:02:38.731902,0 days 00:00:00.181194,3,1,threshold,0.8260307592917652,5.0,COMPLETE
29,0.33225274938352234,2026-04-03 15:02:38.732025,2026-04-03 15:02:38.905760,0 days 00:00:00.173735,2,1,threshold,0.8868563040038556,5.0,COMPLETE
30,-0.07629386710262043,2026-04-03 15:02:38.905888,2026-04-03 15:02:39.084946,0 days 00:00:00.179058,3,1,threshold,0.9656418184271843,5.0,COMPLETE
31,0.39899235328739446,2026-04-03 15:02:39.085069,2026-04-03 15:02:39.257042,0 days 00:00:00.171973,2,1,threshold,0.9551916317983203,5.0,COMPLETE
32,0.41967669142897646,2026-04-03 15:02:39.257166,2026-04-03 15:02:39.431199,0 days 00:00:00.174033,2,1,threshold,0.9789054761136403,5.0,COMPLETE
33,0.41544396271822914,2026-04-03 15:02:39.431322,2026-04-03 15:02:39.603580,0 days 00:00:00.172258,2,1,threshold,0.988238525404446,5.0,COMPLETE
34,0.41967669142897646,2026-04-03 15:02:39.603704,2026-04-03 15:02:39.776192,0 days 00:00:00.172488,2,1,threshold,0.9858761457982662,5.0,COMPLETE
35,-0.16953843638143734,2026-04-03 15:02:39.776313,2026-04-03 15:02:39.956283,0 days 00:00:00.179970,3,1,threshold,0.9308110887424025,5.0,COMPLETE
36,0.41967669142897646,2026-04-03 15:02:39.956406,2026-04-03 15:02:40.129577,0 days 00:00:00.173171,2,1,threshold,0.9878474879572299,5.0,COMPLETE
37,0.378942831524284,2026-04-03 15:02:40.129700,2026-04-03 15:02:40.336793,0 days 00:00:00.207093,2,1,threshold,0.9380039099632025,5.0,COMPLETE
38,-0.16953843638143734,2026-04-03 15:02:40.336922,2026-04-03 15:02:40.519238,0 days 00:00:00.182316,3,1,threshold,0.9173487070721772,5.0,COMPLETE
39,-0.08403770291509863,2026-04-03 15:02:40.519362,2026-04-03 15:02:40.742285,0 days 00:00:00.222923,5,2,threshold,0.9897631521063398,5.0,COMPLETE
40,0.34486972068947214,2026-04-03 15:02:40.742429,2026-04-03 15:02:40.943219,0 days 00:00:00.200790,2,1,threshold,0.7304063881228078,5.0,COMPLETE
41,0.41967669142897646,2026-04-03 15:02:40.943382,2026-04-03 15:02:41.141243,0 days 00:00:00.197861,2,1,threshold,0.9735366787930935,5.0,COMPLETE
42,0.39899235328739446,2026-04-03 15:02:41.141388,2026-04-03 15:02:41.338487,0 days 00:00:00.197099,2,1,threshold,0.9445282628887471,5.0,COMPLETE
43,0.41967669142897646,2026-04-03 15:02:41.338626,2026-04-03 15:02:41.523065,0 days 00:00:00.184439,2,1,threshold,0.9799833200787587,5.0,COMPLETE
44,0.41967669142897646,2026-04-03 15:02:41.523205,2026-04-03 15:02:41.730511,0 days 00:00:00.207306,2,1,threshold,0.9755658884773507,5.0,COMPLETE
45,-0.23093620623787864,2026-04-03 15:02:41.730658,2026-04-03 15:02:41.932826,0 days 00:00:00.202168,3,1,threshold,0.6289203072358309,5.0,COMPLETE
46,0.39899235328739446,2026-04-03 15:02:41.932967,2026-04-03 15:02:42.106975,0 days 00:00:00.174008,2,1,threshold,0.9498585346924581,5.0,COMPLETE
47,-0.16953843638143734,2026-04-03 15:02:42.107103,2026-04-03 15:02:42.288078,0 days 00:00:00.180975,3,1,threshold,0.8836375560258787,5.0,COMPLETE
48,0.3460392110844696,2026-04-03 15:02:42.288201,2026-04-03 15:02:42.461445,0 days 00:00:00.173244,2,1,threshold,0.9201210768504762,5.0,COMPLETE
49,0.41967669142897646,2026-04-03 15:02:42.461569,2026-04-03 15:02:42.633533,0 days 00:00:00.171964,2,1,threshold,0.9750393723915289,5.0,COMPLETE
50,-0.16953843638143734,2026-04-03 15:02:42.633657,2026-04-03 15:02:42.822776,0 days 00:00:00.189119,3,1,threshold,0.9049859045514556,5.0,COMPLETE
51,0.41967669142897646,2026-04-03 15:02:42.822917,2026-04-03 15:02:43.008747,0 days 00:00:00.185830,2,1,threshold,0.9745130558665528,5.0,COMPLETE
52,0.41967669142897646,2026-04-03 15:02:43.008893,2026-04-03 15:02:43.217218,0 days 00:00:00.208325,2,1,threshold,0.9772151160987022,5.0,COMPLETE
53,0.39899235328739446,2026-04-03 15:02:43.217364,2026-04-03 15:02:43.416013,0 days 00:00:00.198649,2,1,threshold,0.9480229831371714,5.0,COMPLETE
54,0.378942831524284,2026-04-03 15:02:43.416139,2026-04-03 15:02:43.591249,0 days 00:00:00.175110,2,1,threshold,0.9304997152915708,5.0,COMPLETE
55,0.41967669142897646,2026-04-03 15:02:43.591375,2026-04-03 15:02:43.765246,0 days 00:00:00.173871,2,1,threshold,0.9766853104526366,5.0,COMPLETE
56,0.39899235328739446,2026-04-03 15:02:43.765368,2026-04-03 15:02:43.975264,0 days 00:00:00.209896,2,1,threshold,0.9532566773309954,5.0,COMPLETE
57,0.41544396271822914,2026-04-03 15:02:43.975393,2026-04-03 15:02:44.147800,0 days 00:00:00.172407,2,1,threshold,0.988526153566421,5.0,COMPLETE
58,-0.07629386710262043,2026-04-03 15:02:44.147921,2026-04-03 15:02:44.327802,0 days 00:00:00.179881,3,1,threshold,0.9662542955636336,5.0,COMPLETE
59,0.15058620035681816,2026-04-03 15:02:44.327922,2026-04-03 15:02:44.537303,0 days 00:00:00.209381,5,3,threshold,0.7098057336649125,5.0,COMPLETE
60,-0.09871454433756299,2026-04-03 15:02:44.537428,2026-04-03 15:02:44.716845,0 days 00:00:00.179417,6,2,threshold,0.9234096625635438,5.0,COMPLETE
61,0.41967669142897646,2026-04-03 15:02:44.716968,2026-04-03 15:02:44.889857,0 days 00:00:00.172889,2,1,threshold,0.9771142734035368,5.0,COMPLETE
62,0.41967669142897646,2026-04-03 15:02:44.889978,2026-04-03 15:02:45.062854,0 days 00:00:00.172876,2,1,threshold,0.9736538044912789,5.0,COMPLETE
63,0.39899235328739446,2026-04-03 15:02:45.062978,2026-04-03 15:02:45.237070,0 days 00:00:00.174092,2,1,threshold,0.9446669127143442,5.0,COMPLETE
64,0.39899235328739446,2026-04-03 15:02:45.237203,2026-04-03 15:02:45.409795,0 days 00:00:00.172592,2,1,threshold,0.9558405504669195,5.0,COMPLETE
65,0.34486972068947214,2026-04-03 15:02:45.409933,2026-04-03 15:02:45.584006,0 days 00:00:00.174073,2,1,threshold,0.7695702705673398,5.0,COMPLETE
66,0.39899235328739446,2026-04-03 15:02:45.584129,2026-04-03 15:02:45.756552,0 days 00:00:00.172423,2,1,threshold,0.9700155948821231,5.0,COMPLETE
67,0.34486972068947214,2026-04-03 15:02:45.756674,2026-04-03 15:02:45.933277,0 days 00:00:00.176603,2,1,threshold,0.8055493816479512,5.0,COMPLETE
68,0.41967669142897646,2026-04-03 15:02:45.933414,2026-04-03 15:02:46.108941,0 days 00:00:00.175527,2,1,threshold,0.9832863108458437,5.0,COMPLETE
69,-0.10758598067428102,2026-04-03 15:02:46.109063,2026-04-03 15:02:46.288510,0 days 00:00:00.179447,3,1,threshold,0.9364737498132528,5.0,COMPLETE
70,-0.059883473817099006,2026-04-03 15:02:46.288630,2026-04-03 15:02:46.473336,0 days 00:00:00.184706,4,2,threshold,0.9633323561771447,5.0,COMPLETE
71,0.41967669142897646,2026-04-03 15:02:46.473464,2026-04-03 15:02:46.645734,0 days 00:00:00.172270,2,1,threshold,0.9772514777089534,5.0,COMPLETE
72,0.39899235328739446,2026-04-03 15:02:46.645859,2026-04-03 15:02:46.819277,0 days 00:00:00.173418,2,1,threshold,0.9568904355929854,5.0,COMPLETE
73,0.41967669142897646,2026-04-03 15:02:46.819398,2026-04-03 15:02:47.099123,0 days 00:00:00.279725,2,1,threshold,0.9831934170462877,5.0,COMPLETE
74,0.39899235328739446,2026-04-03 15:02:47.099308,2026-04-03 15:02:47.328247,0 days 00:00:00.228939,2,1,threshold,0.9680010168314651,5.0,COMPLETE
75,0.39899235328739446,2026-04-03 15:02:47.328366,2026-04-03 15:02:47.501611,0 days 00:00:00.173245,2,1,threshold,0.9457428920898923,5.0,COMPLETE
76,0.374486011217683,2026-04-03 15:02:47.501741,2026-04-03 15:02:47.677754,0 days 00:00:00.176013,2,1,threshold,0.8665525227085596,5.0,COMPLETE
77,0.32966884750917963,2026-04-03 15:02:47.677882,2026-04-03 15:02:47.851490,0 days 00:00:00.173608,2,1,threshold,0.8938146527906583,5.0,COMPLETE
78,0.378942831524284,2026-04-03 15:02:47.851615,2026-04-03 15:02:48.024767,0 days 00:00:00.173152,2,1,threshold,0.928799254663244,5.0,COMPLETE
79,-0.10917662554798879,2026-04-03 15:02:48.024893,2026-04-03 15:02:48.205433,0 days 00:00:00.180540,3,1,threshold,0.9593867209620951,5.0,COMPLETE
80,0.41544396271822914,2026-04-03 15:02:48.205559,2026-04-03 15:02:48.378399,0 days 00:00:00.172840,2,1,threshold,0.9886285164653649,5.0,COMPLETE
81,0.39899235328739446,2026-04-03 15:02:48.378523,2026-04-03 15:02:48.552298,0 days 00:00:00.173775,2,1,threshold,0.9718359600714165,5.0,COMPLETE
82,0.41967669142897646,2026-04-03 15:02:48.552420,2026-04-03 15:02:48.724654,0 days 00:00:00.172234,2,1,threshold,0.9806970196249336,5.0,COMPLETE
83,0.39899235328739446,2026-04-03 15:02:48.724779,2026-04-03 15:02:48.897431,0 days 00:00:00.172652,2,1,threshold,0.970073209304127,5.0,COMPLETE
84,0.39899235328739446,2026-04-03 15:02:48.897556,2026-04-03 15:02:49.070715,0 days 00:00:00.173159,2,1,threshold,0.9536528235403159,5.0,COMPLETE
85,0.41967669142897646,2026-04-03 15:02:49.070840,2026-04-03 15:02:49.243083,0 days 00:00:00.172243,2,1,threshold,0.9795220524514479,5.0,COMPLETE
86,0.39899235328739446,2026-04-03 15:02:49.243205,2026-04-03 15:02:49.416082,0 days 00:00:00.172877,2,1,threshold,0.9394426126220868,5.0,COMPLETE
87,0.39899235328739446,2026-04-03 15:02:49.416206,2026-04-03 15:02:49.589565,0 days 00:00:00.173359,2,1,threshold,0.9635728490984103,5.0,COMPLETE
88,0.3460392110844696,2026-04-03 15:02:49.589687,2026-04-03 15:02:49.769586,0 days 00:00:00.179899,2,1,threshold,0.9124130439409914,5.0,COMPLETE
89,0.15248285504014347,2026-04-03 15:02:49.769723,2026-04-03 15:02:49.952777,0 days 00:00:00.183054,3,1,threshold,0.9887165019958583,5.0,COMPLETE
90,0.39899235328739446,2026-04-03 15:02:49.952902,2026-04-03 15:02:50.125607,0 days 00:00:00.172705,2,1,threshold,0.9491202124409458,5.0,COMPLETE
91,0.39899235328739446,2026-04-03 15:02:50.125731,2026-04-03 15:02:50.298157,0 days 00:00:00.172426,2,1,threshold,0.9713935548371815,5.0,COMPLETE
92,0.41967669142897646,2026-04-03 15:02:50.298280,2026-04-03 15:02:50.506336,0 days 00:00:00.208056,2,1,threshold,0.979654036093475,5.0,COMPLETE
93,0.39899235328739446,2026-04-03 15:02:50.506468,2026-04-03 15:02:50.679990,0 days 00:00:00.173522,2,1,threshold,0.9585989738082751,5.0,COMPLETE
94,0.41967669142897646,2026-04-03 15:02:50.680114,2026-04-03 15:02:50.854145,0 days 00:00:00.174031,2,1,threshold,0.9744932313746136,5.0,COMPLETE
95,0.41544396271822914,2026-04-03 15:02:50.854271,2026-04-03 15:02:51.026495,0 days 00:00:00.172224,2,1,threshold,0.9899093104970328,5.0,COMPLETE
96,0.378942831524284,2026-04-03 15:02:51.026620,2026-04-03 15:02:51.199849,0 days 00:00:00.173229,2,1,threshold,0.9365466461578038,5.0,COMPLETE
97,0.39899235328739446,2026-04-03 15:02:51.199975,2026-04-03 15:02:51.373747,0 days 00:00:00.173772,2,1,threshold,0.9514881111709315,5.0,COMPLETE
98,0.39899235328739446,2026-04-03 15:02:51.373873,2026-04-03 15:02:51.546586,0 days 00:00:00.172713,2,1,threshold,0.96308712581379,5.0,COMPLETE
99,0.15165970906839354,2026-04-03 15:02:51.546713,2026-04-03 15:02:51.728823,0 days 00:00:00.182110,3,1,threshold,0.9811093969419653,5.0,COMPLETE
100,0.34486972068947214,2026-04-03 15:02:51.728946,2026-04-03 15:02:51.901936,0 days 00:00:00.172990,2,1,threshold,0.6021288443971521,5.0,COMPLETE
101,0.39899235328739446,2026-04-03 15:02:51.902060,2026-04-03 15:02:52.075072,0 days 00:00:00.173012,2,1,threshold,0.9701028740988447,5.0,COMPLETE
102,0.41967669142897646,2026-04-03 15:02:52.075195,2026-04-03 15:02:52.247637,0 days 00:00:00.172442,2,1,threshold,0.9766992910133883,5.0,COMPLETE
103,0.39899235328739446,2026-04-03 15:02:52.247758,2026-04-03 15:02:52.421109,0 days 00:00:00.173351,2,1,threshold,0.9449977332489562,5.0,COMPLETE
104,0.41967669142897646,2026-04-03 15:02:52.421231,2026-04-03 15:02:52.593946,0 days 00:00:00.172715,2,1,threshold,0.9803722118509655,5.0,COMPLETE
105,0.39899235328739446,2026-04-03 15:02:52.594070,2026-04-03 15:02:52.766765,0 days 00:00:00.172695,2,1,threshold,0.9590920185483992,5.0,COMPLETE
106,0.39899235328739446,2026-04-03 15:02:52.766898,2026-04-03 15:02:52.947272,0 days 00:00:00.180374,2,1,threshold,0.9691877143971075,5.0,COMPLETE
107,-0.42983695796260146,2026-04-03 15:02:52.947397,2026-04-03 15:02:53.136062,0 days 00:00:00.188665,4,3,threshold,0.6841226640233962,5.0,COMPLETE
108,0.3460392110844696,2026-04-03 15:02:53.136184,2026-04-03 15:02:53.310794,0 days 00:00:00.174610,2,1,threshold,0.9257629446370211,5.0,COMPLETE
109,0.41967669142897646,2026-04-03 15:02:53.310919,2026-04-03 15:02:53.483306,0 days 00:00:00.172387,2,1,threshold,0.9850644600337336,5.0,COMPLETE
110,0.34486972068947214,2026-04-03 15:02:53.483430,2026-04-03 15:02:53.656948,0 days 00:00:00.173518,2,1,threshold,0.8269371797632764,5.0,COMPLETE
111,0.41967669142897646,2026-04-03 15:02:53.657074,2026-04-03 15:02:53.866892,0 days 00:00:00.209818,2,1,threshold,0.9760291073221891,5.0,COMPLETE
112,0.39899235328739446,2026-04-03 15:02:53.867019,2026-04-03 15:02:54.040922,0 days 00:00:00.173903,2,1,threshold,0.9641505536743866,5.0,COMPLETE
113,0.41967669142897646,2026-04-03 15:02:54.041043,2026-04-03 15:02:54.214135,0 days 00:00:00.173092,2,1,threshold,0.975037267274111,5.0,COMPLETE
114,0.39899235328739446,2026-04-03 15:02:54.214261,2026-04-03 15:02:54.387622,0 days 00:00:00.173361,2,1,threshold,0.9540749733670433,5.0,COMPLETE
115,0.41967669142897646,2026-04-03 15:02:54.387747,2026-04-03 15:02:54.560053,0 days 00:00:00.172306,2,1,threshold,0.98209951771302,5.0,COMPLETE
116,0.41544396271822914,2026-04-03 15:02:54.560177,2026-04-03 15:02:54.732986,0 days 00:00:00.172809,2,1,threshold,0.989446875747248,5.0,COMPLETE
117,0.39899235328739446,2026-04-03 15:02:54.733114,2026-04-03 15:02:54.906928,0 days 00:00:00.173814,2,1,threshold,0.9669780742544025,5.0,COMPLETE
118,0.39899235328739446,2026-04-03 15:02:54.907053,2026-04-03 15:02:55.080186,0 days 00:00:00.173133,2,1,threshold,0.9428618240091904,5.0,COMPLETE
119,0.41967669142897646,2026-04-03 15:02:55.080310,2026-04-03 15:02:55.253243,0 days 00:00:00.172933,2,1,threshold,0.9738366164882964,5.0,COMPLETE
120,0.39899235328739446,2026-04-03 15:02:55.253365,2026-04-03 15:02:55.426834,0 days 00:00:00.173469,2,1,threshold,0.9546849442882311,5.0,COMPLETE
121,0.34486972068947214,2026-04-03 15:02:55.426969,2026-04-03 15:02:55.600908,0 days 00:00:00.173939,2,1,threshold,0.7479115506313975,5.0,COMPLETE
122,0.41967669142897646,2026-04-03 15:02:55.601034,2026-04-03 15:02:55.773962,0 days 00:00:00.172928,2,1,threshold,0.9780421181379894,5.0,COMPLETE
123,0.39899235328739446,2026-04-03 15:02:55.774101,2026-04-03 15:02:55.948770,0 days 00:00:00.174669,2,1,threshold,0.962480054785009,5.0,COMPLETE
124,0.39899235328739446,2026-04-03 15:02:55.948896,2026-04-03 15:02:56.123770,0 days 00:00:00.174874,2,1,threshold,0.970525583338159,5.0,COMPLETE
125,0.17695878944383003,2026-04-03 15:02:56.123891,2026-04-03 15:02:56.334532,0 days 00:00:00.210641,5,4,threshold,0.9823728538285643,5.0,COMPLETE
126,0.41544396271822914,2026-04-03 15:02:56.334654,2026-04-03 15:02:56.507856,0 days 00:00:00.173202,2,1,threshold,0.9896329058641401,5.0,COMPLETE
127,0.39899235328739446,2026-04-03 15:02:56.507977,2026-04-03 15:02:56.681594,0 days 00:00:00.173617,2,1,threshold,0.9596459500304697,5.0,COMPLETE
128,0.41967669142897646,2026-04-03 15:02:56.681718,2026-04-03 15:02:56.861852,0 days 00:00:00.180134,2,1,threshold,0.9737927208540107,5.0,COMPLETE
129,0.378942831524284,2026-04-03 15:02:56.861975,2026-04-03 15:02:57.070038,0 days 00:00:00.208063,2,1,threshold,0.9347190380836712,5.0,COMPLETE
130,0.39899235328739446,2026-04-03 15:02:57.070163,2026-04-03 15:02:57.243273,0 days 00:00:00.173110,2,1,threshold,0.9502396704105154,5.0,COMPLETE
131,-0.07287215644547541,2026-04-03 15:02:57.243395,2026-04-03 15:02:57.437222,0 days 00:00:00.193827,6,2,threshold,0.9829927359606618,5.0,COMPLETE
132,0.39899235328739446,2026-04-03 15:02:57.437346,2026-04-03 15:02:57.611763,0 days 00:00:00.174417,2,1,threshold,0.9660311731227074,5.0,COMPLETE
133,0.41967669142897646,2026-04-03 15:02:57.611890,2026-04-03 15:02:57.784778,0 days 00:00:00.172888,2,1,threshold,0.9823542708509604,5.0,COMPLETE
134,0.41967669142897646,2026-04-03 15:02:57.784898,2026-04-03 15:02:57.961265,0 days 00:00:00.176367,2,1,threshold,0.9746609478949231,5.0,COMPLETE
135,0.39899235328739446,2026-04-03 15:02:57.961392,2026-04-03 15:02:58.134544,0 days 00:00:00.173152,2,1,threshold,0.9689810781500228,5.0,COMPLETE
136,0.41544396271822914,2026-04-03 15:02:58.134667,2026-04-03 15:02:58.308992,0 days 00:00:00.174325,2,1,threshold,0.9897017685298071,5.0,COMPLETE
137,0.39899235328739446,2026-04-03 15:02:58.309117,2026-04-03 15:02:58.481386,0 days 00:00:00.172269,2,1,threshold,0.9606749609779627,5.0,COMPLETE
138,0.41967669142897646,2026-04-03 15:02:58.481512,2026-04-03 15:02:58.656766,0 days 00:00:00.175254,2,1,threshold,0.9796914852120904,5.0,COMPLETE
139,0.39899235328739446,2026-04-03 15:02:58.656891,2026-04-03 15:02:58.830206,0 days 00:00:00.173315,2,1,threshold,0.9492470495029176,5.0,COMPLETE
140,-0.12431092227551561,2026-04-03 15:02:58.830328,2026-04-03 15:02:59.009909,0 days 00:00:00.179581,4,1,threshold,0.9728625387178705,5.0,COMPLETE
141,0.41967669142897646,2026-04-03 15:02:59.010037,2026-04-03 15:02:59.182569,0 days 00:00:00.172532,2,1,threshold,0.9813229822871022,5.0,COMPLETE
142,0.39899235328739446,2026-04-03 15:02:59.182689,2026-04-03 15:02:59.356950,0 days 00:00:00.174261,2,1,threshold,0.9653434881155198,5.0,COMPLETE
143,0.41967669142897646,2026-04-03 15:02:59.357068,2026-04-03 15:02:59.529918,0 days 00:00:00.172850,2,1,threshold,0.9759285894315298,5.0,COMPLETE
144,0.34486972068947214,2026-04-03 15:02:59.530042,2026-04-03 15:02:59.703616,0 days 00:00:00.173574,2,1,threshold,0.6232206882769045,5.0,COMPLETE
145,0.39899235328739446,2026-04-03 15:02:59.703746,2026-04-03 15:02:59.875731,0 days 00:00:00.171985,2,1,threshold,0.957776194823258,5.0,COMPLETE
146,0.41967669142897646,2026-04-03 15:02:59.875853,2026-04-03 15:03:00.048407,0 days 00:00:00.172554,2,1,threshold,0.9832682299951664,5.0,COMPLETE
147,0.41544396271822914,2026-04-03 15:03:00.048531,2026-04-03 15:03:00.221882,0 days 00:00:00.173351,2,1,threshold,0.98975050856082,5.0,COMPLETE
