number,value,datetime_start,datetime_complete,duration,params_hmm_components,params_hmm_favourable,params_hmm_gate,params_hmm_threshold,params_hmm_train_years,state
889,0.41967669142897646,2026-04-03 15:05:24.906783,2026-04-03 15:05:25.086291,0 days 00:00:00.179508,2,1,threshold,0.973040061739375,5.0,COMPLETE
890,0.41967669142897646,2026-04-03 15:05:25.086413,2026-04-03 15:05:25.263622,0 days 00:00:00.177209,2,1,threshold,0.9833973491443077,5.0,COMPLETE
891,0.39899235328739446,2026-04-03 15:05:25.263746,2026-04-03 15:05:25.441559,0 days 00:00:00.177813,2,1,threshold,0.9609657298484859,5.0,COMPLETE
892,0.39899235328739446,2026-04-03 15:05:25.441684,2026-04-03 15:05:25.622485,0 days 00:00:00.180801,2,1,threshold,0.970495063159237,5.0,COMPLETE
893,0.41544396271822914,2026-04-03 15:05:25.622614,2026-04-03 15:05:25.800347,0 days 00:00:00.177733,2,1,threshold,0.9899378559760579,5.0,COMPLETE
894,0.41967669142897646,2026-04-03 15:05:25.800471,2026-04-03 15:05:25.980928,0 days 00:00:00.180457,2,1,threshold,0.9773205289620266,5.0,COMPLETE
895,0.34486972068947214,2026-04-03 15:05:25.981055,2026-04-03 15:05:26.159593,0 days 00:00:00.178538,2,1,threshold,0.822353170294228,5.0,COMPLETE
896,0.39899235328739446,2026-04-03 15:05:26.159717,2026-04-03 15:05:26.337193,0 days 00:00:00.177476,2,1,threshold,0.9518245011966145,5.0,COMPLETE
897,0.41967669142897646,2026-04-03 15:05:26.337318,2026-04-03 15:05:26.517210,0 days 00:00:00.179892,2,1,threshold,0.9786854244525874,5.0,COMPLETE
898,0.39899235328739446,2026-04-03 15:05:26.517338,2026-04-03 15:05:26.698014,0 days 00:00:00.180676,2,1,threshold,0.9664523521666115,5.0,COMPLETE
899,0.41967669142897646,2026-04-03 15:05:26.698140,2026-04-03 15:05:26.876832,0 days 00:00:00.178692,2,1,threshold,0.9831202233886173,5.0,COMPLETE
900,0.41967669142897646,2026-04-03 15:05:26.876957,2026-04-03 15:05:27.057003,0 days 00:00:00.180046,2,1,threshold,0.9721249466957873,5.0,COMPLETE
901,0.41544396271822914,2026-04-03 15:05:27.057126,2026-04-03 15:05:27.234007,0 days 00:00:00.176881,2,1,threshold,0.9897134555256397,5.0,COMPLETE
902,0.39899235328739446,2026-04-03 15:05:27.234130,2026-04-03 15:05:27.412193,0 days 00:00:00.178063,2,1,threshold,0.9588588980112683,5.0,COMPLETE
903,0.374486011217683,2026-04-03 15:05:27.412317,2026-04-03 15:05:27.593591,0 days 00:00:00.181274,2,1,threshold,0.8543200239703923,5.0,COMPLETE
904,0.41967669142897646,2026-04-03 15:05:27.593715,2026-04-03 15:05:27.809650,0 days 00:00:00.215935,2,1,threshold,0.9769049668118943,5.0,COMPLETE
905,0.39899235328739446,2026-04-03 15:05:27.809790,2026-04-03 15:05:27.987292,0 days 00:00:00.177502,2,1,threshold,0.9650605749155557,5.0,COMPLETE
906,0.34486972068947214,2026-04-03 15:05:27.987426,2026-04-03 15:05:28.164189,0 days 00:00:00.176763,2,1,threshold,0.6200752989968957,5.0,COMPLETE
907,0.41967669142897646,2026-04-03 15:05:28.164311,2026-04-03 15:05:28.343733,0 days 00:00:00.179422,2,1,threshold,0.9832594473938644,5.0,COMPLETE
908,0.41967669142897646,2026-04-03 15:05:28.343856,2026-04-03 15:05:28.523419,0 days 00:00:00.179563,2,1,threshold,0.9719338922560874,5.0,COMPLETE
909,0.41967669142897646,2026-04-03 15:05:28.523552,2026-04-03 15:05:28.703120,0 days 00:00:00.179568,2,1,threshold,0.9778413603667929,5.0,COMPLETE
910,0.41544396271822914,2026-04-03 15:05:28.703242,2026-04-03 15:05:28.883284,0 days 00:00:00.180042,2,1,threshold,0.9897136102299179,5.0,COMPLETE
911,0.39899235328739446,2026-04-03 15:05:28.883415,2026-04-03 15:05:29.062489,0 days 00:00:00.179074,2,1,threshold,0.968351229214595,5.0,COMPLETE
912,0.41967669142897646,2026-04-03 15:05:29.062612,2026-04-03 15:05:29.242526,0 days 00:00:00.179914,2,1,threshold,0.9830737833337464,5.0,COMPLETE
913,0.39899235328739446,2026-04-03 15:05:29.242647,2026-04-03 15:05:29.421357,0 days 00:00:00.178710,2,1,threshold,0.958939184090961,5.0,COMPLETE
914,0.41967669142897646,2026-04-03 15:05:29.421486,2026-04-03 15:05:29.600558,0 days 00:00:00.179072,2,1,threshold,0.9747180209797837,5.0,COMPLETE
915,0.41967669142897646,2026-04-03 15:05:29.600683,2026-04-03 15:05:29.780859,0 days 00:00:00.180176,2,1,threshold,0.9839267442599383,5.0,COMPLETE
916,0.41544396271822914,2026-04-03 15:05:29.780985,2026-04-03 15:05:29.957155,0 days 00:00:00.176170,2,1,threshold,0.9899457217382965,5.0,COMPLETE
917,0.39899235328739446,2026-04-03 15:05:29.957281,2026-04-03 15:05:30.136286,0 days 00:00:00.179005,2,1,threshold,0.9644840966950078,5.0,COMPLETE
918,-0.126492304035055,2026-04-03 15:05:30.136412,2026-04-03 15:05:30.323983,0 days 00:00:00.187571,3,1,threshold,0.9496874578105721,5.0,COMPLETE
919,0.41967669142897646,2026-04-03 15:05:30.324105,2026-04-03 15:05:30.503391,0 days 00:00:00.179286,2,1,threshold,0.977219396224839,5.0,COMPLETE
920,0.39899235328739446,2026-04-03 15:05:30.503515,2026-04-03 15:05:30.683448,0 days 00:00:00.179933,2,1,threshold,0.9713167926061642,5.0,COMPLETE
921,0.41967669142897646,2026-04-03 15:05:30.683571,2026-04-03 15:05:30.862909,0 days 00:00:00.179338,2,1,threshold,0.9776102848251161,5.0,COMPLETE
922,0.39899235328739446,2026-04-03 15:05:30.863034,2026-04-03 15:05:31.046827,0 days 00:00:00.183793,2,1,threshold,0.9669314336407828,5.0,COMPLETE
923,0.41544396271822914,2026-04-03 15:05:31.046952,2026-04-03 15:05:31.226767,0 days 00:00:00.179815,2,1,threshold,0.9899730995544984,5.0,COMPLETE
924,0.41967669142897646,2026-04-03 15:05:31.226888,2026-04-03 15:05:31.403237,0 days 00:00:00.176349,2,1,threshold,0.9819496746129269,5.0,COMPLETE
925,0.39899235328739446,2026-04-03 15:05:31.403360,2026-04-03 15:05:31.621857,0 days 00:00:00.218497,2,1,threshold,0.9714815416469395,5.0,COMPLETE
926,0.39899235328739446,2026-04-03 15:05:31.621994,2026-04-03 15:05:31.799794,0 days 00:00:00.177800,2,1,threshold,0.9548405038917269,5.0,COMPLETE
927,0.39899235328739446,2026-04-03 15:05:31.799926,2026-04-03 15:05:31.977813,0 days 00:00:00.177887,2,1,threshold,0.961690315240316,5.0,COMPLETE
928,0.41967669142897646,2026-04-03 15:05:31.977937,2026-04-03 15:05:32.155288,0 days 00:00:00.177351,2,1,threshold,0.9784623537410185,5.0,COMPLETE
929,0.41544396271822914,2026-04-03 15:05:32.155412,2026-04-03 15:05:32.333085,0 days 00:00:00.177673,2,1,threshold,0.9899303009269556,5.0,COMPLETE
930,0.41967669142897646,2026-04-03 15:05:32.333209,2026-04-03 15:05:32.514727,0 days 00:00:00.181518,2,1,threshold,0.9737275984039931,5.0,COMPLETE
931,0.41967669142897646,2026-04-03 15:05:32.514863,2026-04-03 15:05:32.695388,0 days 00:00:00.180525,2,1,threshold,0.982597101268703,5.0,COMPLETE
932,0.39899235328739446,2026-04-03 15:05:32.695513,2026-04-03 15:05:32.873660,0 days 00:00:00.178147,2,1,threshold,0.9675273077636863,5.0,COMPLETE
933,0.41967669142897646,2026-04-03 15:05:32.873791,2026-04-03 15:05:33.050780,0 days 00:00:00.176989,2,1,threshold,0.9786685251652658,5.0,COMPLETE
934,0.39899235328739446,2026-04-03 15:05:33.050906,2026-04-03 15:05:33.343032,0 days 00:00:00.292126,2,1,threshold,0.9610055838824157,5.0,COMPLETE
935,0.34486972068947214,2026-04-03 15:05:33.343194,2026-04-03 15:05:33.523301,0 days 00:00:00.180107,2,1,threshold,0.7567287961942833,5.0,COMPLETE
936,0.39899235328739446,2026-04-03 15:05:33.523426,2026-04-03 15:05:33.700291,0 days 00:00:00.176865,2,1,threshold,0.9716367302053438,5.0,COMPLETE
937,0.34486972068947214,2026-04-03 15:05:33.700411,2026-04-03 15:05:33.888146,0 days 00:00:00.187735,2,1,threshold,0.6863059922327857,5.0,COMPLETE
938,0.41967669142897646,2026-04-03 15:05:33.888277,2026-04-03 15:05:34.071734,0 days 00:00:00.183457,2,1,threshold,0.9833117291227315,5.0,COMPLETE
939,0.41967669142897646,2026-04-03 15:05:34.071869,2026-04-03 15:05:34.249618,0 days 00:00:00.177749,2,1,threshold,0.975562837592845,5.0,COMPLETE
940,0.41967669142897646,2026-04-03 15:05:34.249749,2026-04-03 15:05:34.431593,0 days 00:00:00.181844,2,1,threshold,0.9828662578416456,5.0,COMPLETE
941,0.39899235328739446,2026-04-03 15:05:34.431725,2026-04-03 15:05:34.612939,0 days 00:00:00.181214,2,1,threshold,0.9643376632591901,5.0,COMPLETE
942,0.39899235328739446,2026-04-03 15:05:34.613071,2026-04-03 15:05:34.789725,0 days 00:00:00.176654,2,1,threshold,0.9704093863917158,5.0,COMPLETE
943,0.39899235328739446,2026-04-03 15:05:34.789849,2026-04-03 15:05:34.971195,0 days 00:00:00.181346,2,1,threshold,0.9546272037777622,5.0,COMPLETE
944,0.41967669142897646,2026-04-03 15:05:34.971325,2026-04-03 15:05:35.210080,0 days 00:00:00.238755,2,1,threshold,0.9773276476255839,5.0,COMPLETE
945,0.41967669142897646,2026-04-03 15:05:35.210202,2026-04-03 15:05:35.385775,0 days 00:00:00.175573,2,1,threshold,0.9819181050934764,5.0,COMPLETE
946,0.39899235328739446,2026-04-03 15:05:35.385899,2026-04-03 15:05:35.562858,0 days 00:00:00.176959,2,1,threshold,0.9452353869337748,5.0,COMPLETE
947,0.34486972068947214,2026-04-03 15:05:35.562987,2026-04-03 15:05:35.742055,0 days 00:00:00.179068,2,1,threshold,0.8335950764102793,5.0,COMPLETE
948,0.39899235328739446,2026-04-03 15:05:35.742181,2026-04-03 15:05:35.920851,0 days 00:00:00.178670,2,1,threshold,0.9683904965003979,5.0,COMPLETE
949,0.34486972068947214,2026-04-03 15:05:35.920985,2026-04-03 15:05:36.099335,0 days 00:00:00.178350,2,1,threshold,0.7083681759653554,5.0,COMPLETE
950,0.41967669142897646,2026-04-03 15:05:36.099469,2026-04-03 15:05:36.277858,0 days 00:00:00.178389,2,1,threshold,0.9845111324053526,5.0,COMPLETE
951,-0.08192357779250596,2026-04-03 15:05:36.277984,2026-04-03 15:05:36.463688,0 days 00:00:00.185704,6,4,threshold,0.9749922183184954,5.0,COMPLETE
952,0.39899235328739446,2026-04-03 15:05:36.463818,2026-04-03 15:05:36.640257,0 days 00:00:00.176439,2,1,threshold,0.9629146135730339,5.0,COMPLETE
953,0.41967669142897646,2026-04-03 15:05:36.640382,2026-04-03 15:05:36.817221,0 days 00:00:00.176839,2,1,threshold,0.9838072725170665,5.0,COMPLETE
954,0.41967669142897646,2026-04-03 15:05:36.817345,2026-04-03 15:05:36.994948,0 days 00:00:00.177603,2,1,threshold,0.9730342439114505,5.0,COMPLETE
955,0.34486972068947214,2026-04-03 15:05:36.995076,2026-04-03 15:05:37.172138,0 days 00:00:00.177062,2,1,threshold,0.8084305777147444,5.0,COMPLETE
956,0.39899235328739446,2026-04-03 15:05:37.172262,2026-04-03 15:05:37.349855,0 days 00:00:00.177593,2,1,threshold,0.9592563747746875,5.0,COMPLETE
957,-0.16953843638143734,2026-04-03 15:05:37.349993,2026-04-03 15:05:37.542192,0 days 00:00:00.192199,3,1,threshold,0.8749531795004126,5.0,COMPLETE
958,0.41967669142897646,2026-04-03 15:05:37.542319,2026-04-03 15:05:37.727729,0 days 00:00:00.185410,2,1,threshold,0.9778265602386084,5.0,COMPLETE
959,0.41544396271822914,2026-04-03 15:05:37.727859,2026-04-03 15:05:37.907138,0 days 00:00:00.179279,2,1,threshold,0.9897355286316729,5.0,COMPLETE
960,0.39899235328739446,2026-04-03 15:05:37.907266,2026-04-03 15:05:38.086531,0 days 00:00:00.179265,2,1,threshold,0.969854169072984,5.0,COMPLETE
961,0.41967669142897646,2026-04-03 15:05:38.086660,2026-04-03 15:05:38.270229,0 days 00:00:00.183569,2,1,threshold,0.983586962085117,5.0,COMPLETE
962,0.39899235328739446,2026-04-03 15:05:38.270363,2026-04-03 15:05:38.450479,0 days 00:00:00.180116,2,1,threshold,0.9660885292942264,5.0,COMPLETE
963,0.41544396271822914,2026-04-03 15:05:38.450610,2026-04-03 15:05:38.673443,0 days 00:00:00.222833,2,1,threshold,0.9896584451901028,5.0,COMPLETE
964,0.41967669142897646,2026-04-03 15:05:38.673575,2026-04-03 15:05:38.851801,0 days 00:00:00.178226,2,1,threshold,0.9760633460448522,5.0,COMPLETE
965,-0.38704286956579015,2026-04-03 15:05:38.851927,2026-04-03 15:05:39.043985,0 days 00:00:00.192058,4,3,threshold,0.9788883307758963,5.0,COMPLETE
966,0.39899235328739446,2026-04-03 15:05:39.044111,2026-04-03 15:05:39.221622,0 days 00:00:00.177511,2,1,threshold,0.9703391730940489,5.0,COMPLETE
967,0.39899235328739446,2026-04-03 15:05:39.221749,2026-04-03 15:05:39.399529,0 days 00:00:00.177780,2,1,threshold,0.9545799854428029,5.0,COMPLETE
968,0.41967669142897646,2026-04-03 15:05:39.399655,2026-04-03 15:05:39.578172,0 days 00:00:00.178517,2,1,threshold,0.9839219679109896,5.0,COMPLETE
969,0.39899235328739446,2026-04-03 15:05:39.578297,2026-04-03 15:05:39.757503,0 days 00:00:00.179206,2,1,threshold,0.9621123028810113,5.0,COMPLETE
970,0.41967669142897646,2026-04-03 15:05:39.757628,2026-04-03 15:05:39.939454,0 days 00:00:00.181826,2,1,threshold,0.9754455391221878,5.0,COMPLETE
971,0.39899235328739446,2026-04-03 15:05:39.939584,2026-04-03 15:05:40.117184,0 days 00:00:00.177600,2,1,threshold,0.9680424022699212,5.0,COMPLETE
972,0.41544396271822914,2026-04-03 15:05:40.117314,2026-04-03 15:05:40.294836,0 days 00:00:00.177522,2,1,threshold,0.989954264468461,5.0,COMPLETE
973,0.41967669142897646,2026-04-03 15:05:40.294969,2026-04-03 15:05:40.474656,0 days 00:00:00.179687,2,1,threshold,0.9794545551343111,5.0,COMPLETE
974,0.41967669142897646,2026-04-03 15:05:40.474783,2026-04-03 15:05:40.652026,0 days 00:00:00.177243,2,1,threshold,0.9719913042549635,5.0,COMPLETE
975,0.41967669142897646,2026-04-03 15:05:40.652156,2026-04-03 15:05:40.829369,0 days 00:00:00.177213,2,1,threshold,0.9832602213744067,5.0,COMPLETE
976,0.39899235328739446,2026-04-03 15:05:40.829495,2026-04-03 15:05:41.006798,0 days 00:00:00.177303,2,1,threshold,0.9595712281036364,5.0,COMPLETE
977,0.41544396271822914,2026-04-03 15:05:41.006924,2026-04-03 15:05:41.183666,0 days 00:00:00.176742,2,1,threshold,0.989847773577567,5.0,COMPLETE
978,0.41967669142897646,2026-04-03 15:05:41.183793,2026-04-03 15:05:41.402029,0 days 00:00:00.218236,2,1,threshold,0.9774405594309206,5.0,COMPLETE
979,0.39899235328739446,2026-04-03 15:05:41.402160,2026-04-03 15:05:41.583561,0 days 00:00:00.181401,2,1,threshold,0.9666832544335942,5.0,COMPLETE
980,0.41967669142897646,2026-04-03 15:05:41.583691,2026-04-03 15:05:41.760296,0 days 00:00:00.176605,2,1,threshold,0.9748846954652591,5.0,COMPLETE
981,0.15058620035681816,2026-04-03 15:05:41.760421,2026-04-03 15:05:41.988378,0 days 00:00:00.227957,5,3,threshold,0.672809702729569,5.0,COMPLETE
982,0.378942831524284,2026-04-03 15:05:41.988531,2026-04-03 15:05:42.205228,0 days 00:00:00.216697,2,1,threshold,0.9290384270947254,5.0,COMPLETE
983,0.39899235328739446,2026-04-03 15:05:42.205359,2026-04-03 15:05:42.381410,0 days 00:00:00.176051,2,1,threshold,0.9495363040535553,5.0,COMPLETE
984,0.41967669142897646,2026-04-03 15:05:42.381537,2026-04-03 15:05:42.587098,0 days 00:00:00.205561,2,1,threshold,0.9819007538530957,5.0,COMPLETE
985,0.39899235328739446,2026-04-03 15:05:42.587265,2026-04-03 15:05:42.785668,0 days 00:00:00.198403,2,1,threshold,0.9684135678416113,5.0,COMPLETE
986,0.41967669142897646,2026-04-03 15:05:42.785808,2026-04-03 15:05:42.983661,0 days 00:00:00.197853,2,1,threshold,0.9811677165481141,5.0,COMPLETE
987,0.39899235328739446,2026-04-03 15:05:42.983807,2026-04-03 15:05:43.181576,0 days 00:00:00.197769,2,1,threshold,0.9604687302270397,5.0,COMPLETE
988,0.41967669142897646,2026-04-03 15:05:43.181725,2026-04-03 15:05:43.371857,0 days 00:00:00.190132,2,1,threshold,0.9738587954567813,5.0,COMPLETE
989,0.41967669142897646,2026-04-03 15:05:43.372001,2026-04-03 15:05:43.577221,0 days 00:00:00.205220,2,1,threshold,0.982188600264137,5.0,COMPLETE
990,0.41544396271822914,2026-04-03 15:05:43.577366,2026-04-03 15:05:43.784997,0 days 00:00:00.207631,2,1,threshold,0.9897604086979588,5.0,COMPLETE
991,0.39899235328739446,2026-04-03 15:05:43.785136,2026-04-03 15:05:43.967925,0 days 00:00:00.182789,2,1,threshold,0.9662728386817258,5.0,COMPLETE
992,0.41967669142897646,2026-04-03 15:05:43.968053,2026-04-03 15:05:44.144677,0 days 00:00:00.176624,2,1,threshold,0.9742231241797246,5.0,COMPLETE
993,0.41967669142897646,2026-04-03 15:05:44.144802,2026-04-03 15:05:44.323505,0 days 00:00:00.178703,2,1,threshold,0.9827135777537428,5.0,COMPLETE
994,0.39899235328739446,2026-04-03 15:05:44.323629,2026-04-03 15:05:44.500930,0 days 00:00:00.177301,2,1,threshold,0.9578550198685959,5.0,COMPLETE
995,0.41967669142897646,2026-04-03 15:05:44.501061,2026-04-03 15:05:44.677670,0 days 00:00:00.176609,2,1,threshold,0.9722299384856086,5.0,COMPLETE
996,0.41967669142897646,2026-04-03 15:05:44.677799,2026-04-03 15:05:44.862456,0 days 00:00:00.184657,2,1,threshold,0.9786722709549088,5.0,COMPLETE
997,0.39899235328739446,2026-04-03 15:05:44.862614,2026-04-03 15:05:45.076056,0 days 00:00:00.213442,2,1,threshold,0.9668699959648823,5.0,COMPLETE
998,0.41967669142897646,2026-04-03 15:05:45.076198,2026-04-03 15:05:45.257955,0 days 00:00:00.181757,2,1,threshold,0.9832231333600304,5.0,COMPLETE
999,0.41967669142897646,2026-04-03 15:05:45.258081,2026-04-03 15:05:45.436346,0 days 00:00:00.178265,2,1,threshold,0.9740137268010944,5.0,COMPLETE
