number,value,datetime_start,datetime_complete,duration,params_hmm_components,params_hmm_favourable,params_hmm_gate,params_hmm_threshold,params_hmm_train_years,state
444,-0.1513691644246719,2026-04-03 15:03:56.508882,2026-04-03 15:03:56.722011,0 days 00:00:00.213129,5,2,threshold,0.9706386584507019,5.0,COMPLETE
445,0.41967669142897646,2026-04-03 15:03:56.722135,2026-04-03 15:03:56.901511,0 days 00:00:00.179376,2,1,threshold,0.9775077179041162,5.0,COMPLETE
446,0.32966884750917963,2026-04-03 15:03:56.901645,2026-04-03 15:03:57.078054,0 days 00:00:00.176409,2,1,threshold,0.8955468129975639,5.0,COMPLETE
447,0.39899235328739446,2026-04-03 15:03:57.078184,2026-04-03 15:03:57.253603,0 days 00:00:00.175419,2,1,threshold,0.9628507746192629,5.0,COMPLETE
448,0.41967669142897646,2026-04-03 15:03:57.253726,2026-04-03 15:03:57.428328,0 days 00:00:00.174602,2,1,threshold,0.9829798232892294,5.0,COMPLETE
449,0.39899235328739446,2026-04-03 15:03:57.428450,2026-04-03 15:03:57.642486,0 days 00:00:00.214036,2,1,threshold,0.9714103793193112,5.0,COMPLETE
450,-0.12108494375330338,2026-04-03 15:03:57.642615,2026-04-03 15:03:58.018000,0 days 00:00:00.375385,4,2,threshold,0.9772191945513468,5.0,COMPLETE
451,0.34486972068947214,2026-04-03 15:03:58.018150,2026-04-03 15:03:58.197198,0 days 00:00:00.179048,2,1,threshold,0.6446786003461872,5.0,COMPLETE
452,0.41544396271822914,2026-04-03 15:03:58.197328,2026-04-03 15:03:58.372719,0 days 00:00:00.175391,2,1,threshold,0.9898704844662998,5.0,COMPLETE
453,0.39899235328739446,2026-04-03 15:03:58.372844,2026-04-03 15:03:58.547050,0 days 00:00:00.174206,2,1,threshold,0.9673522181463473,5.0,COMPLETE
454,0.39899235328739446,2026-04-03 15:03:58.547182,2026-04-03 15:03:58.829503,0 days 00:00:00.282321,2,1,threshold,0.9561007251368182,5.0,COMPLETE
455,0.41967669142897646,2026-04-03 15:03:58.829630,2026-04-03 15:03:59.005300,0 days 00:00:00.175670,2,1,threshold,0.9812048418158121,5.0,COMPLETE
456,0.41967669142897646,2026-04-03 15:03:59.005430,2026-04-03 15:03:59.317530,0 days 00:00:00.312100,2,1,threshold,0.9742491481004113,5.0,COMPLETE
457,0.34486972068947214,2026-04-03 15:03:59.317785,2026-04-03 15:03:59.495389,0 days 00:00:00.177604,2,1,threshold,0.7284831899081763,5.0,COMPLETE
458,0.39899235328739446,2026-04-03 15:03:59.495522,2026-04-03 15:03:59.670917,0 days 00:00:00.175395,2,1,threshold,0.9653922247788369,5.0,COMPLETE
459,0.41967669142897646,2026-04-03 15:03:59.671045,2026-04-03 15:03:59.846008,0 days 00:00:00.174963,2,1,threshold,0.9831533428657937,5.0,COMPLETE
460,0.34486972068947214,2026-04-03 15:03:59.846138,2026-04-03 15:04:00.026444,0 days 00:00:00.180306,2,1,threshold,0.6095767116390245,5.0,COMPLETE
461,-0.06816240729259153,2026-04-03 15:04:00.026569,2026-04-03 15:04:00.209009,0 days 00:00:00.182440,6,3,threshold,0.9752349592677636,5.0,COMPLETE
462,0.39899235328739446,2026-04-03 15:04:00.209130,2026-04-03 15:04:00.385934,0 days 00:00:00.176804,2,1,threshold,0.969617307374408,5.0,COMPLETE
463,0.41967669142897646,2026-04-03 15:04:00.386060,2026-04-03 15:04:00.561251,0 days 00:00:00.175191,2,1,threshold,0.982944289903178,5.0,COMPLETE
464,0.39899235328739446,2026-04-03 15:04:00.561384,2026-04-03 15:04:00.738910,0 days 00:00:00.177526,2,1,threshold,0.9597080429236527,5.0,COMPLETE
465,0.41967669142897646,2026-04-03 15:04:00.739042,2026-04-03 15:04:00.917314,0 days 00:00:00.178272,2,1,threshold,0.977387697279203,5.0,COMPLETE
466,0.41544396271822914,2026-04-03 15:04:00.917438,2026-04-03 15:04:01.094610,0 days 00:00:00.177172,2,1,threshold,0.9892611546562868,5.0,COMPLETE
467,0.39899235328739446,2026-04-03 15:04:01.094738,2026-04-03 15:04:01.274960,0 days 00:00:00.180222,2,1,threshold,0.9713077956268014,5.0,COMPLETE
468,0.39899235328739446,2026-04-03 15:04:01.275085,2026-04-03 15:04:01.506307,0 days 00:00:00.231222,2,1,threshold,0.9502798708553584,5.0,COMPLETE
469,0.33225274938352234,2026-04-03 15:04:01.506435,2026-04-03 15:04:01.682104,0 days 00:00:00.175669,2,1,threshold,0.8816587101671867,5.0,COMPLETE
470,0.41967669142897646,2026-04-03 15:04:01.682228,2026-04-03 15:04:01.856961,0 days 00:00:00.174733,2,1,threshold,0.9830077377623523,5.0,COMPLETE
471,0.34486972068947214,2026-04-03 15:04:01.857082,2026-04-03 15:04:02.034350,0 days 00:00:00.177268,2,1,threshold,0.8262286908236991,5.0,COMPLETE
472,0.39899235328739446,2026-04-03 15:04:02.034479,2026-04-03 15:04:02.209036,0 days 00:00:00.174557,2,1,threshold,0.9633077066989705,5.0,COMPLETE
473,0.41967669142897646,2026-04-03 15:04:02.209170,2026-04-03 15:04:02.385816,0 days 00:00:00.176646,2,1,threshold,0.974244960017254,5.0,COMPLETE
474,0.41967669142897646,2026-04-03 15:04:02.385941,2026-04-03 15:04:02.560465,0 days 00:00:00.174524,2,1,threshold,0.982850648073295,5.0,COMPLETE
475,0.378942831524284,2026-04-03 15:04:02.560593,2026-04-03 15:04:02.737143,0 days 00:00:00.176550,2,1,threshold,0.9298802634691059,5.0,COMPLETE
476,0.39899235328739446,2026-04-03 15:04:02.737267,2026-04-03 15:04:02.914104,0 days 00:00:00.176837,2,1,threshold,0.9689200471012639,5.0,COMPLETE
477,0.15165970906839354,2026-04-03 15:04:02.914238,2026-04-03 15:04:03.099799,0 days 00:00:00.185561,3,1,threshold,0.9764880870262604,5.0,COMPLETE
478,0.39899235328739446,2026-04-03 15:04:03.099922,2026-04-03 15:04:03.275326,0 days 00:00:00.175404,2,1,threshold,0.9581591508294092,5.0,COMPLETE
479,0.41544396271822914,2026-04-03 15:04:03.275453,2026-04-03 15:04:03.450504,0 days 00:00:00.175051,2,1,threshold,0.9895511756426697,5.0,COMPLETE
480,0.41967669142897646,2026-04-03 15:04:03.450635,2026-04-03 15:04:03.626069,0 days 00:00:00.175434,2,1,threshold,0.9786487850934287,5.0,COMPLETE
481,0.39899235328739446,2026-04-03 15:04:03.626195,2026-04-03 15:04:03.801481,0 days 00:00:00.175286,2,1,threshold,0.965442402668697,5.0,COMPLETE
482,0.41967669142897646,2026-04-03 15:04:03.801607,2026-04-03 15:04:03.977971,0 days 00:00:00.176364,2,1,threshold,0.9831389237253734,5.0,COMPLETE
483,0.39899235328739446,2026-04-03 15:04:03.978096,2026-04-03 15:04:04.155531,0 days 00:00:00.177435,2,1,threshold,0.9687443516503847,5.0,COMPLETE
484,0.41967669142897646,2026-04-03 15:04:04.155650,2026-04-03 15:04:04.329685,0 days 00:00:00.174035,2,1,threshold,0.9760010444156416,5.0,COMPLETE
485,0.17695878944383003,2026-04-03 15:04:04.329810,2026-04-03 15:04:04.544289,0 days 00:00:00.214479,5,4,threshold,0.984084442997352,5.0,COMPLETE
486,0.39899235328739446,2026-04-03 15:04:04.544414,2026-04-03 15:04:04.754842,0 days 00:00:00.210428,2,1,threshold,0.9611765265839325,5.0,COMPLETE
487,0.39899235328739446,2026-04-03 15:04:04.754967,2026-04-03 15:04:04.929694,0 days 00:00:00.174727,2,1,threshold,0.9424289619288442,5.0,COMPLETE
488,0.41967669142897646,2026-04-03 15:04:04.929820,2026-04-03 15:04:05.106252,0 days 00:00:00.176432,2,1,threshold,0.9735413648147299,5.0,COMPLETE
489,0.41967669142897646,2026-04-03 15:04:05.106381,2026-04-03 15:04:05.281944,0 days 00:00:00.175563,2,1,threshold,0.9832293642434672,5.0,COMPLETE
490,0.39899235328739446,2026-04-03 15:04:05.282069,2026-04-03 15:04:05.458087,0 days 00:00:00.176018,2,1,threshold,0.9689292584314998,5.0,COMPLETE
491,0.41967669142897646,2026-04-03 15:04:05.458210,2026-04-03 15:04:05.636764,0 days 00:00:00.178554,2,1,threshold,0.9770752508407183,5.0,COMPLETE
492,0.41544396271822914,2026-04-03 15:04:05.636895,2026-04-03 15:04:05.817411,0 days 00:00:00.180516,2,1,threshold,0.9893783830042467,5.0,COMPLETE
493,0.39899235328739446,2026-04-03 15:04:05.817552,2026-04-03 15:04:05.996528,0 days 00:00:00.178976,2,1,threshold,0.9543472522114143,5.0,COMPLETE
494,0.41544396271822914,2026-04-03 15:04:05.996667,2026-04-03 15:04:06.177822,0 days 00:00:00.181155,2,1,threshold,0.9896646584585025,5.0,COMPLETE
495,0.39899235328739446,2026-04-03 15:04:06.177972,2026-04-03 15:04:06.366896,0 days 00:00:00.188924,2,1,threshold,0.9701418875525116,5.0,COMPLETE
496,0.41967669142897646,2026-04-03 15:04:06.367249,2026-04-03 15:04:06.545618,0 days 00:00:00.178369,2,1,threshold,0.9777581745179859,5.0,COMPLETE
497,0.39899235328739446,2026-04-03 15:04:06.545742,2026-04-03 15:04:06.722070,0 days 00:00:00.176328,2,1,threshold,0.9641758859391417,5.0,COMPLETE
498,0.41967669142897646,2026-04-03 15:04:06.722194,2026-04-03 15:04:06.900598,0 days 00:00:00.178404,2,1,threshold,0.9798552386008771,5.0,COMPLETE
499,0.41967669142897646,2026-04-03 15:04:06.900737,2026-04-03 15:04:07.082946,0 days 00:00:00.182209,2,1,threshold,0.9726046383148184,5.0,COMPLETE
500,0.41544396271822914,2026-04-03 15:04:07.083086,2026-04-03 15:04:07.266598,0 days 00:00:00.183512,2,1,threshold,0.9899499700740063,5.0,COMPLETE
501,0.39899235328739446,2026-04-03 15:04:07.266746,2026-04-03 15:04:07.445130,0 days 00:00:00.178384,2,1,threshold,0.9615591089901278,5.0,COMPLETE
502,0.41967669142897646,2026-04-03 15:04:07.445260,2026-04-03 15:04:07.621902,0 days 00:00:00.176642,2,1,threshold,0.9803090986605523,5.0,COMPLETE
503,0.374486011217683,2026-04-03 15:04:07.622032,2026-04-03 15:04:07.800556,0 days 00:00:00.178524,2,1,threshold,0.8575842880419254,5.0,COMPLETE
504,0.41967669142897646,2026-04-03 15:04:07.800695,2026-04-03 15:04:07.978296,0 days 00:00:00.177601,2,1,threshold,0.9721217916006161,5.0,COMPLETE
505,0.41967669142897646,2026-04-03 15:04:07.978434,2026-04-03 15:04:08.219673,0 days 00:00:00.241239,2,1,threshold,0.9832209984480094,5.0,COMPLETE
506,0.39899235328739446,2026-04-03 15:04:08.219810,2026-04-03 15:04:08.398000,0 days 00:00:00.178190,2,1,threshold,0.9520101794277585,5.0,COMPLETE
507,-0.12431092227551561,2026-04-03 15:04:08.398135,2026-04-03 15:04:08.582277,0 days 00:00:00.184142,4,1,threshold,0.9667507612411592,5.0,COMPLETE
508,0.34486972068947214,2026-04-03 15:04:08.582408,2026-04-03 15:04:08.760010,0 days 00:00:00.177602,2,1,threshold,0.7395251798722808,5.0,COMPLETE
509,0.41967669142897646,2026-04-03 15:04:08.760142,2026-04-03 15:04:08.939347,0 days 00:00:00.179205,2,1,threshold,0.9756908911912997,5.0,COMPLETE
510,0.41967669142897646,2026-04-03 15:04:08.939481,2026-04-03 15:04:09.125397,0 days 00:00:00.185916,2,1,threshold,0.9813247437428427,5.0,COMPLETE
511,0.39899235328739446,2026-04-03 15:04:09.125531,2026-04-03 15:04:09.311880,0 days 00:00:00.186349,2,1,threshold,0.9606754346876609,5.0,COMPLETE
512,0.39899235328739446,2026-04-03 15:04:09.312013,2026-04-03 15:04:09.503893,0 days 00:00:00.191880,2,1,threshold,0.9701906351282662,5.0,COMPLETE
513,0.41967669142897646,2026-04-03 15:04:09.504028,2026-04-03 15:04:09.701254,0 days 00:00:00.197226,2,1,threshold,0.9834253279159658,5.0,COMPLETE
514,0.41967669142897646,2026-04-03 15:04:09.701388,2026-04-03 15:04:09.887921,0 days 00:00:00.186533,2,1,threshold,0.9746766126407758,5.0,COMPLETE
515,0.41967669142897646,2026-04-03 15:04:09.888057,2026-04-03 15:04:10.066156,0 days 00:00:00.178099,2,1,threshold,0.9836839142132748,5.0,COMPLETE
516,0.39899235328739446,2026-04-03 15:04:10.066289,2026-04-03 15:04:10.246894,0 days 00:00:00.180605,2,1,threshold,0.9642886263954831,5.0,COMPLETE
517,0.41544396271822914,2026-04-03 15:04:10.247022,2026-04-03 15:04:10.531681,0 days 00:00:00.284659,2,1,threshold,0.9895699185890013,5.0,COMPLETE
518,0.41967669142897646,2026-04-03 15:04:10.532059,2026-04-03 15:04:10.797501,0 days 00:00:00.265442,2,1,threshold,0.9746107797414573,5.0,COMPLETE
519,0.39899235328739446,2026-04-03 15:04:10.797642,2026-04-03 15:04:11.027632,0 days 00:00:00.229990,2,1,threshold,0.9559798403306551,5.0,COMPLETE
520,0.34486972068947214,2026-04-03 15:04:11.027776,2026-04-03 15:04:11.214689,0 days 00:00:00.186913,2,1,threshold,0.8386902475588148,5.0,COMPLETE
521,0.41967669142897646,2026-04-03 15:04:11.214831,2026-04-03 15:04:11.502600,0 days 00:00:00.287769,2,1,threshold,0.9784890393688697,5.0,COMPLETE
522,0.39899235328739446,2026-04-03 15:04:11.502741,2026-04-03 15:04:11.700505,0 days 00:00:00.197764,2,1,threshold,0.9673772584673954,5.0,COMPLETE
523,0.41967669142897646,2026-04-03 15:04:11.700646,2026-04-03 15:04:11.963663,0 days 00:00:00.263017,2,1,threshold,0.9836632748618985,5.0,COMPLETE
524,0.41967669142897646,2026-04-03 15:04:11.963810,2026-04-03 15:04:12.143646,0 days 00:00:00.179836,2,1,threshold,0.9730193639991194,5.0,COMPLETE
525,0.41967669142897646,2026-04-03 15:04:12.143780,2026-04-03 15:04:12.366510,0 days 00:00:00.222730,2,1,threshold,0.9776496041272528,5.0,COMPLETE
526,0.39899235328739446,2026-04-03 15:04:12.366719,2026-04-03 15:04:12.568173,0 days 00:00:00.201454,2,1,threshold,0.9661972730643323,5.0,COMPLETE
527,0.41967669142897646,2026-04-03 15:04:12.568319,2026-04-03 15:04:12.771826,0 days 00:00:00.203507,2,1,threshold,0.9826504171993823,5.0,COMPLETE
528,0.41544396271822914,2026-04-03 15:04:12.771972,2026-04-03 15:04:13.021573,0 days 00:00:00.249601,2,1,threshold,0.9891932834911924,5.0,COMPLETE
529,0.39899235328739446,2026-04-03 15:04:13.021705,2026-04-03 15:04:13.230594,0 days 00:00:00.208889,2,1,threshold,0.9473205199457416,5.0,COMPLETE
530,0.34486972068947214,2026-04-03 15:04:13.230741,2026-04-03 15:04:13.418037,0 days 00:00:00.187296,2,1,threshold,0.6925170217366198,5.0,COMPLETE
531,0.39899235328739446,2026-04-03 15:04:13.418197,2026-04-03 15:04:13.612932,0 days 00:00:00.194735,2,1,threshold,0.9710432556507513,5.0,COMPLETE
532,0.39899235328739446,2026-04-03 15:04:13.613065,2026-04-03 15:04:13.825509,0 days 00:00:00.212444,2,1,threshold,0.9587412683105514,5.0,COMPLETE
533,0.41967669142897646,2026-04-03 15:04:13.825649,2026-04-03 15:04:14.096771,0 days 00:00:00.271122,2,1,threshold,0.9764799997039524,5.0,COMPLETE
534,0.39899235328739446,2026-04-03 15:04:14.096915,2026-04-03 15:04:14.328026,0 days 00:00:00.231111,2,1,threshold,0.9660481237001269,5.0,COMPLETE
535,0.41967669142897646,2026-04-03 15:04:14.328161,2026-04-03 15:04:14.562649,0 days 00:00:00.234488,2,1,threshold,0.9832413595002127,5.0,COMPLETE
536,0.41967669142897646,2026-04-03 15:04:14.562795,2026-04-03 15:04:14.792161,0 days 00:00:00.229366,2,1,threshold,0.977365226051572,5.0,COMPLETE
537,0.41967669142897646,2026-04-03 15:04:14.792327,2026-04-03 15:04:15.038689,0 days 00:00:00.246362,2,1,threshold,0.9718774536555003,5.0,COMPLETE
538,0.41544396271822914,2026-04-03 15:04:15.038872,2026-04-03 15:04:15.267794,0 days 00:00:00.228922,2,1,threshold,0.989285381816408,5.0,COMPLETE
539,0.39899235328739446,2026-04-03 15:04:15.267941,2026-04-03 15:04:15.526788,0 days 00:00:00.258847,2,1,threshold,0.9569218543816917,5.0,COMPLETE
540,0.41544396271822914,2026-04-03 15:04:15.527114,2026-04-03 15:04:15.726816,0 days 00:00:00.199702,2,1,threshold,0.989746649311292,5.0,COMPLETE
541,0.41967669142897646,2026-04-03 15:04:15.726952,2026-04-03 15:04:15.908990,0 days 00:00:00.182038,2,1,threshold,0.9787593897439696,5.0,COMPLETE
542,0.39899235328739446,2026-04-03 15:04:15.909120,2026-04-03 15:04:16.174304,0 days 00:00:00.265184,2,1,threshold,0.9657221218732991,5.0,COMPLETE
543,0.39899235328739446,2026-04-03 15:04:16.174445,2026-04-03 15:04:16.356073,0 days 00:00:00.181628,2,1,threshold,0.9712544645593498,5.0,COMPLETE
544,-0.23093620623787864,2026-04-03 15:04:16.356239,2026-04-03 15:04:16.546866,0 days 00:00:00.190627,3,1,threshold,0.7660333840042426,5.0,COMPLETE
545,0.41967669142897646,2026-04-03 15:04:16.547003,2026-04-03 15:04:16.730407,0 days 00:00:00.183404,2,1,threshold,0.9815786228435177,5.0,COMPLETE
546,0.39899235328739446,2026-04-03 15:04:16.730544,2026-04-03 15:04:16.909529,0 days 00:00:00.178985,2,1,threshold,0.9608919344660591,5.0,COMPLETE
547,0.41967669142897646,2026-04-03 15:04:16.909662,2026-04-03 15:04:17.087212,0 days 00:00:00.177550,2,1,threshold,0.9775154544519876,5.0,COMPLETE
548,0.41544396271822914,2026-04-03 15:04:17.087350,2026-04-03 15:04:17.266949,0 days 00:00:00.179599,2,1,threshold,0.9898896047513638,5.0,COMPLETE
549,0.39899235328739446,2026-04-03 15:04:17.267082,2026-04-03 15:04:17.453773,0 days 00:00:00.186691,2,1,threshold,0.9691555784843628,5.0,COMPLETE
550,0.41967669142897646,2026-04-03 15:04:17.453908,2026-04-03 15:04:17.632009,0 days 00:00:00.178101,2,1,threshold,0.9829216379028648,5.0,COMPLETE
551,0.41967669142897646,2026-04-03 15:04:17.632141,2026-04-03 15:04:17.808977,0 days 00:00:00.176836,2,1,threshold,0.9752732996387414,5.0,COMPLETE
552,0.39899235328739446,2026-04-03 15:04:17.809106,2026-04-03 15:04:17.991088,0 days 00:00:00.181982,2,1,threshold,0.9524209600503893,5.0,COMPLETE
553,0.39899235328739446,2026-04-03 15:04:17.991219,2026-04-03 15:04:18.170737,0 days 00:00:00.179518,2,1,threshold,0.9638457284613522,5.0,COMPLETE
554,0.41967669142897646,2026-04-03 15:04:18.170894,2026-04-03 15:04:18.359637,0 days 00:00:00.188743,2,1,threshold,0.983054278847413,5.0,COMPLETE
555,0.41967669142897646,2026-04-03 15:04:18.359775,2026-04-03 15:04:18.723380,0 days 00:00:00.363605,2,1,threshold,0.9724192135112192,5.0,COMPLETE
556,0.41967669142897646,2026-04-03 15:04:18.723547,2026-04-03 15:04:19.239604,0 days 00:00:00.516057,2,1,threshold,0.9788564668392075,5.0,COMPLETE
557,-0.10758598067428102,2026-04-03 15:04:19.239965,2026-04-03 15:04:19.485000,0 days 00:00:00.245035,3,1,threshold,0.9370536018530575,5.0,COMPLETE
558,0.41544396271822914,2026-04-03 15:04:19.485145,2026-04-03 15:04:19.718644,0 days 00:00:00.233499,2,1,threshold,0.9896538447656748,5.0,COMPLETE
559,0.39899235328739446,2026-04-03 15:04:19.718785,2026-04-03 15:04:20.027610,0 days 00:00:00.308825,2,1,threshold,0.9670981478680373,5.0,COMPLETE
560,0.41967669142897646,2026-04-03 15:04:20.027749,2026-04-03 15:04:20.441088,0 days 00:00:00.413339,2,1,threshold,0.9745703871001488,5.0,COMPLETE
561,0.41967669142897646,2026-04-03 15:04:20.441272,2026-04-03 15:04:20.734190,0 days 00:00:00.292918,2,1,threshold,0.982711890822914,5.0,COMPLETE
562,0.39899235328739446,2026-04-03 15:04:20.734337,2026-04-03 15:04:21.006890,0 days 00:00:00.272553,2,1,threshold,0.9600678986312685,5.0,COMPLETE
563,0.39899235328739446,2026-04-03 15:04:21.007017,2026-04-03 15:04:21.275064,0 days 00:00:00.268047,2,1,threshold,0.9714859798325576,5.0,COMPLETE
564,0.0,2026-04-03 15:04:21.275228,2026-04-03 15:04:21.645431,0 days 00:00:00.370203,6,1,threshold,0.9222675165084271,5.0,COMPLETE
565,0.41967669142897646,2026-04-03 15:04:21.645836,2026-04-03 15:04:21.913852,0 days 00:00:00.268016,2,1,threshold,0.9817758041218154,5.0,COMPLETE
566,0.41544396271822914,2026-04-03 15:04:21.913988,2026-04-03 15:04:22.167599,0 days 00:00:00.253611,2,1,threshold,0.9898516063575041,5.0,COMPLETE
567,0.39899235328739446,2026-04-03 15:04:22.167729,2026-04-03 15:04:22.346459,0 days 00:00:00.178730,2,1,threshold,0.9662386672132814,5.0,COMPLETE
568,0.41967669142897646,2026-04-03 15:04:22.346596,2026-04-03 15:04:22.530234,0 days 00:00:00.183638,2,1,threshold,0.9773324440473751,5.0,COMPLETE
569,0.39899235328739446,2026-04-03 15:04:22.530367,2026-04-03 15:04:22.717219,0 days 00:00:00.186852,2,1,threshold,0.9528410722603559,5.0,COMPLETE
570,0.41967669142897646,2026-04-03 15:04:22.717359,2026-04-03 15:04:23.022937,0 days 00:00:00.305578,2,1,threshold,0.9733040919942751,5.0,COMPLETE
571,0.34486972068947214,2026-04-03 15:04:23.023217,2026-04-03 15:04:23.283876,0 days 00:00:00.260659,2,1,threshold,0.7152213253740635,5.0,COMPLETE
572,0.41967669142897646,2026-04-03 15:04:23.284014,2026-04-03 15:04:23.488952,0 days 00:00:00.204938,2,1,threshold,0.9835634984166701,5.0,COMPLETE
573,0.39899235328739446,2026-04-03 15:04:23.489087,2026-04-03 15:04:23.680285,0 days 00:00:00.191198,2,1,threshold,0.9615439781349884,5.0,COMPLETE
574,0.39899235328739446,2026-04-03 15:04:23.680464,2026-04-03 15:04:23.886435,0 days 00:00:00.205971,2,1,threshold,0.9698446089091268,5.0,COMPLETE
575,0.41544396271822914,2026-04-03 15:04:23.886603,2026-04-03 15:04:24.111094,0 days 00:00:00.224491,2,1,threshold,0.9899830349150961,5.0,COMPLETE
576,0.41967669142897646,2026-04-03 15:04:24.111227,2026-04-03 15:04:24.438984,0 days 00:00:00.327757,2,1,threshold,0.977849646927437,5.0,COMPLETE
577,0.41967669142897646,2026-04-03 15:04:24.439174,2026-04-03 15:04:24.649314,0 days 00:00:00.210140,2,1,threshold,0.9815586763640544,5.0,COMPLETE
578,0.39899235328739446,2026-04-03 15:04:24.649457,2026-04-03 15:04:24.827716,0 days 00:00:00.178259,2,1,threshold,0.9680212660525482,5.0,COMPLETE
579,0.39899235328739446,2026-04-03 15:04:24.827931,2026-04-03 15:04:25.007318,0 days 00:00:00.179387,2,1,threshold,0.9457264262376338,5.0,COMPLETE
580,0.41967669142897646,2026-04-03 15:04:25.007444,2026-04-03 15:04:25.257899,0 days 00:00:00.250455,2,1,threshold,0.976708453760229,5.0,COMPLETE
581,0.39899235328739446,2026-04-03 15:04:25.258019,2026-04-03 15:04:25.434906,0 days 00:00:00.176887,2,1,threshold,0.9610594148568481,5.0,COMPLETE
582,0.41967669142897646,2026-04-03 15:04:25.435034,2026-04-03 15:04:25.625286,0 days 00:00:00.190252,2,1,threshold,0.98374164323986,5.0,COMPLETE
583,0.39899235328739446,2026-04-03 15:04:25.625446,2026-04-03 15:04:25.801306,0 days 00:00:00.175860,2,1,threshold,0.9717058429932374,5.0,COMPLETE
584,0.41544396271822914,2026-04-03 15:04:25.801434,2026-04-03 15:04:25.980330,0 days 00:00:00.178896,2,1,threshold,0.9898942308145336,5.0,COMPLETE
585,0.41967669142897646,2026-04-03 15:04:25.980471,2026-04-03 15:04:26.179639,0 days 00:00:00.199168,2,1,threshold,0.9762420314326915,5.0,COMPLETE
586,0.39899235328739446,2026-04-03 15:04:26.179774,2026-04-03 15:04:26.380034,0 days 00:00:00.200260,2,1,threshold,0.963682795805644,5.0,COMPLETE
587,0.41967669142897646,2026-04-03 15:04:26.380167,2026-04-03 15:04:26.567592,0 days 00:00:00.187425,2,1,threshold,0.9831834047422041,5.0,COMPLETE
588,0.41967669142897646,2026-04-03 15:04:26.567732,2026-04-03 15:04:26.765863,0 days 00:00:00.198131,2,1,threshold,0.9749289946081895,5.0,COMPLETE
589,0.34486972068947214,2026-04-03 15:04:26.766000,2026-04-03 15:04:26.969081,0 days 00:00:00.203081,2,1,threshold,0.8126027483227506,5.0,COMPLETE
590,0.39899235328739446,2026-04-03 15:04:26.969229,2026-04-03 15:04:27.214656,0 days 00:00:00.245427,2,1,threshold,0.9546889599175129,5.0,COMPLETE
591,0.39899235328739446,2026-04-03 15:04:27.214799,2026-04-03 15:04:27.406085,0 days 00:00:00.191286,2,1,threshold,0.9694119423097236,5.0,COMPLETE
