number,value,datetime_start,datetime_complete,duration,params_hmm_components,params_hmm_favourable,params_hmm_gate,params_hmm_threshold,params_hmm_train_years,state
740,0.41967669142897646,2026-04-03 15:04:57.090492,2026-04-03 15:04:57.271885,0 days 00:00:00.181393,2,1,threshold,0.9764157690844946,5.0,COMPLETE
741,0.39899235328739446,2026-04-03 15:04:57.272016,2026-04-03 15:04:57.447210,0 days 00:00:00.175194,2,1,threshold,0.9627074932151305,5.0,COMPLETE
742,0.39899235328739446,2026-04-03 15:04:57.447334,2026-04-03 15:04:57.632637,0 days 00:00:00.185303,2,1,threshold,0.9511316284508662,5.0,COMPLETE
743,0.39899235328739446,2026-04-03 15:04:57.632765,2026-04-03 15:04:57.811870,0 days 00:00:00.179105,2,1,threshold,0.9686803220731066,5.0,COMPLETE
744,0.41967669142897646,2026-04-03 15:04:57.812001,2026-04-03 15:04:58.009299,0 days 00:00:00.197298,2,1,threshold,0.9824640880476809,5.0,COMPLETE
745,0.41967669142897646,2026-04-03 15:04:58.009435,2026-04-03 15:04:58.190760,0 days 00:00:00.181325,2,1,threshold,0.9765972127166774,5.0,COMPLETE
746,0.41967669142897646,2026-04-03 15:04:58.190898,2026-04-03 15:04:58.368376,0 days 00:00:00.177478,2,1,threshold,0.9841763130214941,5.0,COMPLETE
747,0.39899235328739446,2026-04-03 15:04:58.368509,2026-04-03 15:04:58.553211,0 days 00:00:00.184702,2,1,threshold,0.9593029838317887,5.0,COMPLETE
748,0.39899235328739446,2026-04-03 15:04:58.553343,2026-04-03 15:04:58.733315,0 days 00:00:00.179972,2,1,threshold,0.9713021348575412,5.0,COMPLETE
749,0.41544396271822914,2026-04-03 15:04:58.733449,2026-04-03 15:04:58.913175,0 days 00:00:00.179726,2,1,threshold,0.9897171838077404,5.0,COMPLETE
750,0.41967669142897646,2026-04-03 15:04:58.913312,2026-04-03 15:04:59.087822,0 days 00:00:00.174510,2,1,threshold,0.9755428936335188,5.0,COMPLETE
751,0.39899235328739446,2026-04-03 15:04:59.087948,2026-04-03 15:04:59.266704,0 days 00:00:00.178756,2,1,threshold,0.9672598070246575,5.0,COMPLETE
752,0.32966884750917963,2026-04-03 15:04:59.266829,2026-04-03 15:04:59.482151,0 days 00:00:00.215322,2,1,threshold,0.9002083432959969,5.0,COMPLETE
753,0.41967669142897646,2026-04-03 15:04:59.482279,2026-04-03 15:04:59.664332,0 days 00:00:00.182053,2,1,threshold,0.9813050985471876,5.0,COMPLETE
754,0.0,2026-04-03 15:04:59.664458,2026-04-03 15:04:59.847054,0 days 00:00:00.182596,6,1,threshold,0.737670793014303,5.0,COMPLETE
755,0.41967669142897646,2026-04-03 15:04:59.847177,2026-04-03 15:05:00.026154,0 days 00:00:00.178977,2,1,threshold,0.9764910813190673,5.0,COMPLETE
756,0.39899235328739446,2026-04-03 15:05:00.026294,2026-04-03 15:05:00.208993,0 days 00:00:00.182699,2,1,threshold,0.9654946964788264,5.0,COMPLETE
757,0.41967669142897646,2026-04-03 15:05:00.209153,2026-04-03 15:05:00.387981,0 days 00:00:00.178828,2,1,threshold,0.9815596159126874,5.0,COMPLETE
758,0.39899235328739446,2026-04-03 15:05:00.388104,2026-04-03 15:05:00.568902,0 days 00:00:00.180798,2,1,threshold,0.9534493459265003,5.0,COMPLETE
759,0.39899235328739446,2026-04-03 15:05:00.569055,2026-04-03 15:05:00.746035,0 days 00:00:00.176980,2,1,threshold,0.9705298610717692,5.0,COMPLETE
760,0.41967669142897646,2026-04-03 15:05:00.746162,2026-04-03 15:05:00.946847,0 days 00:00:00.200685,2,1,threshold,0.9776395691122044,5.0,COMPLETE
761,0.39899235328739446,2026-04-03 15:05:00.946978,2026-04-03 15:05:01.126472,0 days 00:00:00.179494,2,1,threshold,0.961457550011975,5.0,COMPLETE
762,0.41544396271822914,2026-04-03 15:05:01.126612,2026-04-03 15:05:01.302341,0 days 00:00:00.175729,2,1,threshold,0.9897169640880695,5.0,COMPLETE
763,0.41967669142897646,2026-04-03 15:05:01.302476,2026-04-03 15:05:01.487276,0 days 00:00:00.184800,2,1,threshold,0.9835237691779679,5.0,COMPLETE
764,0.39899235328739446,2026-04-03 15:05:01.487414,2026-04-03 15:05:01.665098,0 days 00:00:00.177684,2,1,threshold,0.9716252296681122,5.0,COMPLETE
765,0.41967669142897646,2026-04-03 15:05:01.665235,2026-04-03 15:05:01.846621,0 days 00:00:00.181386,2,1,threshold,0.9786442051026237,5.0,COMPLETE
766,0.39899235328739446,2026-04-03 15:05:01.846756,2026-04-03 15:05:02.031398,0 days 00:00:00.184642,2,1,threshold,0.9466792365954868,5.0,COMPLETE
767,0.39899235328739446,2026-04-03 15:05:02.031533,2026-04-03 15:05:02.328627,0 days 00:00:00.297094,2,1,threshold,0.9664453131200816,5.0,COMPLETE
768,0.41544396271822914,2026-04-03 15:05:02.328766,2026-04-03 15:05:02.513394,0 days 00:00:00.184628,2,1,threshold,0.9895501005821427,5.0,COMPLETE
769,0.39899235328739446,2026-04-03 15:05:02.513524,2026-04-03 15:05:02.698466,0 days 00:00:00.184942,2,1,threshold,0.957919842352614,5.0,COMPLETE
770,0.41967669142897646,2026-04-03 15:05:02.698601,2026-04-03 15:05:02.877334,0 days 00:00:00.178733,2,1,threshold,0.9731661090725803,5.0,COMPLETE
771,0.41967669142897646,2026-04-03 15:05:02.877461,2026-04-03 15:05:03.122897,0 days 00:00:00.245436,2,1,threshold,0.9827171066656679,5.0,COMPLETE
772,0.41967669142897646,2026-04-03 15:05:03.123020,2026-04-03 15:05:03.301441,0 days 00:00:00.178421,2,1,threshold,0.9760965325561354,5.0,COMPLETE
773,0.39899235328739446,2026-04-03 15:05:03.301572,2026-04-03 15:05:03.479976,0 days 00:00:00.178404,2,1,threshold,0.9651290129620906,5.0,COMPLETE
774,0.41967669142897646,2026-04-03 15:05:03.480103,2026-04-03 15:05:03.660326,0 days 00:00:00.180223,2,1,threshold,0.9823486814939196,5.0,COMPLETE
775,-0.08832546178453776,2026-04-03 15:05:03.660456,2026-04-03 15:05:03.852346,0 days 00:00:00.191890,4,2,threshold,0.971428021795974,5.0,COMPLETE
776,0.41967669142897646,2026-04-03 15:05:03.852476,2026-04-03 15:05:04.030385,0 days 00:00:00.177909,2,1,threshold,0.9838145875715483,5.0,COMPLETE
777,0.41544396271822914,2026-04-03 15:05:04.030508,2026-04-03 15:05:04.209112,0 days 00:00:00.178604,2,1,threshold,0.9897032577943434,5.0,COMPLETE
778,0.39899235328739446,2026-04-03 15:05:04.209241,2026-04-03 15:05:04.389244,0 days 00:00:00.180003,2,1,threshold,0.9595792098317193,5.0,COMPLETE
779,0.41967669142897646,2026-04-03 15:05:04.389367,2026-04-03 15:05:04.569737,0 days 00:00:00.180370,2,1,threshold,0.97639109721888,5.0,COMPLETE
780,0.39899235328739446,2026-04-03 15:05:04.569870,2026-04-03 15:05:04.750897,0 days 00:00:00.181027,2,1,threshold,0.9669505368554618,5.0,COMPLETE
781,0.41967669142897646,2026-04-03 15:05:04.751025,2026-04-03 15:05:04.929457,0 days 00:00:00.178432,2,1,threshold,0.9769196792627254,5.0,COMPLETE
782,0.41967669142897646,2026-04-03 15:05:04.929591,2026-04-03 15:05:05.111275,0 days 00:00:00.181684,2,1,threshold,0.983134982426341,5.0,COMPLETE
783,0.15165970906839354,2026-04-03 15:05:05.111413,2026-04-03 15:05:05.301272,0 days 00:00:00.189859,3,1,threshold,0.9697260897566994,5.0,COMPLETE
784,0.34486972068947214,2026-04-03 15:05:05.301406,2026-04-03 15:05:05.482779,0 days 00:00:00.181373,2,1,threshold,0.7767466585938158,5.0,COMPLETE
785,0.39899235328739446,2026-04-03 15:05:05.482911,2026-04-03 15:05:05.664479,0 days 00:00:00.181568,2,1,threshold,0.9587182399390359,5.0,COMPLETE
786,0.41967669142897646,2026-04-03 15:05:05.664619,2026-04-03 15:05:05.846029,0 days 00:00:00.181410,2,1,threshold,0.9767618127063127,5.0,COMPLETE
787,0.41967669142897646,2026-04-03 15:05:05.846166,2026-04-03 15:05:06.031489,0 days 00:00:00.185323,2,1,threshold,0.9836250549709189,5.0,COMPLETE
788,0.39899235328739446,2026-04-03 15:05:06.031611,2026-04-03 15:05:06.217375,0 days 00:00:00.185764,2,1,threshold,0.9706933867666696,5.0,COMPLETE
789,0.39899235328739446,2026-04-03 15:05:06.217500,2026-04-03 15:05:06.396922,0 days 00:00:00.179422,2,1,threshold,0.9642043720766005,5.0,COMPLETE
790,0.41544396271822914,2026-04-03 15:05:06.397056,2026-04-03 15:05:06.615910,0 days 00:00:00.218854,2,1,threshold,0.989844566389669,5.0,COMPLETE
791,0.41967669142897646,2026-04-03 15:05:06.616046,2026-04-03 15:05:06.798300,0 days 00:00:00.182254,2,1,threshold,0.977894185910214,5.0,COMPLETE
792,0.41967669142897646,2026-04-03 15:05:06.798435,2026-04-03 15:05:06.976825,0 days 00:00:00.178390,2,1,threshold,0.972031131518551,5.0,COMPLETE
793,0.33225274938352234,2026-04-03 15:05:06.976964,2026-04-03 15:05:07.163536,0 days 00:00:00.186572,2,1,threshold,0.8871378000117177,5.0,COMPLETE
794,0.34486972068947214,2026-04-03 15:05:07.163670,2026-04-03 15:05:07.343894,0 days 00:00:00.180224,2,1,threshold,0.6074885379550407,5.0,COMPLETE
795,0.39899235328739446,2026-04-03 15:05:07.344026,2026-04-03 15:05:07.527905,0 days 00:00:00.183879,2,1,threshold,0.9537686982837191,5.0,COMPLETE
796,0.41967669142897646,2026-04-03 15:05:07.528042,2026-04-03 15:05:07.710324,0 days 00:00:00.182282,2,1,threshold,0.9823291874285721,5.0,COMPLETE
797,0.39899235328739446,2026-04-03 15:05:07.710459,2026-04-03 15:05:07.889108,0 days 00:00:00.178649,2,1,threshold,0.9637526158983455,5.0,COMPLETE
798,0.378942831524284,2026-04-03 15:05:07.889239,2026-04-03 15:05:08.070188,0 days 00:00:00.180949,2,1,threshold,0.9379963044473781,5.0,COMPLETE
799,0.41967669142897646,2026-04-03 15:05:08.070331,2026-04-03 15:05:08.250811,0 days 00:00:00.180480,2,1,threshold,0.9776851103702833,5.0,COMPLETE
800,0.41967669142897646,2026-04-03 15:05:08.250959,2026-04-03 15:05:08.431470,0 days 00:00:00.180511,2,1,threshold,0.9840041264192795,5.0,COMPLETE
801,0.39899235328739446,2026-04-03 15:05:08.431606,2026-04-03 15:05:08.619312,0 days 00:00:00.187706,2,1,threshold,0.9709671452938082,5.0,COMPLETE
802,0.41544396271822914,2026-04-03 15:05:08.619450,2026-04-03 15:05:08.808196,0 days 00:00:00.188746,2,1,threshold,0.9899747685235114,5.0,COMPLETE
803,0.41967669142897646,2026-04-03 15:05:08.808333,2026-04-03 15:05:08.990521,0 days 00:00:00.182188,2,1,threshold,0.9758078872304607,5.0,COMPLETE
804,0.39899235328739446,2026-04-03 15:05:08.990658,2026-04-03 15:05:09.173502,0 days 00:00:00.182844,2,1,threshold,0.9660585469294349,5.0,COMPLETE
805,0.41967669142897646,2026-04-03 15:05:09.173688,2026-04-03 15:05:09.358477,0 days 00:00:00.184789,2,1,threshold,0.9831255248480144,5.0,COMPLETE
806,0.41967669142897646,2026-04-03 15:05:09.358685,2026-04-03 15:05:09.563061,0 days 00:00:00.204376,2,1,threshold,0.9720837284185971,5.0,COMPLETE
807,0.39899235328739446,2026-04-03 15:05:09.563198,2026-04-03 15:05:09.742542,0 days 00:00:00.179344,2,1,threshold,0.9577499301921855,5.0,COMPLETE
808,0.39899235328739446,2026-04-03 15:05:09.742674,2026-04-03 15:05:09.923816,0 days 00:00:00.181142,2,1,threshold,0.9474059491301415,5.0,COMPLETE
809,-0.12108494375330338,2026-04-03 15:05:09.923986,2026-04-03 15:05:10.156930,0 days 00:00:00.232944,4,2,threshold,0.9788387213247658,5.0,COMPLETE
810,0.41544396271822914,2026-04-03 15:05:10.157067,2026-04-03 15:05:10.336507,0 days 00:00:00.179440,2,1,threshold,0.9898330084783628,5.0,COMPLETE
811,0.39899235328739446,2026-04-03 15:05:10.336640,2026-04-03 15:05:10.555089,0 days 00:00:00.218449,2,1,threshold,0.966996032465758,5.0,COMPLETE
812,0.41967669142897646,2026-04-03 15:05:10.555228,2026-04-03 15:05:10.740149,0 days 00:00:00.184921,2,1,threshold,0.9766505823788627,5.0,COMPLETE
813,0.41967669142897646,2026-04-03 15:05:10.740318,2026-04-03 15:05:10.930524,0 days 00:00:00.190206,2,1,threshold,0.9841624897426686,5.0,COMPLETE
814,0.39899235328739446,2026-04-03 15:05:10.930664,2026-04-03 15:05:11.147408,0 days 00:00:00.216744,2,1,threshold,0.9712818437976068,5.0,COMPLETE
815,0.39899235328739446,2026-04-03 15:05:11.147596,2026-04-03 15:05:11.373767,0 days 00:00:00.226171,2,1,threshold,0.9614202817997788,5.0,COMPLETE
816,0.41967669142897646,2026-04-03 15:05:11.373903,2026-04-03 15:05:11.570693,0 days 00:00:00.196790,2,1,threshold,0.9835062987130941,5.0,COMPLETE
817,0.41967669142897646,2026-04-03 15:05:11.570840,2026-04-03 15:05:11.798994,0 days 00:00:00.228154,2,1,threshold,0.9770176301075287,5.0,COMPLETE
818,0.39899235328739446,2026-04-03 15:05:11.799136,2026-04-03 15:05:11.998916,0 days 00:00:00.199780,2,1,threshold,0.9681046393121552,5.0,COMPLETE
819,0.39899235328739446,2026-04-03 15:05:11.999066,2026-04-03 15:05:12.195240,0 days 00:00:00.196174,2,1,threshold,0.95446053026891,5.0,COMPLETE
820,0.41967669142897646,2026-04-03 15:05:12.195380,2026-04-03 15:05:12.386689,0 days 00:00:00.191309,2,1,threshold,0.9780948527171671,5.0,COMPLETE
821,0.41967669142897646,2026-04-03 15:05:12.386825,2026-04-03 15:05:12.567839,0 days 00:00:00.181014,2,1,threshold,0.9843428192430514,5.0,COMPLETE
822,0.39899235328739446,2026-04-03 15:05:12.567973,2026-04-03 15:05:12.752621,0 days 00:00:00.184648,2,1,threshold,0.9700358428083449,5.0,COMPLETE
823,0.41544396271822914,2026-04-03 15:05:12.752748,2026-04-03 15:05:12.930822,0 days 00:00:00.178074,2,1,threshold,0.9898681292135971,5.0,COMPLETE
824,-0.07629386710262043,2026-04-03 15:05:12.930955,2026-04-03 15:05:13.118057,0 days 00:00:00.187102,3,1,threshold,0.9628875901628426,5.0,COMPLETE
825,0.41967669142897646,2026-04-03 15:05:13.118186,2026-04-03 15:05:13.295297,0 days 00:00:00.177111,2,1,threshold,0.9761979848758312,5.0,COMPLETE
826,0.41967669142897646,2026-04-03 15:05:13.295421,2026-04-03 15:05:13.477129,0 days 00:00:00.181708,2,1,threshold,0.9823091297784836,5.0,COMPLETE
827,0.41967669142897646,2026-04-03 15:05:13.477262,2026-04-03 15:05:13.679543,0 days 00:00:00.202281,2,1,threshold,0.9719555793060287,5.0,COMPLETE
828,0.39899235328739446,2026-04-03 15:05:13.679678,2026-04-03 15:05:13.910067,0 days 00:00:00.230389,2,1,threshold,0.9632575279308558,5.0,COMPLETE
829,0.41967669142897646,2026-04-03 15:05:13.910191,2026-04-03 15:05:14.086747,0 days 00:00:00.176556,2,1,threshold,0.9772763024280876,5.0,COMPLETE
830,0.41967669142897646,2026-04-03 15:05:14.086873,2026-04-03 15:05:14.265367,0 days 00:00:00.178494,2,1,threshold,0.9823216803274388,5.0,COMPLETE
831,0.39899235328739446,2026-04-03 15:05:14.265494,2026-04-03 15:05:14.444322,0 days 00:00:00.178828,2,1,threshold,0.9716347694294478,5.0,COMPLETE
832,0.39899235328739446,2026-04-03 15:05:14.444450,2026-04-03 15:05:14.622213,0 days 00:00:00.177763,2,1,threshold,0.9570503405096598,5.0,COMPLETE
833,0.41544396271822914,2026-04-03 15:05:14.622338,2026-04-03 15:05:14.800963,0 days 00:00:00.178625,2,1,threshold,0.9895405484735337,5.0,COMPLETE
834,0.39899235328739446,2026-04-03 15:05:14.801088,2026-04-03 15:05:14.980145,0 days 00:00:00.179057,2,1,threshold,0.96523271103918,5.0,COMPLETE
835,0.41967669142897646,2026-04-03 15:05:14.980279,2026-04-03 15:05:15.164008,0 days 00:00:00.183729,2,1,threshold,0.9832151133330418,5.0,COMPLETE
836,0.41967669142897646,2026-04-03 15:05:15.164129,2026-04-03 15:05:15.344736,0 days 00:00:00.180607,2,1,threshold,0.9743815094833579,5.0,COMPLETE
837,0.41544396271822914,2026-04-03 15:05:15.344857,2026-04-03 15:05:15.524366,0 days 00:00:00.179509,2,1,threshold,0.9897388355767458,5.0,COMPLETE
838,0.39899235328739446,2026-04-03 15:05:15.524492,2026-04-03 15:05:15.702833,0 days 00:00:00.178341,2,1,threshold,0.9478280696852837,5.0,COMPLETE
839,0.41967669142897646,2026-04-03 15:05:15.702961,2026-04-03 15:05:15.882271,0 days 00:00:00.179310,2,1,threshold,0.9777451932102498,5.0,COMPLETE
840,0.34486972068947214,2026-04-03 15:05:15.882415,2026-04-03 15:05:16.061443,0 days 00:00:00.179028,2,1,threshold,0.7934747156014866,5.0,COMPLETE
841,0.34486972068947214,2026-04-03 15:05:16.061567,2026-04-03 15:05:16.242332,0 days 00:00:00.180765,2,1,threshold,0.7195824241524863,5.0,COMPLETE
842,0.41967669142897646,2026-04-03 15:05:16.242455,2026-04-03 15:05:16.420850,0 days 00:00:00.178395,2,1,threshold,0.9739127086969958,5.0,COMPLETE
843,0.39899235328739446,2026-04-03 15:05:16.420974,2026-04-03 15:05:16.601426,0 days 00:00:00.180452,2,1,threshold,0.9659323286309391,5.0,COMPLETE
844,-0.08403770291509863,2026-04-03 15:05:16.601553,2026-04-03 15:05:16.817229,0 days 00:00:00.215676,5,2,threshold,0.9830134789421003,5.0,COMPLETE
845,0.39899235328739446,2026-04-03 15:05:16.817351,2026-04-03 15:05:16.997142,0 days 00:00:00.179791,2,1,threshold,0.9593895712174998,5.0,COMPLETE
846,0.39899235328739446,2026-04-03 15:05:16.997268,2026-04-03 15:05:17.174391,0 days 00:00:00.177123,2,1,threshold,0.9710054224779227,5.0,COMPLETE
847,0.41967669142897646,2026-04-03 15:05:17.174513,2026-04-03 15:05:17.391162,0 days 00:00:00.216649,2,1,threshold,0.9826786307553922,5.0,COMPLETE
848,0.41967669142897646,2026-04-03 15:05:17.391288,2026-04-03 15:05:17.571873,0 days 00:00:00.180585,2,1,threshold,0.9780979519965679,5.0,COMPLETE
849,0.39899235328739446,2026-04-03 15:05:17.571997,2026-04-03 15:05:17.749610,0 days 00:00:00.177613,2,1,threshold,0.9672952392265677,5.0,COMPLETE
850,0.41967669142897646,2026-04-03 15:05:17.749739,2026-04-03 15:05:17.927794,0 days 00:00:00.178055,2,1,threshold,0.9830719347663219,5.0,COMPLETE
851,0.41544396271822914,2026-04-03 15:05:17.927926,2026-04-03 15:05:18.104369,0 days 00:00:00.176443,2,1,threshold,0.9897507530714652,5.0,COMPLETE
852,0.41544396271822914,2026-04-03 15:05:18.104495,2026-04-03 15:05:18.281497,0 days 00:00:00.177002,2,1,threshold,0.989915311397047,5.0,COMPLETE
853,0.39899235328739446,2026-04-03 15:05:18.281624,2026-04-03 15:05:18.458426,0 days 00:00:00.176802,2,1,threshold,0.952742699192691,5.0,COMPLETE
854,0.41967669142897646,2026-04-03 15:05:18.458557,2026-04-03 15:05:18.638689,0 days 00:00:00.180132,2,1,threshold,0.9724119112030702,5.0,COMPLETE
855,0.39899235328739446,2026-04-03 15:05:18.638812,2026-04-03 15:05:18.815863,0 days 00:00:00.177051,2,1,threshold,0.9614001339979499,5.0,COMPLETE
856,0.41967669142897646,2026-04-03 15:05:18.815986,2026-04-03 15:05:18.993624,0 days 00:00:00.177638,2,1,threshold,0.977601922082672,5.0,COMPLETE
857,0.39899235328739446,2026-04-03 15:05:18.993768,2026-04-03 15:05:19.174292,0 days 00:00:00.180524,2,1,threshold,0.9705504638402892,5.0,COMPLETE
858,0.41967669142897646,2026-04-03 15:05:19.174416,2026-04-03 15:05:19.354174,0 days 00:00:00.179758,2,1,threshold,0.9794242794290716,5.0,COMPLETE
859,0.39899235328739446,2026-04-03 15:05:19.354299,2026-04-03 15:05:19.532160,0 days 00:00:00.177861,2,1,threshold,0.9668190102002457,5.0,COMPLETE
860,0.41967669142897646,2026-04-03 15:05:19.532299,2026-04-03 15:05:19.710782,0 days 00:00:00.178483,2,1,threshold,0.983339244502068,5.0,COMPLETE
861,0.15165970906839354,2026-04-03 15:05:19.710906,2026-04-03 15:05:19.895944,0 days 00:00:00.185038,3,1,threshold,0.9742686140567902,5.0,COMPLETE
862,0.374486011217683,2026-04-03 15:05:19.896068,2026-04-03 15:05:20.078032,0 days 00:00:00.181964,2,1,threshold,0.8677071969185155,5.0,COMPLETE
863,0.41544396271822914,2026-04-03 15:05:20.078164,2026-04-03 15:05:20.259029,0 days 00:00:00.180865,2,1,threshold,0.9899089723597096,5.0,COMPLETE
864,0.39899235328739446,2026-04-03 15:05:20.259151,2026-04-03 15:05:20.438610,0 days 00:00:00.179459,2,1,threshold,0.9589617995926533,5.0,COMPLETE
865,0.41967669142897646,2026-04-03 15:05:20.438737,2026-04-03 15:05:20.623197,0 days 00:00:00.184460,2,1,threshold,0.978341436410981,5.0,COMPLETE
866,0.39899235328739446,2026-04-03 15:05:20.623332,2026-04-03 15:05:20.839150,0 days 00:00:00.215818,2,1,threshold,0.9672714894104483,5.0,COMPLETE
867,0.41967669142897646,2026-04-03 15:05:20.839276,2026-04-03 15:05:21.019886,0 days 00:00:00.180610,2,1,threshold,0.9832097425768894,5.0,COMPLETE
868,0.41967669142897646,2026-04-03 15:05:21.020011,2026-04-03 15:05:21.198307,0 days 00:00:00.178296,2,1,threshold,0.972262143913214,5.0,COMPLETE
869,0.3460392110844696,2026-04-03 15:05:21.198434,2026-04-03 15:05:21.376236,0 days 00:00:00.177802,2,1,threshold,0.9198138495369164,5.0,COMPLETE
870,0.41967669142897646,2026-04-03 15:05:21.376362,2026-04-03 15:05:21.556848,0 days 00:00:00.180486,2,1,threshold,0.9765168483377278,5.0,COMPLETE
871,0.0,2026-04-03 15:05:21.556972,2026-04-03 15:05:21.778264,0 days 00:00:00.221292,6,1,threshold,0.9537794376533901,5.0,COMPLETE
872,0.39899235328739446,2026-04-03 15:05:21.778402,2026-04-03 15:05:21.956511,0 days 00:00:00.178109,2,1,threshold,0.9639241882509646,5.0,COMPLETE
873,0.41967669142897646,2026-04-03 15:05:21.956640,2026-04-03 15:05:22.136093,0 days 00:00:00.179453,2,1,threshold,0.9828320299948238,5.0,COMPLETE
874,0.39899235328739446,2026-04-03 15:05:22.136220,2026-04-03 15:05:22.314005,0 days 00:00:00.177785,2,1,threshold,0.9701272275180278,5.0,COMPLETE
875,0.41967669142897646,2026-04-03 15:05:22.314130,2026-04-03 15:05:22.492481,0 days 00:00:00.178351,2,1,threshold,0.978169319506934,5.0,COMPLETE
876,-0.12108494375330338,2026-04-03 15:05:22.492615,2026-04-03 15:05:22.687690,0 days 00:00:00.195075,4,2,threshold,0.9833946486207181,5.0,COMPLETE
877,0.39899235328739446,2026-04-03 15:05:22.687819,2026-04-03 15:05:22.864844,0 days 00:00:00.177025,2,1,threshold,0.9634703867864637,5.0,COMPLETE
878,0.0,2026-04-03 15:05:22.864980,2026-04-03 15:05:23.073828,0 days 00:00:00.208848,5,1,threshold,0.6493768958827341,5.0,COMPLETE
879,0.39899235328739446,2026-04-03 15:05:23.073956,2026-04-03 15:05:23.256568,0 days 00:00:00.182612,2,1,threshold,0.942415740581493,5.0,COMPLETE
880,0.41544396271822914,2026-04-03 15:05:23.256697,2026-04-03 15:05:23.434773,0 days 00:00:00.178076,2,1,threshold,0.9896341123113189,5.0,COMPLETE
881,0.41967669142897646,2026-04-03 15:05:23.434901,2026-04-03 15:05:23.614346,0 days 00:00:00.179445,2,1,threshold,0.9738680485360938,5.0,COMPLETE
882,0.41967669142897646,2026-04-03 15:05:23.614472,2026-04-03 15:05:23.793879,0 days 00:00:00.179407,2,1,threshold,0.9781755686293632,5.0,COMPLETE
883,0.39899235328739446,2026-04-03 15:05:23.794007,2026-04-03 15:05:23.972107,0 days 00:00:00.178100,2,1,threshold,0.968794307536269,5.0,COMPLETE
884,0.39899235328739446,2026-04-03 15:05:23.972231,2026-04-03 15:05:24.150883,0 days 00:00:00.178652,2,1,threshold,0.9572533958627379,5.0,COMPLETE
885,0.41967669142897646,2026-04-03 15:05:24.151006,2026-04-03 15:05:24.367260,0 days 00:00:00.216254,2,1,threshold,0.9834630884274969,5.0,COMPLETE
886,0.41967669142897646,2026-04-03 15:05:24.367390,2026-04-03 15:05:24.546468,0 days 00:00:00.179078,2,1,threshold,0.9748100547958272,5.0,COMPLETE
887,0.39899235328739446,2026-04-03 15:05:24.546590,2026-04-03 15:05:24.727427,0 days 00:00:00.180837,2,1,threshold,0.9656479031522213,5.0,COMPLETE
888,0.41967669142897646,2026-04-03 15:05:24.727559,2026-04-03 15:05:24.906657,0 days 00:00:00.179098,2,1,threshold,0.9824334377583909,5.0,COMPLETE
