number,value,datetime_start,datetime_complete,duration,params_hmm_components,params_hmm_favourable,params_hmm_gate,params_hmm_threshold,params_hmm_train_years,state
592,-0.15577940751535063,2026-04-03 15:04:27.406224,2026-04-03 15:04:27.620844,0 days 00:00:00.214620,5,3,threshold,0.9812695423646307,5.0,COMPLETE
593,0.41967669142897646,2026-04-03 15:04:27.620967,2026-04-03 15:04:27.800284,0 days 00:00:00.179317,2,1,threshold,0.9830568120552022,5.0,COMPLETE
594,0.39899235328739446,2026-04-03 15:04:27.800427,2026-04-03 15:04:27.979045,0 days 00:00:00.178618,2,1,threshold,0.9691322093950253,5.0,COMPLETE
595,-0.38704286956579015,2026-04-03 15:04:27.979173,2026-04-03 15:04:28.171005,0 days 00:00:00.191832,4,3,threshold,0.9603723160081729,5.0,COMPLETE
596,0.41967669142897646,2026-04-03 15:04:28.171133,2026-04-03 15:04:28.350592,0 days 00:00:00.179459,2,1,threshold,0.9776561983485718,5.0,COMPLETE
597,0.41544396271822914,2026-04-03 15:04:28.350715,2026-04-03 15:04:28.527489,0 days 00:00:00.176774,2,1,threshold,0.9899708798376002,5.0,COMPLETE
598,0.41967669142897646,2026-04-03 15:04:28.527622,2026-04-03 15:04:28.706154,0 days 00:00:00.178532,2,1,threshold,0.9723366067217174,5.0,COMPLETE
599,0.39899235328739446,2026-04-03 15:04:28.706305,2026-04-03 15:04:28.925820,0 days 00:00:00.219515,2,1,threshold,0.9656421243829016,5.0,COMPLETE
600,0.374486011217683,2026-04-03 15:04:28.925956,2026-04-03 15:04:29.105359,0 days 00:00:00.179403,2,1,threshold,0.8673269392604397,5.0,COMPLETE
601,0.41967669142897646,2026-04-03 15:04:29.105483,2026-04-03 15:04:29.282352,0 days 00:00:00.176869,2,1,threshold,0.9814227004113193,5.0,COMPLETE
602,0.41967669142897646,2026-04-03 15:04:29.282490,2026-04-03 15:04:29.463829,0 days 00:00:00.181339,2,1,threshold,0.9749432421900568,5.0,COMPLETE
603,0.39899235328739446,2026-04-03 15:04:29.463958,2026-04-03 15:04:29.663679,0 days 00:00:00.199721,2,1,threshold,0.9568073432229596,5.0,COMPLETE
604,0.15165970906839354,2026-04-03 15:04:29.663815,2026-04-03 15:04:29.866685,0 days 00:00:00.202870,3,1,threshold,0.9819936982229449,5.0,COMPLETE
605,0.39899235328739446,2026-04-03 15:04:29.866818,2026-04-03 15:04:30.046643,0 days 00:00:00.179825,2,1,threshold,0.9671308588240873,5.0,COMPLETE
606,0.41967669142897646,2026-04-03 15:04:30.046775,2026-04-03 15:04:30.287477,0 days 00:00:00.240702,2,1,threshold,0.9746807431101501,5.0,COMPLETE
607,0.41967669142897646,2026-04-03 15:04:30.287639,2026-04-03 15:04:30.471556,0 days 00:00:00.183917,2,1,threshold,0.9840788876441225,5.0,COMPLETE
608,0.39899235328739446,2026-04-03 15:04:30.471708,2026-04-03 15:04:30.655676,0 days 00:00:00.183968,2,1,threshold,0.9633673339069317,5.0,COMPLETE
609,0.41544396271822914,2026-04-03 15:04:30.655830,2026-04-03 15:04:30.916909,0 days 00:00:00.261079,2,1,threshold,0.9895429537262453,5.0,COMPLETE
610,0.41967669142897646,2026-04-03 15:04:30.917057,2026-04-03 15:04:31.099325,0 days 00:00:00.182268,2,1,threshold,0.9774133082569173,5.0,COMPLETE
611,0.39899235328739446,2026-04-03 15:04:31.099457,2026-04-03 15:04:31.292695,0 days 00:00:00.193238,2,1,threshold,0.9703455720866686,5.0,COMPLETE
612,0.39899235328739446,2026-04-03 15:04:31.293078,2026-04-03 15:04:31.488082,0 days 00:00:00.195004,2,1,threshold,0.9503977330744394,5.0,COMPLETE
613,0.41967669142897646,2026-04-03 15:04:31.488220,2026-04-03 15:04:31.682346,0 days 00:00:00.194126,2,1,threshold,0.9833742942158776,5.0,COMPLETE
614,0.41967669142897646,2026-04-03 15:04:31.682492,2026-04-03 15:04:31.903492,0 days 00:00:00.221000,2,1,threshold,0.9759735988295737,5.0,COMPLETE
615,0.39899235328739446,2026-04-03 15:04:31.903634,2026-04-03 15:04:32.152079,0 days 00:00:00.248445,2,1,threshold,0.9626908497686036,5.0,COMPLETE
616,0.34486972068947214,2026-04-03 15:04:32.152254,2026-04-03 15:04:32.417258,0 days 00:00:00.265004,2,1,threshold,0.7846020605797227,5.0,COMPLETE
617,0.41967669142897646,2026-04-03 15:04:32.417411,2026-04-03 15:04:32.640311,0 days 00:00:00.222900,2,1,threshold,0.9837251706080481,5.0,COMPLETE
618,0.39899235328739446,2026-04-03 15:04:32.640453,2026-04-03 15:04:32.924422,0 days 00:00:00.283969,2,1,threshold,0.971011907408887,5.0,COMPLETE
619,0.41544396271822914,2026-04-03 15:04:32.924568,2026-04-03 15:04:33.154635,0 days 00:00:00.230067,2,1,threshold,0.9897524088352209,5.0,COMPLETE
620,0.41967669142897646,2026-04-03 15:04:33.155034,2026-04-03 15:04:33.358243,0 days 00:00:00.203209,2,1,threshold,0.9776326838640955,5.0,COMPLETE
621,0.39899235328739446,2026-04-03 15:04:33.358378,2026-04-03 15:04:33.536795,0 days 00:00:00.178417,2,1,threshold,0.9590276676177715,5.0,COMPLETE
622,0.39899235328739446,2026-04-03 15:04:33.536925,2026-04-03 15:04:33.745747,0 days 00:00:00.208822,2,1,threshold,0.9694661712860303,5.0,COMPLETE
623,0.41967669142897646,2026-04-03 15:04:33.745887,2026-04-03 15:04:33.990215,0 days 00:00:00.244328,2,1,threshold,0.9777676940546204,5.0,COMPLETE
624,0.41967669142897646,2026-04-03 15:04:33.990356,2026-04-03 15:04:34.242602,0 days 00:00:00.252246,2,1,threshold,0.9836350002166095,5.0,COMPLETE
625,0.39899235328739446,2026-04-03 15:04:34.242763,2026-04-03 15:04:34.471412,0 days 00:00:00.228649,2,1,threshold,0.9673992177099029,5.0,COMPLETE
626,0.41544396271822914,2026-04-03 15:04:34.471556,2026-04-03 15:04:34.764783,0 days 00:00:00.293227,2,1,threshold,0.9897697732234141,5.0,COMPLETE
627,0.41967669142897646,2026-04-03 15:04:34.764917,2026-04-03 15:04:35.030912,0 days 00:00:00.265995,2,1,threshold,0.9765215395614281,5.0,COMPLETE
628,0.39899235328739446,2026-04-03 15:04:35.031038,2026-04-03 15:04:35.320980,0 days 00:00:00.289942,2,1,threshold,0.9703292125925728,5.0,COMPLETE
629,0.39899235328739446,2026-04-03 15:04:35.321129,2026-04-03 15:04:35.551548,0 days 00:00:00.230419,2,1,threshold,0.9550974339068906,5.0,COMPLETE
630,0.41967669142897646,2026-04-03 15:04:35.551726,2026-04-03 15:04:35.868723,0 days 00:00:00.316997,2,1,threshold,0.9790732128496712,5.0,COMPLETE
631,0.41967669142897646,2026-04-03 15:04:35.868956,2026-04-03 15:04:36.087167,0 days 00:00:00.218211,2,1,threshold,0.9832731027513418,5.0,COMPLETE
632,0.39899235328739446,2026-04-03 15:04:36.087305,2026-04-03 15:04:36.275937,0 days 00:00:00.188632,2,1,threshold,0.9626497467291176,5.0,COMPLETE
633,0.41967669142897646,2026-04-03 15:04:36.276075,2026-04-03 15:04:36.458899,0 days 00:00:00.182824,2,1,threshold,0.9725504732728558,5.0,COMPLETE
634,0.39899235328739446,2026-04-03 15:04:36.459033,2026-04-03 15:04:36.641700,0 days 00:00:00.182667,2,1,threshold,0.9431269765739768,5.0,COMPLETE
635,0.41967669142897646,2026-04-03 15:04:36.641836,2026-04-03 15:04:36.824137,0 days 00:00:00.182301,2,1,threshold,0.9843049285756099,5.0,COMPLETE
636,0.41544396271822914,2026-04-03 15:04:36.824310,2026-04-03 15:04:37.027082,0 days 00:00:00.202772,2,1,threshold,0.9898509960437205,5.0,COMPLETE
637,0.39899235328739446,2026-04-03 15:04:37.027222,2026-04-03 15:04:37.345347,0 days 00:00:00.318125,2,1,threshold,0.9660886672796622,5.0,COMPLETE
638,0.41967669142897646,2026-04-03 15:04:37.345490,2026-04-03 15:04:37.584426,0 days 00:00:00.238936,2,1,threshold,0.9757774411589973,5.0,COMPLETE
639,0.41967669142897646,2026-04-03 15:04:37.584617,2026-04-03 15:04:37.798853,0 days 00:00:00.214236,2,1,threshold,0.9789746958025798,5.0,COMPLETE
640,0.39899235328739446,2026-04-03 15:04:37.798989,2026-04-03 15:04:38.054512,0 days 00:00:00.255523,2,1,threshold,0.9579507619631625,5.0,COMPLETE
641,0.34486972068947214,2026-04-03 15:04:38.054642,2026-04-03 15:04:38.247776,0 days 00:00:00.193134,2,1,threshold,0.6613857320400498,5.0,COMPLETE
642,-0.05375414113426814,2026-04-03 15:04:38.247905,2026-04-03 15:04:38.432571,0 days 00:00:00.184666,6,2,threshold,0.9709340682569031,5.0,COMPLETE
643,0.41967669142897646,2026-04-03 15:04:38.432700,2026-04-03 15:04:38.609642,0 days 00:00:00.176942,2,1,threshold,0.9832159607899851,5.0,COMPLETE
644,0.33225274938352234,2026-04-03 15:04:38.609783,2026-04-03 15:04:38.804499,0 days 00:00:00.194716,2,1,threshold,0.8812293960982897,5.0,COMPLETE
645,0.39899235328739446,2026-04-03 15:04:38.804630,2026-04-03 15:04:38.981993,0 days 00:00:00.177363,2,1,threshold,0.9634121557524539,5.0,COMPLETE
646,0.41967669142897646,2026-04-03 15:04:38.982117,2026-04-03 15:04:39.207220,0 days 00:00:00.225103,2,1,threshold,0.9757970226974741,5.0,COMPLETE
647,0.41544396271822914,2026-04-03 15:04:39.207416,2026-04-03 15:04:39.416919,0 days 00:00:00.209503,2,1,threshold,0.9897882041120587,5.0,COMPLETE
648,0.39899235328739446,2026-04-03 15:04:39.417051,2026-04-03 15:04:39.594184,0 days 00:00:00.177133,2,1,threshold,0.9702944465092196,5.0,COMPLETE
649,0.41967669142897646,2026-04-03 15:04:39.594318,2026-04-03 15:04:39.773066,0 days 00:00:00.178748,2,1,threshold,0.9812946068723016,5.0,COMPLETE
650,0.41967669142897646,2026-04-03 15:04:39.773198,2026-04-03 15:04:39.951148,0 days 00:00:00.177950,2,1,threshold,0.9767748852442093,5.0,COMPLETE
651,0.17695878944383003,2026-04-03 15:04:39.951274,2026-04-03 15:04:40.168509,0 days 00:00:00.217235,5,4,threshold,0.9652683153880047,5.0,COMPLETE
652,0.39899235328739446,2026-04-03 15:04:40.168633,2026-04-03 15:04:40.482660,0 days 00:00:00.314027,2,1,threshold,0.9535392726322904,5.0,COMPLETE
653,0.15165970906839354,2026-04-03 15:04:40.482849,2026-04-03 15:04:40.742538,0 days 00:00:00.259689,3,1,threshold,0.9831495922648151,5.0,COMPLETE
654,0.41967669142897646,2026-04-03 15:04:40.742679,2026-04-03 15:04:40.923700,0 days 00:00:00.181021,2,1,threshold,0.9732403567875388,5.0,COMPLETE
655,0.41967669142897646,2026-04-03 15:04:40.923827,2026-04-03 15:04:41.126128,0 days 00:00:00.202301,2,1,threshold,0.9823785690877311,5.0,COMPLETE
656,0.39899235328739446,2026-04-03 15:04:41.126265,2026-04-03 15:04:41.407622,0 days 00:00:00.281357,2,1,threshold,0.9676411934341751,5.0,COMPLETE
657,0.39899235328739446,2026-04-03 15:04:41.407777,2026-04-03 15:04:41.591227,0 days 00:00:00.183450,2,1,threshold,0.9593493036818759,5.0,COMPLETE
658,-0.12108494375330338,2026-04-03 15:04:41.591360,2026-04-03 15:04:41.781591,0 days 00:00:00.190231,4,2,threshold,0.9766352563908185,5.0,COMPLETE
659,0.41967669142897646,2026-04-03 15:04:41.781720,2026-04-03 15:04:41.966211,0 days 00:00:00.184491,2,1,threshold,0.9833773995070517,5.0,COMPLETE
660,0.41544396271822914,2026-04-03 15:04:41.966338,2026-04-03 15:04:42.152033,0 days 00:00:00.185695,2,1,threshold,0.9898084387968812,5.0,COMPLETE
661,0.39899235328739446,2026-04-03 15:04:42.152188,2026-04-03 15:04:42.335990,0 days 00:00:00.183802,2,1,threshold,0.9708685503412499,5.0,COMPLETE
662,0.41967669142897646,2026-04-03 15:04:42.336127,2026-04-03 15:04:42.516139,0 days 00:00:00.180012,2,1,threshold,0.9764952422507838,5.0,COMPLETE
663,0.39899235328739446,2026-04-03 15:04:42.516277,2026-04-03 15:04:42.714317,0 days 00:00:00.198040,2,1,threshold,0.9652474523888238,5.0,COMPLETE
664,0.39899235328739446,2026-04-03 15:04:42.714503,2026-04-03 15:04:42.958392,0 days 00:00:00.243889,2,1,threshold,0.9485453776477829,5.0,COMPLETE
665,0.41544396271822914,2026-04-03 15:04:42.958579,2026-04-03 15:04:43.315821,0 days 00:00:00.357242,2,1,threshold,0.9899388558524648,5.0,COMPLETE
666,0.41967669142897646,2026-04-03 15:04:43.315992,2026-04-03 15:04:43.498476,0 days 00:00:00.182484,2,1,threshold,0.9777852082651064,5.0,COMPLETE
667,0.39899235328739446,2026-04-03 15:04:43.498612,2026-04-03 15:04:43.682325,0 days 00:00:00.183713,2,1,threshold,0.9703808920394086,5.0,COMPLETE
668,0.39899235328739446,2026-04-03 15:04:43.682468,2026-04-03 15:04:43.861891,0 days 00:00:00.179423,2,1,threshold,0.9588037938361337,5.0,COMPLETE
669,0.41967669142897646,2026-04-03 15:04:43.862027,2026-04-03 15:04:44.043333,0 days 00:00:00.181306,2,1,threshold,0.9839625423855312,5.0,COMPLETE
670,0.41967669142897646,2026-04-03 15:04:44.043467,2026-04-03 15:04:44.221974,0 days 00:00:00.178507,2,1,threshold,0.9764484806307585,5.0,COMPLETE
671,0.39899235328739446,2026-04-03 15:04:44.222109,2026-04-03 15:04:44.400680,0 days 00:00:00.178571,2,1,threshold,0.9656136336925872,5.0,COMPLETE
672,0.41967669142897646,2026-04-03 15:04:44.400814,2026-04-03 15:04:44.584566,0 days 00:00:00.183752,2,1,threshold,0.9834225490533239,5.0,COMPLETE
673,0.374486011217683,2026-04-03 15:04:44.584703,2026-04-03 15:04:44.768525,0 days 00:00:00.183822,2,1,threshold,0.8492665163375288,5.0,COMPLETE
674,0.41967669142897646,2026-04-03 15:04:44.768676,2026-04-03 15:04:44.954353,0 days 00:00:00.185677,2,1,threshold,0.9738163415934697,5.0,COMPLETE
675,0.15165970906839354,2026-04-03 15:04:44.954493,2026-04-03 15:04:45.217685,0 days 00:00:00.263192,3,1,threshold,0.9823289472998273,5.0,COMPLETE
676,0.41544396271822914,2026-04-03 15:04:45.217839,2026-04-03 15:04:45.407653,0 days 00:00:00.189814,2,1,threshold,0.9897931166148752,5.0,COMPLETE
677,0.39899235328739446,2026-04-03 15:04:45.407791,2026-04-03 15:04:45.602167,0 days 00:00:00.194376,2,1,threshold,0.9695173603064616,5.0,COMPLETE
678,0.39899235328739446,2026-04-03 15:04:45.602330,2026-04-03 15:04:45.804733,0 days 00:00:00.202403,2,1,threshold,0.959767525438889,5.0,COMPLETE
679,0.41967669142897646,2026-04-03 15:04:45.804863,2026-04-03 15:04:46.025776,0 days 00:00:00.220913,2,1,threshold,0.9770677718629153,5.0,COMPLETE
680,0.39899235328739446,2026-04-03 15:04:46.025927,2026-04-03 15:04:46.217675,0 days 00:00:00.191748,2,1,threshold,0.9693078891665141,5.0,COMPLETE
681,0.41967669142897646,2026-04-03 15:04:46.217819,2026-04-03 15:04:46.401372,0 days 00:00:00.183553,2,1,threshold,0.9825873290920821,5.0,COMPLETE
682,0.39899235328739446,2026-04-03 15:04:46.401507,2026-04-03 15:04:46.584674,0 days 00:00:00.183167,2,1,threshold,0.9510155225446539,5.0,COMPLETE
683,0.39899235328739446,2026-04-03 15:04:46.584828,2026-04-03 15:04:46.775191,0 days 00:00:00.190363,2,1,threshold,0.963175399847453,5.0,COMPLETE
684,0.41967669142897646,2026-04-03 15:04:46.775517,2026-04-03 15:04:46.961061,0 days 00:00:00.185544,2,1,threshold,0.9756370124345836,5.0,COMPLETE
685,0.41967669142897646,2026-04-03 15:04:46.961503,2026-04-03 15:04:47.159165,0 days 00:00:00.197662,2,1,threshold,0.9825231734109766,5.0,COMPLETE
686,0.41967669142897646,2026-04-03 15:04:47.159305,2026-04-03 15:04:47.343115,0 days 00:00:00.183810,2,1,threshold,0.9725304717965821,5.0,COMPLETE
687,0.41967669142897646,2026-04-03 15:04:47.343241,2026-04-03 15:04:47.541409,0 days 00:00:00.198168,2,1,threshold,0.9839561635623,5.0,COMPLETE
688,0.41544396271822914,2026-04-03 15:04:47.541577,2026-04-03 15:04:47.729634,0 days 00:00:00.188057,2,1,threshold,0.9897746540862251,5.0,COMPLETE
689,0.39899235328739446,2026-04-03 15:04:47.729769,2026-04-03 15:04:47.910216,0 days 00:00:00.180447,2,1,threshold,0.9643648008615324,5.0,COMPLETE
690,-0.059883473817099006,2026-04-03 15:04:47.910349,2026-04-03 15:04:48.100986,0 days 00:00:00.190637,4,2,threshold,0.910257320909459,5.0,COMPLETE
691,0.41967669142897646,2026-04-03 15:04:48.101108,2026-04-03 15:04:48.284463,0 days 00:00:00.183355,2,1,threshold,0.9766703590524721,5.0,COMPLETE
692,0.39899235328739446,2026-04-03 15:04:48.284591,2026-04-03 15:04:48.463818,0 days 00:00:00.179227,2,1,threshold,0.9560918321412224,5.0,COMPLETE
693,0.39899235328739446,2026-04-03 15:04:48.463944,2026-04-03 15:04:48.646704,0 days 00:00:00.182760,2,1,threshold,0.9709343639859468,5.0,COMPLETE
694,0.41967669142897646,2026-04-03 15:04:48.646874,2026-04-03 15:04:48.828776,0 days 00:00:00.181902,2,1,threshold,0.9790476969425305,5.0,COMPLETE
695,0.41544396271822914,2026-04-03 15:04:48.828903,2026-04-03 15:04:49.053634,0 days 00:00:00.224731,2,1,threshold,0.9896713885068201,5.0,COMPLETE
696,0.39899235328739446,2026-04-03 15:04:49.054049,2026-04-03 15:04:49.283818,0 days 00:00:00.229769,2,1,threshold,0.9683180207412851,5.0,COMPLETE
697,0.41967669142897646,2026-04-03 15:04:49.283949,2026-04-03 15:04:49.459979,0 days 00:00:00.176030,2,1,threshold,0.9791827480767122,5.0,COMPLETE
698,0.39899235328739446,2026-04-03 15:04:49.460111,2026-04-03 15:04:49.643864,0 days 00:00:00.183753,2,1,threshold,0.9615979246450699,5.0,COMPLETE
699,0.41967669142897646,2026-04-03 15:04:49.644193,2026-04-03 15:04:49.822684,0 days 00:00:00.178491,2,1,threshold,0.9740514862344515,5.0,COMPLETE
700,0.34486972068947214,2026-04-03 15:04:49.822812,2026-04-03 15:04:49.998690,0 days 00:00:00.175878,2,1,threshold,0.802082892143989,5.0,COMPLETE
701,0.41967669142897646,2026-04-03 15:04:49.998820,2026-04-03 15:04:50.177754,0 days 00:00:00.178934,2,1,threshold,0.983145090153778,5.0,COMPLETE
702,0.39899235328739446,2026-04-03 15:04:50.177893,2026-04-03 15:04:50.359490,0 days 00:00:00.181597,2,1,threshold,0.9700925627365939,5.0,COMPLETE
703,0.41967669142897646,2026-04-03 15:04:50.359624,2026-04-03 15:04:50.536030,0 days 00:00:00.176406,2,1,threshold,0.9820791754653095,5.0,COMPLETE
704,0.41544396271822914,2026-04-03 15:04:50.536164,2026-04-03 15:04:50.712079,0 days 00:00:00.175915,2,1,threshold,0.9898303303048671,5.0,COMPLETE
705,0.34486972068947214,2026-04-03 15:04:50.712205,2026-04-03 15:04:50.888979,0 days 00:00:00.176774,2,1,threshold,0.6304302292862711,5.0,COMPLETE
706,0.39899235328739446,2026-04-03 15:04:50.889109,2026-04-03 15:04:51.070418,0 days 00:00:00.181309,2,1,threshold,0.9624890266901455,5.0,COMPLETE
707,0.41967669142897646,2026-04-03 15:04:51.070546,2026-04-03 15:04:51.245667,0 days 00:00:00.175121,2,1,threshold,0.9766031905927075,5.0,COMPLETE
708,0.41967669142897646,2026-04-03 15:04:51.245806,2026-04-03 15:04:51.422974,0 days 00:00:00.177168,2,1,threshold,0.9719410962487517,5.0,COMPLETE
709,0.39899235328739446,2026-04-03 15:04:51.423100,2026-04-03 15:04:51.603517,0 days 00:00:00.180417,2,1,threshold,0.9527505424578915,5.0,COMPLETE
710,0.41967669142897646,2026-04-03 15:04:51.603638,2026-04-03 15:04:51.779900,0 days 00:00:00.176262,2,1,threshold,0.9826503042921502,5.0,COMPLETE
711,0.39899235328739446,2026-04-03 15:04:51.780023,2026-04-03 15:04:51.961857,0 days 00:00:00.181834,2,1,threshold,0.9662573066463334,5.0,COMPLETE
712,0.39899235328739446,2026-04-03 15:04:51.961984,2026-04-03 15:04:52.139328,0 days 00:00:00.177344,2,1,threshold,0.9431767517238261,5.0,COMPLETE
713,0.34486972068947214,2026-04-03 15:04:52.139461,2026-04-03 15:04:52.317473,0 days 00:00:00.178012,2,1,threshold,0.755108228937474,5.0,COMPLETE
714,0.41967669142897646,2026-04-03 15:04:52.317593,2026-04-03 15:04:52.535484,0 days 00:00:00.217891,2,1,threshold,0.9765926394699846,5.0,COMPLETE
715,0.41544396271822914,2026-04-03 15:04:52.535625,2026-04-03 15:04:52.713559,0 days 00:00:00.177934,2,1,threshold,0.9899899109555571,5.0,COMPLETE
716,0.39899235328739446,2026-04-03 15:04:52.713688,2026-04-03 15:04:52.888625,0 days 00:00:00.174937,2,1,threshold,0.9572230528986948,5.0,COMPLETE
717,0.39899235328739446,2026-04-03 15:04:52.888752,2026-04-03 15:04:53.066948,0 days 00:00:00.178196,2,1,threshold,0.9697021553045361,5.0,COMPLETE
718,0.41967669142897646,2026-04-03 15:04:53.067079,2026-04-03 15:04:53.248255,0 days 00:00:00.181176,2,1,threshold,0.9823474983859122,5.0,COMPLETE
719,0.41967669142897646,2026-04-03 15:04:53.248395,2026-04-03 15:04:53.430043,0 days 00:00:00.181648,2,1,threshold,0.9760964869029549,5.0,COMPLETE
720,0.39899235328739446,2026-04-03 15:04:53.430177,2026-04-03 15:04:53.612067,0 days 00:00:00.181890,2,1,threshold,0.9640636337596933,5.0,COMPLETE
721,0.34486972068947214,2026-04-03 15:04:53.612212,2026-04-03 15:04:53.792398,0 days 00:00:00.180186,2,1,threshold,0.7011825563638101,5.0,COMPLETE
722,0.34486972068947214,2026-04-03 15:04:53.792520,2026-04-03 15:04:53.977671,0 days 00:00:00.185151,2,1,threshold,0.8339517447246262,5.0,COMPLETE
723,0.15165970906839354,2026-04-03 15:04:53.977801,2026-04-03 15:04:54.162442,0 days 00:00:00.184641,3,1,threshold,0.9828102078250252,5.0,COMPLETE
724,0.41967669142897646,2026-04-03 15:04:54.162569,2026-04-03 15:04:54.342371,0 days 00:00:00.179802,2,1,threshold,0.9726929450580203,5.0,COMPLETE
725,0.41967669142897646,2026-04-03 15:04:54.342501,2026-04-03 15:04:54.518322,0 days 00:00:00.175821,2,1,threshold,0.9836594372188102,5.0,COMPLETE
726,0.39899235328739446,2026-04-03 15:04:54.518456,2026-04-03 15:04:54.695833,0 days 00:00:00.177377,2,1,threshold,0.9664524187973859,5.0,COMPLETE
727,-0.1513691644246719,2026-04-03 15:04:54.695962,2026-04-03 15:04:54.912807,0 days 00:00:00.216845,5,2,threshold,0.9768049157757066,5.0,COMPLETE
728,0.378942831524284,2026-04-03 15:04:54.912936,2026-04-03 15:04:55.089229,0 days 00:00:00.176293,2,1,threshold,0.9321267891830339,5.0,COMPLETE
729,0.39899235328739446,2026-04-03 15:04:55.089356,2026-04-03 15:04:55.266641,0 days 00:00:00.177285,2,1,threshold,0.9571383800497409,5.0,COMPLETE
730,0.34486972068947214,2026-04-03 15:04:55.266767,2026-04-03 15:04:55.444243,0 days 00:00:00.177476,2,1,threshold,0.6715196461641526,5.0,COMPLETE
731,0.41967669142897646,2026-04-03 15:04:55.444375,2026-04-03 15:04:55.624038,0 days 00:00:00.179663,2,1,threshold,0.9830383837896557,5.0,COMPLETE
732,0.39899235328739446,2026-04-03 15:04:55.624180,2026-04-03 15:04:55.805755,0 days 00:00:00.181575,2,1,threshold,0.9709326347036269,5.0,COMPLETE
733,0.41967669142897646,2026-04-03 15:04:55.805886,2026-04-03 15:04:56.020733,0 days 00:00:00.214847,2,1,threshold,0.9788367393001776,5.0,COMPLETE
734,0.41544396271822914,2026-04-03 15:04:56.020862,2026-04-03 15:04:56.197090,0 days 00:00:00.176228,2,1,threshold,0.9899414564916369,5.0,COMPLETE
735,0.39899235328739446,2026-04-03 15:04:56.197221,2026-04-03 15:04:56.374596,0 days 00:00:00.177375,2,1,threshold,0.9635015909888375,5.0,COMPLETE
736,0.41967669142897646,2026-04-03 15:04:56.374726,2026-04-03 15:04:56.557658,0 days 00:00:00.182932,2,1,threshold,0.9752057226875029,5.0,COMPLETE
737,0.41967669142897646,2026-04-03 15:04:56.557790,2026-04-03 15:04:56.736755,0 days 00:00:00.178965,2,1,threshold,0.983174554048588,5.0,COMPLETE
738,0.39899235328739446,2026-04-03 15:04:56.736898,2026-04-03 15:04:56.911971,0 days 00:00:00.175073,2,1,threshold,0.9705735221783064,5.0,COMPLETE
739,0.41544396271822914,2026-04-03 15:04:56.912095,2026-04-03 15:04:57.090360,0 days 00:00:00.178265,2,1,threshold,0.9898393966362672,5.0,COMPLETE
