number,value,datetime_start,datetime_complete,duration,params_hmm_components,params_hmm_favourable,params_hmm_gate,params_hmm_threshold,params_hmm_train_years,state
0,-999.0,2026-04-03 17:36:31.124410,2026-04-03 17:36:31.125342,0 days 00:00:00.000932,4,3,threshold,0.9524791518535967,5.0,COMPLETE
1,-999.0,2026-04-03 17:36:31.125447,2026-04-03 17:36:31.125654,0 days 00:00:00.000207,6,1,threshold,0.8718392328470683,5.0,COMPLETE
2,-999.0,2026-04-03 17:36:31.125739,2026-04-03 17:36:31.125902,0 days 00:00:00.000163,2,1,threshold,0.9712646604084909,5.0,COMPLETE
3,-999.0,2026-04-03 17:36:31.125980,2026-04-03 17:36:31.126158,0 days 00:00:00.000178,6,4,threshold,0.8528818292014123,5.0,COMPLETE
4,-999.0,2026-04-03 17:36:31.126235,2026-04-03 17:36:31.126412,0 days 00:00:00.000177,8,6,threshold,0.8797274754949587,5.0,COMPLETE
5,-999.0,2026-04-03 17:36:31.126489,2026-04-03 17:36:31.126669,0 days 00:00:00.000180,3,1,threshold,0.8925939140143353,5.0,COMPLETE
6,-999.0,2026-04-03 17:36:31.126745,2026-04-03 17:36:31.126920,0 days 00:00:00.000175,5,2,threshold,0.8907720796277259,5.0,COMPLETE
7,-999.0,2026-04-03 17:36:31.126996,2026-04-03 17:36:31.127169,0 days 00:00:00.000173,6,1,threshold,0.8909002507949305,5.0,COMPLETE
8,-999.0,2026-04-03 17:36:31.127245,2026-04-03 17:36:31.127420,0 days 00:00:00.000175,4,2,threshold,0.9599246345950219,5.0,COMPLETE
9,-999.0,2026-04-03 17:36:31.127499,2026-04-03 17:36:31.127673,0 days 00:00:00.000174,3,2,threshold,0.9329380396406859,5.0,COMPLETE
10,-999.0,2026-04-03 17:36:31.127752,2026-04-03 17:36:31.131050,0 days 00:00:00.003298,8,5,threshold,0.9329310120503098,5.0,COMPLETE
11,-999.0,2026-04-03 17:36:31.131152,2026-04-03 17:36:31.132855,0 days 00:00:00.001703,6,3,threshold,0.9526477682166329,5.0,COMPLETE
12,-999.0,2026-04-03 17:36:31.132941,2026-04-03 17:36:31.134728,0 days 00:00:00.001787,5,3,threshold,0.9839051204322998,5.0,COMPLETE
13,-999.0,2026-04-03 17:36:31.134810,2026-04-03 17:36:31.136480,0 days 00:00:00.001670,7,4,threshold,0.8525422595149097,5.0,COMPLETE
14,-999.0,2026-04-03 17:36:31.136574,2026-04-03 17:36:31.138865,0 days 00:00:00.002291,4,1,threshold,0.9146891927505537,5.0,COMPLETE
15,-999.0,2026-04-03 17:36:31.138983,2026-04-03 17:36:31.140642,0 days 00:00:00.001659,4,2,threshold,0.9168261581113045,5.0,COMPLETE
16,-999.0,2026-04-03 17:36:31.140721,2026-04-03 17:36:31.142315,0 days 00:00:00.001594,7,5,threshold,0.9421253683784004,5.0,COMPLETE
17,-999.0,2026-04-03 17:36:31.142392,2026-04-03 17:36:31.143507,0 days 00:00:00.001115,2,1,threshold,0.8641597683896991,5.0,COMPLETE
18,-999.0,2026-04-03 17:36:31.143586,2026-04-03 17:36:31.145658,0 days 00:00:00.002072,5,3,threshold,0.9059021415574738,5.0,COMPLETE
19,-999.0,2026-04-03 17:36:31.145737,2026-04-03 17:36:31.147336,0 days 00:00:00.001599,7,4,threshold,0.9861454914223371,5.0,COMPLETE
20,-999.0,2026-04-03 17:36:31.147415,2026-04-03 17:36:31.149004,0 days 00:00:00.001589,3,1,threshold,0.8714272182979037,5.0,COMPLETE
21,-999.0,2026-04-03 17:36:31.149081,2026-04-03 17:36:31.150962,0 days 00:00:00.001881,2,1,threshold,0.9661060400118352,5.0,COMPLETE
22,-999.0,2026-04-03 17:36:31.151068,2026-04-03 17:36:31.152271,0 days 00:00:00.001203,2,1,threshold,0.9728573001099476,5.0,COMPLETE
23,-999.0,2026-04-03 17:36:31.152350,2026-04-03 17:36:31.153989,0 days 00:00:00.001639,4,2,threshold,0.9465548491368496,5.0,COMPLETE
24,-999.0,2026-04-03 17:36:31.154065,2026-04-03 17:36:31.155701,0 days 00:00:00.001636,3,1,threshold,0.9760544661725352,5.0,COMPLETE
25,-999.0,2026-04-03 17:36:31.155776,2026-04-03 17:36:31.157459,0 days 00:00:00.001683,5,3,threshold,0.9276430835835583,5.0,COMPLETE
26,-999.0,2026-04-03 17:36:31.157536,2026-04-03 17:36:31.159206,0 days 00:00:00.001670,6,2,threshold,0.9612809715251052,5.0,COMPLETE
27,-999.0,2026-04-03 17:36:31.159290,2026-04-03 17:36:31.160394,0 days 00:00:00.001104,2,1,threshold,0.9043902258540469,5.0,COMPLETE
28,-999.0,2026-04-03 17:36:31.160470,2026-04-03 17:36:31.162113,0 days 00:00:00.001643,3,1,threshold,0.943876319964684,5.0,COMPLETE
29,-999.0,2026-04-03 17:36:31.162192,2026-04-03 17:36:31.163985,0 days 00:00:00.001793,6,2,threshold,0.9703955038645069,5.0,COMPLETE
30,-999.0,2026-04-03 17:36:31.164090,2026-04-03 17:36:31.165830,0 days 00:00:00.001740,5,3,threshold,0.9538653015319466,5.0,COMPLETE
31,-999.0,2026-04-03 17:36:31.165913,2026-04-03 17:36:31.167610,0 days 00:00:00.001697,8,7,threshold,0.8508137805183132,5.0,COMPLETE
32,-999.0,2026-04-03 17:36:31.167687,2026-04-03 17:36:31.169415,0 days 00:00:00.001728,6,4,threshold,0.8637824399985113,5.0,COMPLETE
33,-999.0,2026-04-03 17:36:31.169495,2026-04-03 17:36:31.171354,0 days 00:00:00.001859,7,5,threshold,0.8824016444068326,5.0,COMPLETE
34,-999.0,2026-04-03 17:36:31.171442,2026-04-03 17:36:31.187633,0 days 00:00:00.016191,6,4,threshold,0.8767769875755741,5.0,COMPLETE
35,-999.0,2026-04-03 17:36:31.187745,2026-04-03 17:36:31.189578,0 days 00:00:00.001833,4,2,threshold,0.8593752944787285,5.0,COMPLETE
36,-999.0,2026-04-03 17:36:31.189664,2026-04-03 17:36:31.191728,0 days 00:00:00.002064,5,3,threshold,0.8842650747520039,5.0,COMPLETE
37,-999.0,2026-04-03 17:36:31.191825,2026-04-03 17:36:31.193712,0 days 00:00:00.001887,7,5,threshold,0.867574704458632,5.0,COMPLETE
38,-999.0,2026-04-03 17:36:31.193822,2026-04-03 17:36:31.195674,0 days 00:00:00.001852,6,4,threshold,0.9031244787053895,5.0,COMPLETE
39,-999.0,2026-04-03 17:36:31.195751,2026-04-03 17:36:31.197471,0 days 00:00:00.001720,3,1,threshold,0.978526225698774,5.0,COMPLETE
40,-999.0,2026-04-03 17:36:31.197548,2026-04-03 17:36:31.199402,0 days 00:00:00.001854,4,2,threshold,0.8552119032983023,5.0,COMPLETE
41,-999.0,2026-04-03 17:36:31.199483,2026-04-03 17:36:31.201237,0 days 00:00:00.001754,8,7,threshold,0.8909688152337676,5.0,COMPLETE
42,-999.0,2026-04-03 17:36:31.201314,2026-04-03 17:36:31.203128,0 days 00:00:00.001814,8,6,threshold,0.8734920597510439,5.0,COMPLETE
43,-999.0,2026-04-03 17:36:31.203221,2026-04-03 17:36:31.205210,0 days 00:00:00.001989,7,5,threshold,0.8791242723080761,5.0,COMPLETE
44,-999.0,2026-04-03 17:36:31.205296,2026-04-03 17:36:31.207059,0 days 00:00:00.001763,5,3,threshold,0.8602988754071182,5.0,COMPLETE
45,-999.0,2026-04-03 17:36:31.207134,2026-04-03 17:36:31.208912,0 days 00:00:00.001778,6,4,threshold,0.8974395651850948,5.0,COMPLETE
46,-999.0,2026-04-03 17:36:31.208988,2026-04-03 17:36:31.210746,0 days 00:00:00.001758,7,6,threshold,0.9306145827111978,5.0,COMPLETE
47,-999.0,2026-04-03 17:36:31.210821,2026-04-03 17:36:31.212737,0 days 00:00:00.001916,4,2,threshold,0.9373744432931513,5.0,COMPLETE
48,-999.0,2026-04-03 17:36:31.212822,2026-04-03 17:36:31.214656,0 days 00:00:00.001834,5,3,threshold,0.9213685765747651,5.0,COMPLETE
49,-999.0,2026-04-03 17:36:31.214737,2026-04-03 17:36:31.216535,0 days 00:00:00.001798,8,5,threshold,0.9896457759873363,5.0,COMPLETE
50,-999.0,2026-04-03 17:36:31.216626,2026-04-03 17:36:31.218988,0 days 00:00:00.002362,7,6,threshold,0.9545922639175284,5.0,COMPLETE
51,-999.0,2026-04-03 17:36:31.219082,2026-04-03 17:36:31.220959,0 days 00:00:00.001877,3,1,threshold,0.8893206036773569,5.0,COMPLETE
52,-999.0,2026-04-03 17:36:31.221038,2026-04-03 17:36:31.222848,0 days 00:00:00.001810,3,1,threshold,0.8697204357934348,5.0,COMPLETE
53,-999.0,2026-04-03 17:36:31.222925,2026-04-03 17:36:31.224166,0 days 00:00:00.001241,2,1,threshold,0.8920840505592224,5.0,COMPLETE
54,-999.0,2026-04-03 17:36:31.224243,2026-04-03 17:36:31.225569,0 days 00:00:00.001326,2,1,threshold,0.9113349170854123,5.0,COMPLETE
55,-999.0,2026-04-03 17:36:31.225648,2026-04-03 17:36:31.227478,0 days 00:00:00.001830,4,1,threshold,0.9615304087661696,5.0,COMPLETE
56,-999.0,2026-04-03 17:36:31.227554,2026-04-03 17:36:31.229399,0 days 00:00:00.001845,3,1,threshold,0.8571089586763493,5.0,COMPLETE
57,-999.0,2026-04-03 17:36:31.229481,2026-04-03 17:36:31.231136,0 days 00:00:00.001655,2,1,threshold,0.8981308800767785,5.0,COMPLETE
58,-999.0,2026-04-03 17:36:31.231239,2026-04-03 17:36:31.233098,0 days 00:00:00.001859,4,2,threshold,0.8862953066009771,5.0,COMPLETE
59,-999.0,2026-04-03 17:36:31.233178,2026-04-03 17:36:31.235018,0 days 00:00:00.001840,3,1,threshold,0.8744542658661915,5.0,COMPLETE
60,-999.0,2026-04-03 17:36:31.235093,2026-04-03 17:36:31.236978,0 days 00:00:00.001885,5,3,threshold,0.8500519806600663,5.0,COMPLETE
61,-999.0,2026-04-03 17:36:31.237054,2026-04-03 17:36:31.238889,0 days 00:00:00.001835,5,2,threshold,0.8802231284790119,5.0,COMPLETE
62,-999.0,2026-04-03 17:36:31.238981,2026-04-03 17:36:31.240837,0 days 00:00:00.001856,6,2,threshold,0.8640635795802897,5.0,COMPLETE
63,-999.0,2026-04-03 17:36:31.240914,2026-04-03 17:36:31.243023,0 days 00:00:00.002109,4,2,threshold,0.8683610120077964,5.0,COMPLETE
64,-999.0,2026-04-03 17:36:31.243125,2026-04-03 17:36:31.245167,0 days 00:00:00.002042,6,3,threshold,0.9120755411994504,5.0,COMPLETE
65,-999.0,2026-04-03 17:36:31.245250,2026-04-03 17:36:31.246517,0 days 00:00:00.001267,2,1,threshold,0.8947966610620107,5.0,COMPLETE
66,-999.0,2026-04-03 17:36:31.246597,2026-04-03 17:36:31.248567,0 days 00:00:00.001970,5,1,threshold,0.949712376843443,5.0,COMPLETE
67,-999.0,2026-04-03 17:36:31.248646,2026-04-03 17:36:31.250609,0 days 00:00:00.001963,4,2,threshold,0.9810673195825472,5.0,COMPLETE
68,-999.0,2026-04-03 17:36:31.250690,2026-04-03 17:36:31.252575,0 days 00:00:00.001885,3,1,threshold,0.9651647225492446,5.0,COMPLETE
69,-999.0,2026-04-03 17:36:31.252650,2026-04-03 17:36:31.254516,0 days 00:00:00.001866,5,3,threshold,0.9239615001271733,5.0,COMPLETE
70,-999.0,2026-04-03 17:36:31.254593,2026-04-03 17:36:31.256678,0 days 00:00:00.002085,4,2,threshold,0.9070286494871659,5.0,COMPLETE
71,-999.0,2026-04-03 17:36:31.256780,2026-04-03 17:36:31.258795,0 days 00:00:00.002015,6,4,threshold,0.8830951504357745,5.0,COMPLETE
72,-999.0,2026-04-03 17:36:31.258874,2026-04-03 17:36:31.260784,0 days 00:00:00.001910,6,1,threshold,0.88864709453289,5.0,COMPLETE
73,-999.0,2026-04-03 17:36:31.260862,2026-04-03 17:36:31.262949,0 days 00:00:00.002087,7,1,threshold,0.8785216862951134,5.0,COMPLETE
74,-999.0,2026-04-03 17:36:31.263034,2026-04-03 17:36:31.265057,0 days 00:00:00.002023,6,1,threshold,0.901874450928219,5.0,COMPLETE
75,-999.0,2026-04-03 17:36:31.265136,2026-04-03 17:36:31.267065,0 days 00:00:00.001929,7,2,threshold,0.9690938379201631,5.0,COMPLETE
76,-999.0,2026-04-03 17:36:31.267141,2026-04-03 17:36:31.269116,0 days 00:00:00.001975,5,3,threshold,0.9379937652162401,5.0,COMPLETE
77,-999.0,2026-04-03 17:36:31.269193,2026-04-03 17:36:31.271400,0 days 00:00:00.002207,6,4,threshold,0.8755111537096598,5.0,COMPLETE
78,-999.0,2026-04-03 17:36:31.271495,2026-04-03 17:36:31.272834,0 days 00:00:00.001339,2,1,threshold,0.8997555655750047,5.0,COMPLETE
79,-999.0,2026-04-03 17:36:31.272913,2026-04-03 17:36:31.274856,0 days 00:00:00.001943,8,5,threshold,0.8867364030949,5.0,COMPLETE
80,-999.0,2026-04-03 17:36:31.274943,2026-04-03 17:36:31.276895,0 days 00:00:00.001952,3,1,threshold,0.8706035576285165,5.0,COMPLETE
81,-999.0,2026-04-03 17:36:31.276970,2026-04-03 17:36:31.278930,0 days 00:00:00.001960,4,2,threshold,0.9733041650794192,5.0,COMPLETE
82,-999.0,2026-04-03 17:36:31.279019,2026-04-03 17:36:31.280994,0 days 00:00:00.001975,5,1,threshold,0.9581182444070604,5.0,COMPLETE
83,-999.0,2026-04-03 17:36:31.281148,2026-04-03 17:36:31.283392,0 days 00:00:00.002244,4,2,threshold,0.8544653847603001,5.0,COMPLETE
84,-999.0,2026-04-03 17:36:31.283499,2026-04-03 17:36:31.285619,0 days 00:00:00.002120,5,2,threshold,0.8952595580148554,5.0,COMPLETE
85,-999.0,2026-04-03 17:36:31.285697,2026-04-03 17:36:31.287669,0 days 00:00:00.001972,3,1,threshold,0.9628151678368744,5.0,COMPLETE
86,-999.0,2026-04-03 17:36:31.287753,2026-04-03 17:36:31.289793,0 days 00:00:00.002040,6,3,threshold,0.9555312020096567,5.0,COMPLETE
87,-999.0,2026-04-03 17:36:31.289875,2026-04-03 17:36:31.291912,0 days 00:00:00.002037,7,4,threshold,0.9080471860318512,5.0,COMPLETE
88,-999.0,2026-04-03 17:36:31.291992,2026-04-03 17:36:31.293957,0 days 00:00:00.001965,4,2,threshold,0.949527863505689,5.0,COMPLETE
89,-999.0,2026-04-03 17:36:31.294032,2026-04-03 17:36:31.296127,0 days 00:00:00.002095,3,1,threshold,0.9760008376540884,5.0,COMPLETE
90,-999.0,2026-04-03 17:36:31.296213,2026-04-03 17:36:31.298349,0 days 00:00:00.002136,6,3,threshold,0.8609376652262447,5.0,COMPLETE
91,-999.0,2026-04-03 17:36:31.298437,2026-04-03 17:36:31.299789,0 days 00:00:00.001352,2,1,threshold,0.9435946886639297,5.0,COMPLETE
92,-999.0,2026-04-03 17:36:31.299867,2026-04-03 17:36:31.301881,0 days 00:00:00.002014,3,1,threshold,0.9392184952336402,5.0,COMPLETE
93,-999.0,2026-04-03 17:36:31.301956,2026-04-03 17:36:31.303327,0 days 00:00:00.001371,2,1,threshold,0.9343934317899509,5.0,COMPLETE
94,-999.0,2026-04-03 17:36:31.303404,2026-04-03 17:36:31.305432,0 days 00:00:00.002028,4,2,threshold,0.9694775155276372,5.0,COMPLETE
95,-999.0,2026-04-03 17:36:31.305509,2026-04-03 17:36:31.307565,0 days 00:00:00.002056,5,2,threshold,0.8816615690104932,5.0,COMPLETE
96,-999.0,2026-04-03 17:36:31.307641,2026-04-03 17:36:31.309814,0 days 00:00:00.002173,8,4,threshold,0.8931116086493615,5.0,COMPLETE
97,-999.0,2026-04-03 17:36:31.309911,2026-04-03 17:36:31.312146,0 days 00:00:00.002235,3,1,threshold,0.8652301131686176,5.0,COMPLETE
98,-999.0,2026-04-03 17:36:31.312228,2026-04-03 17:36:31.314287,0 days 00:00:00.002059,4,2,threshold,0.9178561705743762,5.0,COMPLETE
99,-999.0,2026-04-03 17:36:31.314364,2026-04-03 17:36:31.316612,0 days 00:00:00.002248,3,1,threshold,0.9588710424617701,5.0,COMPLETE
100,-999.0,2026-04-03 17:36:31.316695,2026-04-03 17:36:31.318783,0 days 00:00:00.002088,6,3,threshold,0.9504452494386265,5.0,COMPLETE
101,-999.0,2026-04-03 17:36:31.318859,2026-04-03 17:36:31.320881,0 days 00:00:00.002022,8,6,threshold,0.9461503153831806,5.0,COMPLETE
102,-999.0,2026-04-03 17:36:31.320955,2026-04-03 17:36:31.323085,0 days 00:00:00.002130,8,7,threshold,0.9296344779815404,5.0,COMPLETE
103,-999.0,2026-04-03 17:36:31.323175,2026-04-03 17:36:31.325374,0 days 00:00:00.002199,8,5,threshold,0.9841749866860875,5.0,COMPLETE
104,-999.0,2026-04-03 17:36:31.325458,2026-04-03 17:36:31.327497,0 days 00:00:00.002039,8,6,threshold,0.8847017553169763,5.0,COMPLETE
105,-999.0,2026-04-03 17:36:31.327572,2026-04-03 17:36:31.329759,0 days 00:00:00.002187,7,5,threshold,0.9266239999688977,5.0,COMPLETE
106,-999.0,2026-04-03 17:36:31.329843,2026-04-03 17:36:31.331996,0 days 00:00:00.002153,7,4,threshold,0.9335996649500596,5.0,COMPLETE
107,-999.0,2026-04-03 17:36:31.332073,2026-04-03 17:36:31.334139,0 days 00:00:00.002066,6,4,threshold,0.8884801794224134,5.0,COMPLETE
108,-999.0,2026-04-03 17:36:31.334213,2026-04-03 17:36:31.336489,0 days 00:00:00.002276,5,2,threshold,0.8730598027716768,5.0,COMPLETE
109,-999.0,2026-04-03 17:36:31.336581,2026-04-03 17:36:31.338201,0 days 00:00:00.001620,2,1,threshold,0.8768746898829175,5.0,COMPLETE
110,-999.0,2026-04-03 17:36:31.338291,2026-04-03 17:36:31.340405,0 days 00:00:00.002114,4,2,threshold,0.9663836735873306,5.0,COMPLETE
111,-999.0,2026-04-03 17:36:31.340481,2026-04-03 17:36:31.342618,0 days 00:00:00.002137,6,3,threshold,0.9514294186099029,5.0,COMPLETE
112,-999.0,2026-04-03 17:36:31.342694,2026-04-03 17:36:31.344783,0 days 00:00:00.002089,6,3,threshold,0.9465758806291487,5.0,COMPLETE
113,-999.0,2026-04-03 17:36:31.344858,2026-04-03 17:36:31.346954,0 days 00:00:00.002096,6,3,threshold,0.957170309487275,5.0,COMPLETE
114,-999.0,2026-04-03 17:36:31.347029,2026-04-03 17:36:31.349156,0 days 00:00:00.002127,6,3,threshold,0.95324081350788,5.0,COMPLETE
115,-999.0,2026-04-03 17:36:31.349235,2026-04-03 17:36:31.351745,0 days 00:00:00.002510,5,3,threshold,0.9204953366726552,5.0,COMPLETE
116,-999.0,2026-04-03 17:36:31.351839,2026-04-03 17:36:31.353942,0 days 00:00:00.002103,3,1,threshold,0.9005784538880939,5.0,COMPLETE
117,-999.0,2026-04-03 17:36:31.354025,2026-04-03 17:36:31.356151,0 days 00:00:00.002126,8,6,threshold,0.8970678222319106,5.0,COMPLETE
118,-999.0,2026-04-03 17:36:31.356227,2026-04-03 17:36:31.358397,0 days 00:00:00.002170,7,5,threshold,0.942291429903738,5.0,COMPLETE
119,-999.0,2026-04-03 17:36:31.358476,2026-04-03 17:36:31.360608,0 days 00:00:00.002132,5,2,threshold,0.9604685244115193,5.0,COMPLETE
120,-999.0,2026-04-03 17:36:31.360685,2026-04-03 17:36:31.362169,0 days 00:00:00.001484,2,1,threshold,0.9144616891211905,5.0,COMPLETE
121,-999.0,2026-04-03 17:36:31.362252,2026-04-03 17:36:31.364631,0 days 00:00:00.002379,5,3,threshold,0.9811986119812532,5.0,COMPLETE
122,-999.0,2026-04-03 17:36:31.364728,2026-04-03 17:36:31.366916,0 days 00:00:00.002188,4,2,threshold,0.9861902749983456,5.0,COMPLETE
123,-999.0,2026-04-03 17:36:31.366993,2026-04-03 17:36:31.369171,0 days 00:00:00.002178,5,3,threshold,0.9747776866572146,5.0,COMPLETE
124,-999.0,2026-04-03 17:36:31.369249,2026-04-03 17:36:31.371409,0 days 00:00:00.002160,5,3,threshold,0.964790957566894,5.0,COMPLETE
125,-999.0,2026-04-03 17:36:31.371485,2026-04-03 17:36:31.373653,0 days 00:00:00.002168,6,3,threshold,0.9722909128134005,5.0,COMPLETE
126,-999.0,2026-04-03 17:36:31.373738,2026-04-03 17:36:31.376365,0 days 00:00:00.002627,7,4,threshold,0.8577729203745948,5.0,COMPLETE
127,-999.0,2026-04-03 17:36:31.376489,2026-04-03 17:36:31.378762,0 days 00:00:00.002273,4,2,threshold,0.9793013495250854,5.0,COMPLETE
128,-999.0,2026-04-03 17:36:31.378840,2026-04-03 17:36:31.381017,0 days 00:00:00.002177,3,1,threshold,0.8664972883922805,5.0,COMPLETE
129,-999.0,2026-04-03 17:36:31.381103,2026-04-03 17:36:31.383422,0 days 00:00:00.002319,6,4,threshold,0.891246093922954,5.0,COMPLETE
130,-999.0,2026-04-03 17:36:31.383505,2026-04-03 17:36:31.385719,0 days 00:00:00.002214,5,3,threshold,0.9054652910815932,5.0,COMPLETE
131,-999.0,2026-04-03 17:36:31.385812,2026-04-03 17:36:31.388088,0 days 00:00:00.002276,8,5,threshold,0.8522423940994801,5.0,COMPLETE
132,-999.0,2026-04-03 17:36:31.388166,2026-04-03 17:36:31.390673,0 days 00:00:00.002507,7,4,threshold,0.8625538236103519,5.0,COMPLETE
133,-999.0,2026-04-03 17:36:31.390773,2026-04-03 17:36:31.393029,0 days 00:00:00.002256,7,4,threshold,0.8523170687404452,5.0,COMPLETE
134,-999.0,2026-04-03 17:36:31.393117,2026-04-03 17:36:31.395321,0 days 00:00:00.002204,8,6,threshold,0.8560428476725017,5.0,COMPLETE
135,-999.0,2026-04-03 17:36:31.395398,2026-04-03 17:36:31.397656,0 days 00:00:00.002258,6,3,threshold,0.8788464082731715,5.0,COMPLETE
136,-999.0,2026-04-03 17:36:31.397733,2026-04-03 17:36:31.399903,0 days 00:00:00.002170,6,3,threshold,0.9897665444124765,5.0,COMPLETE
137,-999.0,2026-04-03 17:36:31.399979,2026-04-03 17:36:31.402157,0 days 00:00:00.002178,8,4,threshold,0.9460768010499789,5.0,COMPLETE
138,-999.0,2026-04-03 17:36:31.402234,2026-04-03 17:36:31.403987,0 days 00:00:00.001753,2,1,threshold,0.8853725205892006,5.0,COMPLETE
139,-999.0,2026-04-03 17:36:31.404083,2026-04-03 17:36:31.406331,0 days 00:00:00.002248,5,2,threshold,0.8596751864505805,5.0,COMPLETE
140,-999.0,2026-04-03 17:36:31.406409,2026-04-03 17:36:31.408647,0 days 00:00:00.002238,4,2,threshold,0.939473634480566,5.0,COMPLETE
141,-999.0,2026-04-03 17:36:31.408721,2026-04-03 17:36:31.411109,0 days 00:00:00.002388,4,1,threshold,0.9244906474901785,5.0,COMPLETE
142,-999.0,2026-04-03 17:36:31.411192,2026-04-03 17:36:31.413528,0 days 00:00:00.002336,4,1,threshold,0.9350863244602566,5.0,COMPLETE
143,-999.0,2026-04-03 17:36:31.413608,2026-04-03 17:36:31.415927,0 days 00:00:00.002319,3,1,threshold,0.8930443653342771,5.0,COMPLETE
144,-999.0,2026-04-03 17:36:31.416043,2026-04-03 17:36:31.419195,0 days 00:00:00.003152,6,1,threshold,0.9106758373762092,5.0,COMPLETE
145,-999.0,2026-04-03 17:36:31.419305,2026-04-03 17:36:31.421676,0 days 00:00:00.002371,4,2,threshold,0.8688078450876898,5.0,COMPLETE
146,-999.0,2026-04-03 17:36:31.421763,2026-04-03 17:36:31.424033,0 days 00:00:00.002270,6,1,threshold,0.8817106417672359,5.0,COMPLETE
147,-999.0,2026-04-03 17:36:31.424111,2026-04-03 17:36:31.426671,0 days 00:00:00.002560,7,5,threshold,0.9623466780290789,5.0,COMPLETE
148,-999.0,2026-04-03 17:36:31.426816,2026-04-03 17:36:31.429111,0 days 00:00:00.002295,5,1,threshold,0.9676405744600128,5.0,COMPLETE
149,-999.0,2026-04-03 17:36:31.429189,2026-04-03 17:36:31.431962,0 days 00:00:00.002773,4,2,threshold,0.872042976598879,5.0,COMPLETE
150,-999.0,2026-04-03 17:36:31.432073,2026-04-03 17:36:31.434379,0 days 00:00:00.002306,8,4,threshold,0.9546969001274108,5.0,COMPLETE
151,-999.0,2026-04-03 17:36:31.434459,2026-04-03 17:36:31.436784,0 days 00:00:00.002325,4,2,threshold,0.9223688411729762,5.0,COMPLETE
152,-999.0,2026-04-03 17:36:31.436860,2026-04-03 17:36:31.439279,0 days 00:00:00.002419,4,2,threshold,0.8950769325274832,5.0,COMPLETE
153,-999.0,2026-04-03 17:36:31.439365,2026-04-03 17:36:31.441694,0 days 00:00:00.002329,3,1,threshold,0.916653114460061,5.0,COMPLETE
154,-999.0,2026-04-03 17:36:31.441775,2026-04-03 17:36:31.444346,0 days 00:00:00.002571,4,2,threshold,0.9027397969257437,5.0,COMPLETE
155,-999.0,2026-04-03 17:36:31.444456,2026-04-03 17:36:31.447026,0 days 00:00:00.002570,5,3,threshold,0.8875478030680471,5.0,COMPLETE
156,-999.0,2026-04-03 17:36:31.447108,2026-04-03 17:36:31.449420,0 days 00:00:00.002312,4,2,threshold,0.9277345050190207,5.0,COMPLETE
157,-999.0,2026-04-03 17:36:31.449499,2026-04-03 17:36:31.451101,0 days 00:00:00.001602,2,1,threshold,0.9187201572395046,5.0,COMPLETE
158,-999.0,2026-04-03 17:36:31.451177,2026-04-03 17:36:31.453605,0 days 00:00:00.002428,6,3,threshold,0.9315189899392491,5.0,COMPLETE
159,-999.0,2026-04-03 17:36:31.453687,2026-04-03 17:36:31.456075,0 days 00:00:00.002388,4,1,threshold,0.9710639412659555,5.0,COMPLETE
160,-999.0,2026-04-03 17:36:31.456159,2026-04-03 17:36:31.458818,0 days 00:00:00.002659,3,1,threshold,0.9100436444446134,5.0,COMPLETE
161,-999.0,2026-04-03 17:36:31.458996,2026-04-03 17:36:31.461391,0 days 00:00:00.002395,8,7,threshold,0.9411216819941923,5.0,COMPLETE
